<?xml version="1.0" encoding="UTF-8"?>
<robot generator="Robot 7.4.2 (Python 3.9.6 on darwin)" generated="2026-08-27T14:44:23.558112" rpa="false" schemaversion="5">
<suite id="s1" name="Ccil &amp; Rebook">
<suite id="s1-s1" name="Ccil" source="/Users/1639796/code/scb/test/51358-ratanone-autotest-api-cn/standalone-ratan-subsets/suites/ccil">
<suite id="s1-s1-s1" name="CN-API-CCILNetting script" source="/Users/1639796/code/scb/test/51358-ratanone-autotest-api-cn/standalone-ratan-subsets/suites/ccil/CN-API-CCILNetting_script.robot">
<test id="s1-s1-s1-t1" name="CN-API-CCILNetting-Guaranteed-001" line="16">
<kw name="Reset Backend State" owner="__import__" type="SETUP">
<kw name="Reset Backend State Impl" owner="ccil_backend">
<status status="PASS" start="2026-08-27T14:44:23.594256" elapsed="0.000051"/>
</kw>
<status status="PASS" start="2026-08-27T14:44:23.593941" elapsed="0.000398"/>
</kw>
<kw name="Generate Random String" owner="String">
<msg time="2026-08-27T14:44:23.594539" level="INFO">${oriTradeId} = 27334150</msg>
<var>${oriTradeId}</var>
<arg>length=8</arg>
<arg>chars=[NUMBERS]</arg>
<doc>Generates a string with a desired ``length`` from the given ``chars``.</doc>
<status status="PASS" start="2026-08-27T14:44:23.594403" elapsed="0.000150"/>
</kw>
<kw name="Log To Console" owner="BuiltIn">
<arg>\n***********oriTradeId: ${oriTradeId}</arg>
<doc>Logs the given message to the console.</doc>
<status status="PASS" start="2026-08-27T14:44:23.594613" elapsed="0.000125"/>
</kw>
<kw name="OffsetTimeJumpWeekend" owner="ccil_backend">
<msg time="2026-08-27T14:44:23.594903" level="INFO">${mxgCurrentDate} = 20260827</msg>
<var>${mxgCurrentDate}</var>
<arg>offset_time=0/0/0</arg>
<arg>output_format=%Y%m%d</arg>
<arg>currency=${validCcy}</arg>
<status status="PASS" start="2026-08-27T14:44:23.594788" elapsed="0.000127"/>
</kw>
<kw name="Comment" owner="BuiltIn">
<arg>******************** build guaranteed cashflows</arg>
<doc>Displays the given messages in the log file as keyword arguments.</doc>
<status status="PASS" start="2026-08-27T14:44:23.594972" elapsed="0.000077"/>
</kw>
<kw name="GenCashflowCNByGroupForMurex" owner="ccil_backend">
<msg time="2026-08-27T14:44:23.596355" level="INFO">${cashflowList} = ['100000000001', '100000000002', '100000000003']</msg>
<msg time="2026-08-27T14:44:23.596375" level="INFO">${flows} = 
&lt;flow&gt;Flowid:FLOW1, status:SNTR, value_date:20260827&lt;/flow&gt;
&lt;flow&gt;Flowid:FLOW2, status:SNTR, value_date:20260827&lt;/flow&gt;
&lt;flow&gt;Flowid:FLOW3, status:SNTR, value_date:20260827&lt;/flow&gt;</msg>
<msg time="2026-08-27T14:44:23.596393" level="INFO">${flowList} = ['FLOW1', 'FLOW2', 'FLOW3']</msg>
<var>${cashflowList}</var>
<var>${flows}</var>
<var>${flowList}</var>
<arg>valueDateList=${{["${mxgCurrentDate}","${mxgCurrentDate}","${mxgCurrentDate}"]}}</arg>
<arg>statusInFlowList=${{["SNTR","SNTR","SNTR"]}}</arg>
<arg>counterpartyList=${{"${guaranteedCounterparty}","${guaranteedCounterparty}","${guaranteedCounterparty}"}}</arg>
<arg>isCreditList=${{["N","N","Y"]}}</arg>
<arg>transactionFamily=${validFamily}</arg>
<arg>transactionGroup=${validGroup}</arg>
<arg>entityFMID=${validBookingEntity}</arg>
<arg>currency=${validCcy}</arg>
<arg>validationLevel=COMP</arg>
<arg>TrnOrginalID=${oriTradeId}</arg>
<arg>tradeId=${oriTradeId}</arg>
<status status="PASS" start="2026-08-27T14:44:23.595100" elapsed="0.001302"/>
</kw>
<kw name="Comment" owner="BuiltIn">
<arg>******************** Check Guaranteed cashflow: Pending Netting</arg>
<doc>Displays the given messages in the log file as keyword arguments.</doc>
<status status="PASS" start="2026-08-27T14:44:23.596473" elapsed="0.000083"/>
</kw>
<kw name="CheckSettMethodAndSubStateTypeOfCf" owner="ccil_checks">
<for flavor="IN">
<iter>
<kw name="WaitUntilCashflowToStatus" owner="ccil_backend">
<msg time="2026-08-27T14:44:23.597031" level="INFO">${response} = &lt;ccil_backend.Response object at 0x10376b6d0&gt;</msg>
<var>${response}</var>
<arg>cashflowId=${element}</arg>
<arg>${jPathInCfDetails_cfSubStatType}=${expectedSubStat}</arg>
<arg>${jPathInCfDetails_SettlementMethod}=${expectedSettMethod}</arg>
<status status="PASS" start="2026-08-27T14:44:23.596867" elapsed="0.000177"/>
</kw>
<var name="${element}">100000000001</var>
<status status="PASS" start="2026-08-27T14:44:23.596833" elapsed="0.000228"/>
</iter>
<iter>
<kw name="WaitUntilCashflowToStatus" owner="ccil_backend">
<msg time="2026-08-27T14:44:23.597288" level="INFO">${response} = &lt;ccil_backend.Response object at 0x10376b910&gt;</msg>
<var>${response}</var>
<arg>cashflowId=${element}</arg>
<arg>${jPathInCfDetails_cfSubStatType}=${expectedSubStat}</arg>
<arg>${jPathInCfDetails_SettlementMethod}=${expectedSettMethod}</arg>
<status status="PASS" start="2026-08-27T14:44:23.597134" elapsed="0.000165"/>
</kw>
<var name="${element}">100000000002</var>
<status status="PASS" start="2026-08-27T14:44:23.597098" elapsed="0.000216"/>
</iter>
<iter>
<kw name="WaitUntilCashflowToStatus" owner="ccil_backend">
<msg time="2026-08-27T14:44:23.597527" level="INFO">${response} = &lt;ccil_backend.Response object at 0x10376ba90&gt;</msg>
<var>${response}</var>
<arg>cashflowId=${element}</arg>
<arg>${jPathInCfDetails_cfSubStatType}=${expectedSubStat}</arg>
<arg>${jPathInCfDetails_SettlementMethod}=${expectedSettMethod}</arg>
<status status="PASS" start="2026-08-27T14:44:23.597372" elapsed="0.000167"/>
</kw>
<var name="${element}">100000000003</var>
<status status="PASS" start="2026-08-27T14:44:23.597342" elapsed="0.000214"/>
</iter>
<var>${element}</var>
<value>@{cashflowList}</value>
<status status="PASS" start="2026-08-27T14:44:23.596780" elapsed="0.000787"/>
</for>
<arg>${SubStatType_PendingAutoNetting}</arg>
<arg>${SettlementMthod_CCIL}</arg>
<arg>@{cashflowList}</arg>
<status status="PASS" start="2026-08-27T14:44:23.596642" elapsed="0.000948"/>
</kw>
<kw name="Comment" owner="BuiltIn">
<arg>******************** user do netting</arg>
<doc>Displays the given messages in the log file as keyword arguments.</doc>
<status status="PASS" start="2026-08-27T14:44:23.597647" elapsed="0.000084"/>
</kw>
<kw name="DoNetWithCashflowList" owner="ccil_backend">
<msg time="2026-08-27T14:44:23.597899" level="INFO">${response} = &lt;ccil_backend.Response object at 0x10372fdf0&gt;</msg>
<msg time="2026-08-27T14:44:23.597920" level="INFO">${resultantCashflow} = 100000000004</msg>
<var>${response}</var>
<var>${resultantCashflow}</var>
<arg>@{cashflowList}</arg>
<status status="PASS" start="2026-08-27T14:44:23.597804" elapsed="0.000128"/>
</kw>
<kw name="Comment" owner="BuiltIn">
<arg>******************* check the stack value of BIC netting resulatant scbml is "FMRPMUREX"</arg>
<doc>Displays the given messages in the log file as keyword arguments.</doc>
<status status="PASS" start="2026-08-27T14:44:23.597990" elapsed="0.000077"/>
</kw>
<kw name="check_kafkaValue_ByJsonPath" owner="ccil_backend">
<arg>Cash_Settlement_Orchestration_Process_In</arg>
<arg>${resultantCashflow}</arg>
<arg>$.${stackVaule_Ratan_lifecycle}</arg>
<arg>FMRPMUREX</arg>
<status status="PASS" start="2026-08-27T14:44:23.598119" elapsed="0.000086"/>
</kw>
<kw name="Comment" owner="BuiltIn">
<arg>******************** Check CCIL Neting result</arg>
<doc>Displays the given messages in the log file as keyword arguments.</doc>
<status status="PASS" start="2026-08-27T14:44:23.598265" elapsed="0.000081"/>
</kw>
<kw name="CheckCCILNettingResult" owner="ccil_checks">
<kw name="WaitUntilCashflowToStatus" owner="ccil_backend">
<msg time="2026-08-27T14:44:23.598896" level="INFO">${responseOfRstntCf} = &lt;ccil_backend.Response object at 0x1037795b0&gt;</msg>
<var>${responseOfRstntCf}</var>
<arg>cashflowId=${resultantCf}</arg>
<arg>${excpInCfDetails_NetCashflow}=${excpCategory_OTHER}</arg>
<arg>${jPathInCfDetails_Amount}=${amount}</arg>
<arg>${jPathInCfDetails_PayReceiveIndicator}=${payAndRecive}</arg>
<arg>${jPathInCfDetails_CounterpartyFMID}=400021949</arg>
<arg>${jPathInCfDetails_cfSubStatType}=${SubStatType_PendingException}</arg>
<status status="PASS" start="2026-08-27T14:44:23.598584" elapsed="0.000325"/>
</kw>
<kw name="GetFieldValueFromCfDetails" owner="ccil_backend">
<msg time="2026-08-27T14:44:23.599046" level="INFO">${nettingIdOfRstntCf} = NET-00001</msg>
<var>${nettingIdOfRstntCf}</var>
<arg>${responseOfRstntCf}</arg>
<arg>${jPathInCfDetails_nettingId}</arg>
<status status="PASS" start="2026-08-27T14:44:23.598960" elapsed="0.000128"/>
</kw>
<kw name="Should Contain" owner="BuiltIn">
<arg>${nettingIdOfRstntCf}</arg>
<arg>NET-</arg>
<doc>Fails if ``container`` does not contain ``item`` one or more times.</doc>
<status status="PASS" start="2026-08-27T14:44:23.599136" elapsed="0.000162"/>
</kw>
<for flavor="IN">
<iter>
<kw name="WaitUntilCashflowToStatus" owner="ccil_backend">
<msg time="2026-08-27T14:44:23.599500" level="INFO">${response} = &lt;ccil_backend.Response object at 0x103779af0&gt;</msg>
<var>${response}</var>
<arg>cashflowId=${element}</arg>
<arg>cashflowStatus=NETTED</arg>
<status status="PASS" start="2026-08-27T14:44:23.599408" elapsed="0.000105"/>
</kw>
<kw name="GetFieldValueFromCfDetails" owner="ccil_backend">
<msg time="2026-08-27T14:44:23.599650" level="INFO">${nettingId} = NET-00001</msg>
<var>${nettingId}</var>
<arg>${response}</arg>
<arg>${jPathInCfDetails_nettingId}</arg>
<status status="PASS" start="2026-08-27T14:44:23.599562" elapsed="0.000100"/>
</kw>
<kw name="Should Be Equal" owner="BuiltIn">
<arg>${nettingId}</arg>
<arg>${nettingIdOfRstntCf}</arg>
<doc>Fails if the given objects are unequal.</doc>
<status status="PASS" start="2026-08-27T14:44:23.599709" elapsed="0.000197"/>
</kw>
<var name="${element}">100000000001</var>
<status status="PASS" start="2026-08-27T14:44:23.599375" elapsed="0.000548"/>
</iter>
<iter>
<kw name="WaitUntilCashflowToStatus" owner="ccil_backend">
<msg time="2026-08-27T14:44:23.600096" level="INFO">${response} = &lt;ccil_backend.Response object at 0x103779df0&gt;</msg>
<var>${response}</var>
<arg>cashflowId=${element}</arg>
<arg>cashflowStatus=NETTED</arg>
<status status="PASS" start="2026-08-27T14:44:23.599999" elapsed="0.000110"/>
</kw>
<kw name="GetFieldValueFromCfDetails" owner="ccil_backend">
<msg time="2026-08-27T14:44:23.600229" level="INFO">${nettingId} = NET-00001</msg>
<var>${nettingId}</var>
<arg>${response}</arg>
<arg>${jPathInCfDetails_nettingId}</arg>
<status status="PASS" start="2026-08-27T14:44:23.600153" elapsed="0.000086"/>
</kw>
<kw name="Should Be Equal" owner="BuiltIn">
<arg>${nettingId}</arg>
<arg>${nettingIdOfRstntCf}</arg>
<doc>Fails if the given objects are unequal.</doc>
<status status="PASS" start="2026-08-27T14:44:23.600281" elapsed="0.000119"/>
</kw>
<var name="${element}">100000000002</var>
<status status="PASS" start="2026-08-27T14:44:23.599963" elapsed="0.000452"/>
</iter>
<iter>
<kw name="WaitUntilCashflowToStatus" owner="ccil_backend">
<msg time="2026-08-27T14:44:23.600584" level="INFO">${response} = &lt;ccil_backend.Response object at 0x10376b760&gt;</msg>
<var>${response}</var>
<arg>cashflowId=${element}</arg>
<arg>cashflowStatus=NETTED</arg>
<status status="PASS" start="2026-08-27T14:44:23.600488" elapsed="0.000108"/>
</kw>
<kw name="GetFieldValueFromCfDetails" owner="ccil_backend">
<msg time="2026-08-27T14:44:23.600722" level="INFO">${nettingId} = NET-00001</msg>
<var>${nettingId}</var>
<arg>${response}</arg>
<arg>${jPathInCfDetails_nettingId}</arg>
<status status="PASS" start="2026-08-27T14:44:23.600641" elapsed="0.000091"/>
</kw>
<kw name="Should Be Equal" owner="BuiltIn">
<arg>${nettingId}</arg>
<arg>${nettingIdOfRstntCf}</arg>
<doc>Fails if the given objects are unequal.</doc>
<status status="PASS" start="2026-08-27T14:44:23.600773" elapsed="0.000117"/>
</kw>
<var name="${element}">100000000003</var>
<status status="PASS" start="2026-08-27T14:44:23.600450" elapsed="0.000456"/>
</iter>
<var>${element}</var>
<value>@{componentCfList}</value>
<status status="PASS" start="2026-08-27T14:44:23.599320" elapsed="0.001598"/>
</for>
<return>
<value>${responseOfRstntCf}</value>
<status status="PASS" start="2026-08-27T14:44:23.600937" elapsed="0.000019"/>
</return>
<msg time="2026-08-27T14:44:23.601012" level="INFO">${response} = &lt;ccil_backend.Response object at 0x1037795b0&gt;</msg>
<var>${response}</var>
<arg>${resultantCashflow}</arg>
<arg>0.01</arg>
<arg>${Pay}</arg>
<arg>@{cashflowList}</arg>
<status status="PASS" start="2026-08-27T14:44:23.598435" elapsed="0.002588"/>
</kw>
<kw name="Comment" owner="BuiltIn">
<arg>******************** user do swift suppress</arg>
<doc>Displays the given messages in the log file as keyword arguments.</doc>
<status status="PASS" start="2026-08-27T14:44:23.601084" elapsed="0.000080"/>
</kw>
<kw name="CNSuppress" owner="ccil_backend">
<arg>${resultantCashflow}</arg>
<arg>${response}</arg>
<arg>ManualSwiftSuppress</arg>
<arg>Approve</arg>
<status status="PASS" start="2026-08-27T14:44:23.601218" elapsed="0.000068"/>
</kw>
<kw name="Comment" owner="BuiltIn">
<arg>******************** Then resultant cashflow:</arg>
<arg>Swift_suppressed</arg>
<doc>Displays the given messages in the log file as keyword arguments.</doc>
<status status="PASS" start="2026-08-27T14:44:23.601339" elapsed="0.000079"/>
</kw>
<kw name="WaitUntilCashflowToStatus" owner="ccil_backend">
<msg time="2026-08-27T14:44:23.601584" level="INFO">${response} = &lt;ccil_backend.Response object at 0x103786040&gt;</msg>
<var>${response}</var>
<arg>cashflowId=${resultantCashflow}</arg>
<arg>cashflowStatus=SWIFT_SUPPRESSED</arg>
<status status="PASS" start="2026-08-27T14:44:23.601483" elapsed="0.000113"/>
</kw>
<kw name="Comment" owner="BuiltIn">
<arg>**************** release resultant cf</arg>
<doc>Displays the given messages in the log file as keyword arguments.</doc>
<status status="PASS" start="2026-08-27T14:44:23.601653" elapsed="0.000077"/>
</kw>
<kw name="MakerAndCheckerFixExceptions" owner="ccil_backend">
<arg>cashflowId=${resultantCashflow}</arg>
<status status="PASS" start="2026-08-27T14:44:23.601778" elapsed="0.000058"/>
</kw>
<kw name="WaitUntilCashflowToSeveralStatus" owner="ccil_backend">
<arg>cfStatus1=noUse</arg>
<arg>cashflowId=${resultantCashflow}</arg>
<status status="PASS" start="2026-08-27T14:44:23.601885" elapsed="0.000084"/>
</kw>
<kw name="WaitUntilDBStatusGeneral" owner="ccil_backend">
<arg>sql=select * from cash_settlement_lms_service.lms_message lm where lm.cashflow_id = '${resultantCashflow}'and status='SENT';</arg>
<arg>dbField=status</arg>
<arg>expectedValue=SENT</arg>
<arg>wait_loops=30</arg>
<arg>wait_timeout=2s</arg>
<status status="PASS" start="2026-08-27T14:44:23.602022" elapsed="0.000162"/>
</kw>
<kw name="check_kafkaValue_ByJsonPath" owner="ccil_backend">
<arg>${CN_SENT_TO_LMS_TOPIC}</arg>
<arg>${resultantCashflow}</arg>
<arg>$.${stackVaule_LMS_kafkaMsg}</arg>
<arg>FMRPMUREX</arg>
<status status="PASS" start="2026-08-27T14:44:23.602241" elapsed="0.000080"/>
</kw>
<doc>Guaranteed cashflow: Pending auto Netting + user do net + user do swift suppress to resultant cashflow
Murex &amp; Murex -&gt;Source Value sent to LMS is "FMRPMUREX"
REQ: 2295160, 5483114</doc>
<tag>SFMRPCCILNetting</tag>
<tag>SFMRPNetting</tag>
<tag>SFMRPNettingOnly</tag>
<tag>SFMRPRegression</tag>
<status status="PASS" start="2026-08-27T14:44:23.593552" elapsed="0.008923"/>
</test>
<test id="s1-s1-s1-t2" name="CN-API-CCILNetting-NonGuaranteed-002" line="62">
<kw name="Reset Backend State" owner="__import__" type="SETUP">
<kw name="Reset Backend State Impl" owner="ccil_backend">
<status status="PASS" start="2026-08-27T14:44:23.603095" elapsed="0.000051"/>
</kw>
<status status="PASS" start="2026-08-27T14:44:23.602952" elapsed="0.000222"/>
</kw>
<kw name="Generate Random String" owner="String">
<msg time="2026-08-27T14:44:23.603343" level="INFO">${oriTradeId} = 58941590</msg>
<var>${oriTradeId}</var>
<arg>length=8</arg>
<arg>chars=[NUMBERS]</arg>
<doc>Generates a string with a desired ``length`` from the given ``chars``.</doc>
<status status="PASS" start="2026-08-27T14:44:23.603244" elapsed="0.000113"/>
</kw>
<kw name="Log To Console" owner="BuiltIn">
<arg>\n***********oriTradeId: ${oriTradeId}</arg>
<doc>Logs the given message to the console.</doc>
<status status="PASS" start="2026-08-27T14:44:23.603419" elapsed="0.000121"/>
</kw>
<kw name="OffsetTimeJumpWeekend" owner="ccil_backend">
<msg time="2026-08-27T14:44:23.603697" level="INFO">${mxgCurrentDate} = 20260827</msg>
<var>${mxgCurrentDate}</var>
<arg>offset_time=0/0/0</arg>
<arg>output_format=%Y%m%d</arg>
<arg>currency=${validCcy}</arg>
<status status="PASS" start="2026-08-27T14:44:23.603591" elapsed="0.000133"/>
</kw>
<kw name="Comment" owner="BuiltIn">
<arg>******************** build nonGuaranteed cashflows</arg>
<doc>Displays the given messages in the log file as keyword arguments.</doc>
<status status="PASS" start="2026-08-27T14:44:23.603782" elapsed="0.000076"/>
</kw>
<kw name="GenCashflowCNByGroupForMurex" owner="ccil_backend">
<msg time="2026-08-27T14:44:23.605135" level="INFO">${cashflowList} = ['100000000001', '100000000002', '100000000003']</msg>
<msg time="2026-08-27T14:44:23.605156" level="INFO">${flows} = 
&lt;flow&gt;Flowid:FLOW1, status:SNTR, value_date:20260827&lt;/flow&gt;
&lt;flow&gt;Flowid:FLOW2, status:SNTR, value_date:20260827&lt;/flow&gt;
&lt;flow&gt;Flowid:FLOW3, status:SNTR, value_date:20260827&lt;/flow&gt;</msg>
<msg time="2026-08-27T14:44:23.605175" level="INFO">${flowList} = ['FLOW1', 'FLOW2', 'FLOW3']</msg>
<var>${cashflowList}</var>
<var>${flows}</var>
<var>${flowList}</var>
<arg>valueDateList=${{["${mxgCurrentDate}","${mxgCurrentDate}","${mxgCurrentDate}"]}}</arg>
<arg>statusInFlowList=${{["SNTR","SNTR","SNTR"]}}</arg>
<arg>counterpartyList=${{"${NonGuaranteedCounterparty}[0]","${NonGuaranteedCounterparty}[1]","${NonGuaranteedCounterparty}[2]"}}</arg>
<arg>isCreditList=${{["N","Y","Y"]}}</arg>
<arg>transactionFamily=${validFamily}</arg>
<arg>transactionGroup=${validGroup}</arg>
<arg>entityFMID=${validBookingEntity}</arg>
<arg>currency=${validCcy}</arg>
<arg>validationLevel=COMP</arg>
<arg>ifValidCase=${True}</arg>
<arg>TrnOrginalID=${oriTradeId}</arg>
<arg>tradeId=${oriTradeId}</arg>
<status status="PASS" start="2026-08-27T14:44:23.603923" elapsed="0.001261"/>
</kw>
<kw name="Comment" owner="BuiltIn">
<arg>******************** Check NonGuaranteed cashflow: Pending Netting</arg>
<doc>Displays the given messages in the log file as keyword arguments.</doc>
<status status="PASS" start="2026-08-27T14:44:23.605255" elapsed="0.000078"/>
</kw>
<kw name="CheckSettMethodAndSubStateTypeOfCf" owner="ccil_checks">
<for flavor="IN">
<iter>
<kw name="WaitUntilCashflowToStatus" owner="ccil_backend">
<msg time="2026-08-27T14:44:23.605775" level="INFO">${response} = &lt;ccil_backend.Response object at 0x1037996a0&gt;</msg>
<var>${response}</var>
<arg>cashflowId=${element}</arg>
<arg>${jPathInCfDetails_cfSubStatType}=${expectedSubStat}</arg>
<arg>${jPathInCfDetails_SettlementMethod}=${expectedSettMethod}</arg>
<status status="PASS" start="2026-08-27T14:44:23.605621" elapsed="0.000166"/>
</kw>
<var name="${element}">100000000001</var>
<status status="PASS" start="2026-08-27T14:44:23.605586" elapsed="0.000216"/>
</iter>
<iter>
<kw name="WaitUntilCashflowToStatus" owner="ccil_backend">
<msg time="2026-08-27T14:44:23.606010" level="INFO">${response} = &lt;ccil_backend.Response object at 0x103799910&gt;</msg>
<var>${response}</var>
<arg>cashflowId=${element}</arg>
<arg>${jPathInCfDetails_cfSubStatType}=${expectedSubStat}</arg>
<arg>${jPathInCfDetails_SettlementMethod}=${expectedSettMethod}</arg>
<status status="PASS" start="2026-08-27T14:44:23.605865" elapsed="0.000156"/>
</kw>
<var name="${element}">100000000002</var>
<status status="PASS" start="2026-08-27T14:44:23.605833" elapsed="0.000203"/>
</iter>
<iter>
<kw name="WaitUntilCashflowToStatus" owner="ccil_backend">
<msg time="2026-08-27T14:44:23.606322" level="INFO">${response} = &lt;ccil_backend.Response object at 0x103793970&gt;</msg>
<var>${response}</var>
<arg>cashflowId=${element}</arg>
<arg>${jPathInCfDetails_cfSubStatType}=${expectedSubStat}</arg>
<arg>${jPathInCfDetails_SettlementMethod}=${expectedSettMethod}</arg>
<status status="PASS" start="2026-08-27T14:44:23.606100" elapsed="0.000233"/>
</kw>
<var name="${element}">100000000003</var>
<status status="PASS" start="2026-08-27T14:44:23.606065" elapsed="0.000284"/>
</iter>
<var>${element}</var>
<value>@{cashflowList}</value>
<status status="PASS" start="2026-08-27T14:44:23.605536" elapsed="0.000823"/>
</for>
<arg>${SubStatType_PendingAutoNetting}</arg>
<arg>${SettlementMthod_CCIL}</arg>
<arg>@{cashflowList}</arg>
<status status="PASS" start="2026-08-27T14:44:23.605409" elapsed="0.000970"/>
</kw>
<kw name="Comment" owner="BuiltIn">
<arg>******************** user do CCIL netting</arg>
<doc>Displays the given messages in the log file as keyword arguments.</doc>
<status status="PASS" start="2026-08-27T14:44:23.606432" elapsed="0.000077"/>
</kw>
<kw name="DoCCILNetting" owner="ccil_backend">
<msg time="2026-08-27T14:44:23.606651" level="INFO">${response} = &lt;ccil_backend.Response object at 0x103793a00&gt;</msg>
<msg time="2026-08-27T14:44:23.606670" level="INFO">${resultantCashflow} = 100000000004</msg>
<var>${response}</var>
<var>${resultantCashflow}</var>
<arg>@{cashflowList}</arg>
<status status="PASS" start="2026-08-27T14:44:23.606569" elapsed="0.000110"/>
</kw>
<kw name="Comment" owner="BuiltIn">
<arg>******************** Check CCIL Neting result</arg>
<doc>Displays the given messages in the log file as keyword arguments.</doc>
<status status="PASS" start="2026-08-27T14:44:23.606732" elapsed="0.000072"/>
</kw>
<kw name="CheckCCILNettingResult" owner="ccil_checks">
<kw name="WaitUntilCashflowToStatus" owner="ccil_backend">
<msg time="2026-08-27T14:44:23.607303" level="INFO">${responseOfRstntCf} = &lt;ccil_backend.Response object at 0x10372fdc0&gt;</msg>
<var>${responseOfRstntCf}</var>
<arg>cashflowId=${resultantCf}</arg>
<arg>${excpInCfDetails_NetCashflow}=${excpCategory_OTHER}</arg>
<arg>${jPathInCfDetails_Amount}=${amount}</arg>
<arg>${jPathInCfDetails_PayReceiveIndicator}=${payAndRecive}</arg>
<arg>${jPathInCfDetails_CounterpartyFMID}=400021949</arg>
<arg>${jPathInCfDetails_cfSubStatType}=${SubStatType_PendingException}</arg>
<status status="PASS" start="2026-08-27T14:44:23.607049" elapsed="0.000265"/>
</kw>
<kw name="GetFieldValueFromCfDetails" owner="ccil_backend">
<msg time="2026-08-27T14:44:23.607442" level="INFO">${nettingIdOfRstntCf} = NET-00001</msg>
<var>${nettingIdOfRstntCf}</var>
<arg>${responseOfRstntCf}</arg>
<arg>${jPathInCfDetails_nettingId}</arg>
<status status="PASS" start="2026-08-27T14:44:23.607363" elapsed="0.000090"/>
</kw>
<kw name="Should Contain" owner="BuiltIn">
<arg>${nettingIdOfRstntCf}</arg>
<arg>NET-</arg>
<doc>Fails if ``container`` does not contain ``item`` one or more times.</doc>
<status status="PASS" start="2026-08-27T14:44:23.607495" elapsed="0.000112"/>
</kw>
<for flavor="IN">
<iter>
<kw name="WaitUntilCashflowToStatus" owner="ccil_backend">
<msg time="2026-08-27T14:44:23.607803" level="INFO">${response} = &lt;ccil_backend.Response object at 0x10372b250&gt;</msg>
<var>${response}</var>
<arg>cashflowId=${element}</arg>
<arg>cashflowStatus=NETTED</arg>
<status status="PASS" start="2026-08-27T14:44:23.607716" elapsed="0.000098"/>
</kw>
<kw name="GetFieldValueFromCfDetails" owner="ccil_backend">
<msg time="2026-08-27T14:44:23.607933" level="INFO">${nettingId} = NET-00001</msg>
<var>${nettingId}</var>
<arg>${response}</arg>
<arg>${jPathInCfDetails_nettingId}</arg>
<status status="PASS" start="2026-08-27T14:44:23.607855" elapsed="0.000092"/>
</kw>
<kw name="Should Be Equal" owner="BuiltIn">
<arg>${nettingId}</arg>
<arg>${nettingIdOfRstntCf}</arg>
<doc>Fails if the given objects are unequal.</doc>
<status status="PASS" start="2026-08-27T14:44:23.607995" elapsed="0.000134"/>
</kw>
<var name="${element}">100000000001</var>
<status status="PASS" start="2026-08-27T14:44:23.607684" elapsed="0.000462"/>
</iter>
<iter>
<kw name="WaitUntilCashflowToStatus" owner="ccil_backend">
<msg time="2026-08-27T14:44:23.608314" level="INFO">${response} = &lt;ccil_backend.Response object at 0x103799220&gt;</msg>
<var>${response}</var>
<arg>cashflowId=${element}</arg>
<arg>cashflowStatus=NETTED</arg>
<status status="PASS" start="2026-08-27T14:44:23.608221" elapsed="0.000105"/>
</kw>
<kw name="GetFieldValueFromCfDetails" owner="ccil_backend">
<msg time="2026-08-27T14:44:23.608441" level="INFO">${nettingId} = NET-00001</msg>
<var>${nettingId}</var>
<arg>${response}</arg>
<arg>${jPathInCfDetails_nettingId}</arg>
<status status="PASS" start="2026-08-27T14:44:23.608366" elapsed="0.000085"/>
</kw>
<kw name="Should Be Equal" owner="BuiltIn">
<arg>${nettingId}</arg>
<arg>${nettingIdOfRstntCf}</arg>
<doc>Fails if the given objects are unequal.</doc>
<status status="PASS" start="2026-08-27T14:44:23.608507" elapsed="0.000120"/>
</kw>
<var name="${element}">100000000002</var>
<status status="PASS" start="2026-08-27T14:44:23.608185" elapsed="0.000460"/>
</iter>
<iter>
<kw name="WaitUntilCashflowToStatus" owner="ccil_backend">
<msg time="2026-08-27T14:44:23.608813" level="INFO">${response} = &lt;ccil_backend.Response object at 0x103799850&gt;</msg>
<var>${response}</var>
<arg>cashflowId=${element}</arg>
<arg>cashflowStatus=NETTED</arg>
<status status="PASS" start="2026-08-27T14:44:23.608719" elapsed="0.000106"/>
</kw>
<kw name="GetFieldValueFromCfDetails" owner="ccil_backend">
<msg time="2026-08-27T14:44:23.608953" level="INFO">${nettingId} = NET-00001</msg>
<var>${nettingId}</var>
<arg>${response}</arg>
<arg>${jPathInCfDetails_nettingId}</arg>
<status status="PASS" start="2026-08-27T14:44:23.608869" elapsed="0.000096"/>
</kw>
<kw name="Should Be Equal" owner="BuiltIn">
<arg>${nettingId}</arg>
<arg>${nettingIdOfRstntCf}</arg>
<doc>Fails if the given objects are unequal.</doc>
<status status="PASS" start="2026-08-27T14:44:23.609015" elapsed="0.000129"/>
</kw>
<var name="${element}">100000000003</var>
<status status="PASS" start="2026-08-27T14:44:23.608684" elapsed="0.000477"/>
</iter>
<var>${element}</var>
<value>@{componentCfList}</value>
<status status="PASS" start="2026-08-27T14:44:23.607629" elapsed="0.001545"/>
</for>
<return>
<value>${responseOfRstntCf}</value>
<status status="PASS" start="2026-08-27T14:44:23.609192" elapsed="0.000014"/>
</return>
<msg time="2026-08-27T14:44:23.609258" level="INFO">${response} = &lt;ccil_backend.Response object at 0x10372fdc0&gt;</msg>
<var>${response}</var>
<arg>${resultantCashflow}</arg>
<arg>0.01</arg>
<arg>${Receive}</arg>
<arg>@{cashflowList}</arg>
<status status="PASS" start="2026-08-27T14:44:23.606893" elapsed="0.002375"/>
</kw>
<kw name="Comment" owner="BuiltIn">
<arg>******************** user do swift suppress</arg>
<doc>Displays the given messages in the log file as keyword arguments.</doc>
<status status="PASS" start="2026-08-27T14:44:23.609331" elapsed="0.000085"/>
</kw>
<kw name="CNSuppress" owner="ccil_backend">
<arg>${resultantCashflow}</arg>
<arg>${response}</arg>
<arg>ManualSwiftSuppress</arg>
<arg>Approve</arg>
<status status="PASS" start="2026-08-27T14:44:23.609473" elapsed="0.000079"/>
</kw>
<kw name="Comment" owner="BuiltIn">
<arg>******************** Then resultant cashflow:</arg>
<arg>Swift_suppressed</arg>
<doc>Displays the given messages in the log file as keyword arguments.</doc>
<status status="PASS" start="2026-08-27T14:44:23.609609" elapsed="0.000074"/>
</kw>
<kw name="WaitUntilCashflowToStatus" owner="ccil_backend">
<msg time="2026-08-27T14:44:23.609824" level="INFO">${response} = &lt;ccil_backend.Response object at 0x1037a2070&gt;</msg>
<var>${response}</var>
<arg>cashflowId=${resultantCashflow}</arg>
<arg>cashflowStatus=SWIFT_SUPPRESSED</arg>
<status status="PASS" start="2026-08-27T14:44:23.609734" elapsed="0.000101"/>
</kw>
<kw name="Comment" owner="BuiltIn">
<arg>******************** Novation to Guaranteed counterparty</arg>
<doc>Displays the given messages in the log file as keyword arguments.</doc>
<status status="PASS" start="2026-08-27T14:44:23.609888" elapsed="0.000072"/>
</kw>
<kw name="Generate Random String" owner="String">
<msg time="2026-08-27T14:44:23.610114" level="INFO">${amdmTradeId} = 76697829</msg>
<var>${amdmTradeId}</var>
<arg>length=8</arg>
<arg>chars=[NUMBERS]</arg>
<doc>Generates a string with a desired ``length`` from the given ``chars``.</doc>
<status status="PASS" start="2026-08-27T14:44:23.610027" elapsed="0.000099"/>
</kw>
<kw name="Log To Console" owner="BuiltIn">
<arg>\n***********amdmTradeId: ${amdmTradeId}</arg>
<doc>Logs the given message to the console.</doc>
<status status="PASS" start="2026-08-27T14:44:23.610182" elapsed="0.000105"/>
</kw>
<kw name="GenCashflowCNByGroupForMurex" owner="ccil_backend">
<msg time="2026-08-27T14:44:23.611716" level="INFO">${amdmCashflowList} = ['100000000005', '100000000006', '100000000007', '100000000008', '100000000009', '100000000010']</msg>
<msg time="2026-08-27T14:44:23.611737" level="INFO">${flows} = 
&lt;flow&gt;Flowid:FLOW1, status:SNTR, value_date:20260827&lt;/flow&gt;
&lt;flow&gt;Flowid:FLOW2, status:SNTR, value_date:20260827&lt;/flow&gt;
&lt;flow&gt;Flowid:FLOW3, status:SNTR, value_date:20260827&lt;/flow&gt;
&lt;flow&gt;Flowid:FLOW1,...</msg>
<msg time="2026-08-27T14:44:23.611755" level="INFO">${flowList} = ['FLOW1', 'FLOW2', 'FLOW3', 'FLOW4', 'FLOW5', 'FLOW6']</msg>
<var>${amdmCashflowList}</var>
<var>${flows}</var>
<var>${flowList}</var>
<arg>flows=${flows}</arg>
<arg>oriFlowList=${flowList}</arg>
<arg>valueDateList=${{["${mxgCurrentDate}","${mxgCurrentDate}","${mxgCurrentDate}","${mxgCurrentDate}","${mxgCurrentDate}","${mxgCurrentDate}"]}}</arg>
<arg>statusInFlowList=${{["SNTR","SNTR","SNTR","SNTR","SNTR","SNTR"]}}</arg>
<arg>counterpartyList=${{"${NonGuaranteedCounterparty}[0]","${NonGuaranteedCounterparty}[1]","${NonGuaranteedCounterparty}[2]","${guaranteedCounterparty}","${guaranteedCounterparty}","${guaranteedCounterparty}"}}</arg>
<arg>isCreditList=${{["Y","N","N","N","Y","Y"]}}</arg>
<arg>transactionFamily=${validFamily}</arg>
<arg>transactionGroup=${validGroup}</arg>
<arg>entityFMID=${validBookingEntity}</arg>
<arg>currency=${validCcy}</arg>
<arg>validationLevel=COMP</arg>
<arg>ifValidCase=${True}</arg>
<arg>TrnOrginalID=${oriTradeId}</arg>
<arg>tradeId=${amdmTradeId}</arg>
<status status="PASS" start="2026-08-27T14:44:23.610337" elapsed="0.001428"/>
</kw>
<kw name="Comment" owner="BuiltIn">
<arg>******************** Then auto unnet; c1 / c2 / c3 cancelled; c5 / c7 / c9 waiting + Pending auto Netting</arg>
<doc>Displays the given messages in the log file as keyword arguments.</doc>
<status status="PASS" start="2026-08-27T14:44:23.611836" elapsed="0.000077"/>
</kw>
<kw name="WaitUntilCashflowToStatus" owner="ccil_backend">
<msg time="2026-08-27T14:44:23.612070" level="INFO">${response} = &lt;ccil_backend.Response object at 0x1037a2550&gt;</msg>
<var>${response}</var>
<arg>cashflowId=${resultantCashflow}</arg>
<arg>cashflowStatus=DEAD</arg>
<status status="PASS" start="2026-08-27T14:44:23.611969" elapsed="0.000113"/>
</kw>
<for flavor="IN">
<iter>
<kw name="WaitUntilCashflowToStatus" owner="ccil_backend">
<msg time="2026-08-27T14:44:23.612301" level="INFO">${response} = &lt;ccil_backend.Response object at 0x1037a2ac0&gt;</msg>
<var>${response}</var>
<arg>cashflowId=${element}</arg>
<arg>cashflowStatus=CANCELLED</arg>
<status status="PASS" start="2026-08-27T14:44:23.612215" elapsed="0.000097"/>
</kw>
<kw name="Remove From List" owner="Collections">
<arg>${amdmCashflowList}</arg>
<arg>0</arg>
<doc>Removes and returns the value specified with an ``index`` from ``list``.</doc>
<status status="PASS" start="2026-08-27T14:44:23.612413" elapsed="0.000201"/>
</kw>
<var name="${element}">100000000001</var>
<status status="PASS" start="2026-08-27T14:44:23.612179" elapsed="0.000468"/>
</iter>
<iter>
<kw name="WaitUntilCashflowToStatus" owner="ccil_backend">
<msg time="2026-08-27T14:44:23.612899" level="INFO">${response} = &lt;ccil_backend.Response object at 0x1037a2e50&gt;</msg>
<var>${response}</var>
<arg>cashflowId=${element}</arg>
<arg>cashflowStatus=CANCELLED</arg>
<status status="PASS" start="2026-08-27T14:44:23.612763" elapsed="0.000153"/>
</kw>
<kw name="Remove From List" owner="Collections">
<arg>${amdmCashflowList}</arg>
<arg>0</arg>
<doc>Removes and returns the value specified with an ``index`` from ``list``.</doc>
<status status="PASS" start="2026-08-27T14:44:23.612970" elapsed="0.000083"/>
</kw>
<var name="${element}">100000000002</var>
<status status="PASS" start="2026-08-27T14:44:23.612707" elapsed="0.000363"/>
</iter>
<iter>
<kw name="WaitUntilCashflowToStatus" owner="ccil_backend">
<msg time="2026-08-27T14:44:23.613323" level="INFO">${response} = &lt;ccil_backend.Response object at 0x1037a2be0&gt;</msg>
<var>${response}</var>
<arg>cashflowId=${element}</arg>
<arg>cashflowStatus=CANCELLED</arg>
<status status="PASS" start="2026-08-27T14:44:23.613151" elapsed="0.000207"/>
</kw>
<kw name="Remove From List" owner="Collections">
<arg>${amdmCashflowList}</arg>
<arg>0</arg>
<doc>Removes and returns the value specified with an ``index`` from ``list``.</doc>
<status status="PASS" start="2026-08-27T14:44:23.613405" elapsed="0.000071"/>
</kw>
<var name="${element}">100000000003</var>
<status status="PASS" start="2026-08-27T14:44:23.613113" elapsed="0.000378"/>
</iter>
<var>${element}</var>
<value>@{cashflowList}</value>
<status status="PASS" start="2026-08-27T14:44:23.612119" elapsed="0.001388"/>
</for>
<kw name="Comment" owner="BuiltIn">
<arg>******************** Check Guaranteed cashflow: Pending Netting</arg>
<doc>Displays the given messages in the log file as keyword arguments.</doc>
<status status="PASS" start="2026-08-27T14:44:23.613580" elapsed="0.000112"/>
</kw>
<kw name="CheckSettMethodAndSubStateTypeOfCf" owner="ccil_checks">
<for flavor="IN">
<iter>
<kw name="WaitUntilCashflowToStatus" owner="ccil_backend">
<msg time="2026-08-27T14:44:23.614266" level="INFO">${response} = &lt;ccil_backend.Response object at 0x103799bb0&gt;</msg>
<var>${response}</var>
<arg>cashflowId=${element}</arg>
<arg>${jPathInCfDetails_cfSubStatType}=${expectedSubStat}</arg>
<arg>${jPathInCfDetails_SettlementMethod}=${expectedSettMethod}</arg>
<status status="PASS" start="2026-08-27T14:44:23.614092" elapsed="0.000186"/>
</kw>
<var name="${element}">100000000008</var>
<status status="PASS" start="2026-08-27T14:44:23.614049" elapsed="0.000246"/>
</iter>
<iter>
<kw name="WaitUntilCashflowToStatus" owner="ccil_backend">
<msg time="2026-08-27T14:44:23.614507" level="INFO">${response} = &lt;ccil_backend.Response object at 0x103799190&gt;</msg>
<var>${response}</var>
<arg>cashflowId=${element}</arg>
<arg>${jPathInCfDetails_cfSubStatType}=${expectedSubStat}</arg>
<arg>${jPathInCfDetails_SettlementMethod}=${expectedSettMethod}</arg>
<status status="PASS" start="2026-08-27T14:44:23.614358" elapsed="0.000161"/>
</kw>
<var name="${element}">100000000009</var>
<status status="PASS" start="2026-08-27T14:44:23.614325" elapsed="0.000211"/>
</iter>
<iter>
<kw name="WaitUntilCashflowToStatus" owner="ccil_backend">
<msg time="2026-08-27T14:44:23.614760" level="INFO">${response} = &lt;ccil_backend.Response object at 0x103786670&gt;</msg>
<var>${response}</var>
<arg>cashflowId=${element}</arg>
<arg>${jPathInCfDetails_cfSubStatType}=${expectedSubStat}</arg>
<arg>${jPathInCfDetails_SettlementMethod}=${expectedSettMethod}</arg>
<status status="PASS" start="2026-08-27T14:44:23.614604" elapsed="0.000168"/>
</kw>
<var name="${element}">100000000010</var>
<status status="PASS" start="2026-08-27T14:44:23.614569" elapsed="0.000218"/>
</iter>
<var>${element}</var>
<value>@{cashflowList}</value>
<status status="PASS" start="2026-08-27T14:44:23.613994" elapsed="0.000803"/>
</for>
<arg>${SubStatType_PendingAutoNetting}</arg>
<arg>${SettlementMthod_CCIL}</arg>
<arg>@{amdmCashflowList}</arg>
<status status="PASS" start="2026-08-27T14:44:23.613825" elapsed="0.000993"/>
</kw>
<doc>NonGuaranteed cashflow: Pending auto Netting + user do net + user do swift suppress to resultant cashflow
+ Novation to Guaranteed counterparty
          REQ: 2295160</doc>
<tag>SFMRPCCILNetting</tag>
<tag>SFMRPNetting</tag>
<tag>SFMRPNettingOnly</tag>
<tag>SFMRPRegression</tag>
<status status="PASS" start="2026-08-27T14:44:23.602610" elapsed="0.012284"/>
</test>
<test id="s1-s1-s1-t3" name="CN-API-CCILNetting-Novation-003" line="119">
<kw name="Reset Backend State" owner="__import__" type="SETUP">
<kw name="Reset Backend State Impl" owner="ccil_backend">
<status status="PASS" start="2026-08-27T14:44:23.615345" elapsed="0.000038"/>
</kw>
<status status="PASS" start="2026-08-27T14:44:23.615256" elapsed="0.000146"/>
</kw>
<kw name="Generate Random String" owner="String">
<msg time="2026-08-27T14:44:23.615546" level="INFO">${oriTradeId} = 60562063</msg>
<var>${oriTradeId}</var>
<arg>length=8</arg>
<arg>chars=[NUMBERS]</arg>
<doc>Generates a string with a desired ``length`` from the given ``chars``.</doc>
<status status="PASS" start="2026-08-27T14:44:23.615457" elapsed="0.000101"/>
</kw>
<kw name="Log To Console" owner="BuiltIn">
<arg>\n***********oriTradeId: ${oriTradeId}</arg>
<doc>Logs the given message to the console.</doc>
<status status="PASS" start="2026-08-27T14:44:23.615619" elapsed="0.000123"/>
</kw>
<kw name="OffsetTimeJumpWeekend" owner="ccil_backend">
<msg time="2026-08-27T14:44:23.615903" level="INFO">${mxgCurrentDate} = 20260827</msg>
<var>${mxgCurrentDate}</var>
<arg>offset_time=0/0/0</arg>
<arg>output_format=%Y%m%d</arg>
<arg>currency=${validCcy}</arg>
<status status="PASS" start="2026-08-27T14:44:23.615791" elapsed="0.000124"/>
</kw>
<kw name="Comment" owner="BuiltIn">
<arg>******************** build nonGuaranteed cashflows</arg>
<doc>Displays the given messages in the log file as keyword arguments.</doc>
<status status="PASS" start="2026-08-27T14:44:23.615977" elapsed="0.000082"/>
</kw>
<kw name="GenCashflowCNByGroupForMurex" owner="ccil_backend">
<msg time="2026-08-27T14:44:23.617347" level="INFO">${cashflowList} = ['100000000001', '100000000002', '100000000003']</msg>
<msg time="2026-08-27T14:44:23.617368" level="INFO">${flows} = 
&lt;flow&gt;Flowid:FLOW1, status:SNTR, value_date:20260827&lt;/flow&gt;
&lt;flow&gt;Flowid:FLOW2, status:SNTR, value_date:20260827&lt;/flow&gt;
&lt;flow&gt;Flowid:FLOW3, status:SNTR, value_date:20260827&lt;/flow&gt;</msg>
<msg time="2026-08-27T14:44:23.617389" level="INFO">${flowList} = ['FLOW1', 'FLOW2', 'FLOW3']</msg>
<var>${cashflowList}</var>
<var>${flows}</var>
<var>${flowList}</var>
<arg>valueDateList=${{["${mxgCurrentDate}","${mxgCurrentDate}","${mxgCurrentDate}"]}}</arg>
<arg>statusInFlowList=${{["SNTR","SNTR","SNTR"]}}</arg>
<arg>counterpartyList=${{"${NonGuaranteedCounterparty}[0]","${NonGuaranteedCounterparty}[1]","${NonGuaranteedCounterparty}[2]"}}</arg>
<arg>isCreditList=${{["N","Y","Y"]}}</arg>
<arg>transactionFamily=${validFamily}</arg>
<arg>transactionGroup=${validGroup}</arg>
<arg>entityFMID=${validBookingEntity}</arg>
<arg>currency=${validCcy}</arg>
<arg>validationLevel=COMP</arg>
<arg>ifValidCase=${True}</arg>
<arg>TrnOrginalID=${oriTradeId}</arg>
<arg>tradeId=${oriTradeId}</arg>
<status status="PASS" start="2026-08-27T14:44:23.616115" elapsed="0.001284"/>
</kw>
<kw name="Comment" owner="BuiltIn">
<arg>******************** Check NonGuaranteed cashflow: Pending auto Netting</arg>
<doc>Displays the given messages in the log file as keyword arguments.</doc>
<status status="PASS" start="2026-08-27T14:44:23.617474" elapsed="0.000075"/>
</kw>
<kw name="CheckSettMethodAndSubStateTypeOfCf" owner="ccil_checks">
<for flavor="IN">
<iter>
<kw name="WaitUntilCashflowToStatus" owner="ccil_backend">
<msg time="2026-08-27T14:44:23.617996" level="INFO">${response} = &lt;ccil_backend.Response object at 0x1037ad3d0&gt;</msg>
<var>${response}</var>
<arg>cashflowId=${element}</arg>
<arg>${jPathInCfDetails_cfSubStatType}=${expectedSubStat}</arg>
<arg>${jPathInCfDetails_SettlementMethod}=${expectedSettMethod}</arg>
<status status="PASS" start="2026-08-27T14:44:23.617843" elapsed="0.000165"/>
</kw>
<var name="${element}">100000000001</var>
<status status="PASS" start="2026-08-27T14:44:23.617810" elapsed="0.000214"/>
</iter>
<iter>
<kw name="WaitUntilCashflowToStatus" owner="ccil_backend">
<msg time="2026-08-27T14:44:23.618255" level="INFO">${response} = &lt;ccil_backend.Response object at 0x1037ad640&gt;</msg>
<var>${response}</var>
<arg>cashflowId=${element}</arg>
<arg>${jPathInCfDetails_cfSubStatType}=${expectedSubStat}</arg>
<arg>${jPathInCfDetails_SettlementMethod}=${expectedSettMethod}</arg>
<status status="PASS" start="2026-08-27T14:44:23.618091" elapsed="0.000176"/>
</kw>
<var name="${element}">100000000002</var>
<status status="PASS" start="2026-08-27T14:44:23.618057" elapsed="0.000224"/>
</iter>
<iter>
<kw name="WaitUntilCashflowToStatus" owner="ccil_backend">
<msg time="2026-08-27T14:44:23.618520" level="INFO">${response} = &lt;ccil_backend.Response object at 0x1037ad7f0&gt;</msg>
<var>${response}</var>
<arg>cashflowId=${element}</arg>
<arg>${jPathInCfDetails_cfSubStatType}=${expectedSubStat}</arg>
<arg>${jPathInCfDetails_SettlementMethod}=${expectedSettMethod}</arg>
<status status="PASS" start="2026-08-27T14:44:23.618341" elapsed="0.000191"/>
</kw>
<var name="${element}">100000000003</var>
<status status="PASS" start="2026-08-27T14:44:23.618310" elapsed="0.000239"/>
</iter>
<var>${element}</var>
<value>@{cashflowList}</value>
<status status="PASS" start="2026-08-27T14:44:23.617762" elapsed="0.000798"/>
</for>
<arg>${SubStatType_PendingAutoNetting}</arg>
<arg>${SettlementMthod_CCIL}</arg>
<arg>@{cashflowList}</arg>
<status status="PASS" start="2026-08-27T14:44:23.617630" elapsed="0.000952"/>
</kw>
<kw name="Comment" owner="BuiltIn">
<arg>******************** Novation to Guaranteed counterparty</arg>
<doc>Displays the given messages in the log file as keyword arguments.</doc>
<status status="PASS" start="2026-08-27T14:44:23.618639" elapsed="0.000081"/>
</kw>
<kw name="Generate Random String" owner="String">
<msg time="2026-08-27T14:44:23.618855" level="INFO">${amdmTradeId} = 82586942</msg>
<var>${amdmTradeId}</var>
<arg>length=8</arg>
<arg>chars=[NUMBERS]</arg>
<doc>Generates a string with a desired ``length`` from the given ``chars``.</doc>
<status status="PASS" start="2026-08-27T14:44:23.618780" elapsed="0.000085"/>
</kw>
<kw name="Log To Console" owner="BuiltIn">
<arg>\n***********amdmTradeId: ${amdmTradeId}</arg>
<doc>Logs the given message to the console.</doc>
<status status="PASS" start="2026-08-27T14:44:23.618918" elapsed="0.000113"/>
</kw>
<kw name="GenCashflowCNByGroupForMurex" owner="ccil_backend">
<msg time="2026-08-27T14:44:23.620424" level="INFO">${amdmCashflowList} = ['100000000004', '100000000005', '100000000006', '100000000007', '100000000008', '100000000009']</msg>
<msg time="2026-08-27T14:44:23.620445" level="INFO">${flows} = 
&lt;flow&gt;Flowid:FLOW1, status:SNTR, value_date:20260827&lt;/flow&gt;
&lt;flow&gt;Flowid:FLOW2, status:SNTR, value_date:20260827&lt;/flow&gt;
&lt;flow&gt;Flowid:FLOW3, status:SNTR, value_date:20260827&lt;/flow&gt;
&lt;flow&gt;Flowid:FLOW1,...</msg>
<msg time="2026-08-27T14:44:23.620466" level="INFO">${flowList} = ['FLOW1', 'FLOW2', 'FLOW3', 'FLOW4', 'FLOW5', 'FLOW6']</msg>
<var>${amdmCashflowList}</var>
<var>${flows}</var>
<var>${flowList}</var>
<arg>flows=${flows}</arg>
<arg>oriFlowList=${flowList}</arg>
<arg>valueDateList=${{["${mxgCurrentDate}","${mxgCurrentDate}","${mxgCurrentDate}","${mxgCurrentDate}","${mxgCurrentDate}","${mxgCurrentDate}"]}}</arg>
<arg>statusInFlowList=${{["SNTR","SNTR","SNTR","SNTR","SNTR","SNTR"]}}</arg>
<arg>counterpartyList=${{"${NonGuaranteedCounterparty}[0]","${NonGuaranteedCounterparty}[1]","${NonGuaranteedCounterparty}[2]","${guaranteedCounterparty}","${guaranteedCounterparty}","${guaranteedCounterparty}"}}</arg>
<arg>isCreditList=${{["Y","N","N","N","Y","Y"]}}</arg>
<arg>transactionFamily=${validFamily}</arg>
<arg>transactionGroup=${validGroup}</arg>
<arg>entityFMID=${validBookingEntity}</arg>
<arg>currency=${validCcy}</arg>
<arg>validationLevel=COMP</arg>
<arg>ifValidCase=${True}</arg>
<arg>TrnOrginalID=${oriTradeId}</arg>
<arg>tradeId=${amdmTradeId}</arg>
<status status="PASS" start="2026-08-27T14:44:23.619085" elapsed="0.001391"/>
</kw>
<kw name="Comment" owner="BuiltIn">
<arg>******************** Check NonGuaranteed cashflow: Pending auto Netting</arg>
<doc>Displays the given messages in the log file as keyword arguments.</doc>
<status status="PASS" start="2026-08-27T14:44:23.620551" elapsed="0.000081"/>
</kw>
<for flavor="IN">
<iter>
<kw name="WaitUntilCashflowToStatus" owner="ccil_backend">
<msg time="2026-08-27T14:44:23.620836" level="INFO">${response} = &lt;ccil_backend.Response object at 0x1037adcd0&gt;</msg>
<var>${response}</var>
<arg>cashflowId=${element}</arg>
<arg>cashflowStatus=CANCELLED</arg>
<status status="PASS" start="2026-08-27T14:44:23.620753" elapsed="0.000094"/>
</kw>
<kw name="Remove From List" owner="Collections">
<arg>${amdmCashflowList}</arg>
<arg>0</arg>
<doc>Removes and returns the value specified with an ``index`` from ``list``.</doc>
<status status="PASS" start="2026-08-27T14:44:23.620892" elapsed="0.000081"/>
</kw>
<var name="${element}">100000000001</var>
<status status="PASS" start="2026-08-27T14:44:23.620721" elapsed="0.000268"/>
</iter>
<iter>
<kw name="WaitUntilCashflowToStatus" owner="ccil_backend">
<msg time="2026-08-27T14:44:23.621152" level="INFO">${response} = &lt;ccil_backend.Response object at 0x1037b5190&gt;</msg>
<var>${response}</var>
<arg>cashflowId=${element}</arg>
<arg>cashflowStatus=CANCELLED</arg>
<status status="PASS" start="2026-08-27T14:44:23.621058" elapsed="0.000106"/>
</kw>
<kw name="Remove From List" owner="Collections">
<arg>${amdmCashflowList}</arg>
<arg>0</arg>
<doc>Removes and returns the value specified with an ``index`` from ``list``.</doc>
<status status="PASS" start="2026-08-27T14:44:23.621208" elapsed="0.000066"/>
</kw>
<var name="${element}">100000000002</var>
<status status="PASS" start="2026-08-27T14:44:23.621024" elapsed="0.000264"/>
</iter>
<iter>
<kw name="WaitUntilCashflowToStatus" owner="ccil_backend">
<msg time="2026-08-27T14:44:23.621527" level="INFO">${response} = &lt;ccil_backend.Response object at 0x1037ad520&gt;</msg>
<var>${response}</var>
<arg>cashflowId=${element}</arg>
<arg>cashflowStatus=CANCELLED</arg>
<status status="PASS" start="2026-08-27T14:44:23.621350" elapsed="0.000189"/>
</kw>
<kw name="Remove From List" owner="Collections">
<arg>${amdmCashflowList}</arg>
<arg>0</arg>
<doc>Removes and returns the value specified with an ``index`` from ``list``.</doc>
<status status="PASS" start="2026-08-27T14:44:23.621584" elapsed="0.000072"/>
</kw>
<var name="${element}">100000000003</var>
<status status="PASS" start="2026-08-27T14:44:23.621319" elapsed="0.000353"/>
</iter>
<var>${element}</var>
<value>@{cashflowList}</value>
<status status="PASS" start="2026-08-27T14:44:23.620663" elapsed="0.001020"/>
</for>
<kw name="CheckSettMethodAndSubStateTypeOfCf" owner="ccil_checks">
<for flavor="IN">
<iter>
<kw name="WaitUntilCashflowToStatus" owner="ccil_backend">
<msg time="2026-08-27T14:44:23.622119" level="INFO">${response} = &lt;ccil_backend.Response object at 0x103793790&gt;</msg>
<var>${response}</var>
<arg>cashflowId=${element}</arg>
<arg>${jPathInCfDetails_cfSubStatType}=${expectedSubStat}</arg>
<arg>${jPathInCfDetails_SettlementMethod}=${expectedSettMethod}</arg>
<status status="PASS" start="2026-08-27T14:44:23.621960" elapsed="0.000172"/>
</kw>
<var name="${element}">100000000007</var>
<status status="PASS" start="2026-08-27T14:44:23.621926" elapsed="0.000223"/>
</iter>
<iter>
<kw name="WaitUntilCashflowToStatus" owner="ccil_backend">
<msg time="2026-08-27T14:44:23.622414" level="INFO">${response} = &lt;ccil_backend.Response object at 0x103799190&gt;</msg>
<var>${response}</var>
<arg>cashflowId=${element}</arg>
<arg>${jPathInCfDetails_cfSubStatType}=${expectedSubStat}</arg>
<arg>${jPathInCfDetails_SettlementMethod}=${expectedSettMethod}</arg>
<status status="PASS" start="2026-08-27T14:44:23.622215" elapsed="0.000287"/>
</kw>
<var name="${element}">100000000008</var>
<status status="PASS" start="2026-08-27T14:44:23.622181" elapsed="0.000357"/>
</iter>
<iter>
<kw name="WaitUntilCashflowToStatus" owner="ccil_backend">
<msg time="2026-08-27T14:44:23.622904" level="INFO">${response} = &lt;ccil_backend.Response object at 0x103799c70&gt;</msg>
<var>${response}</var>
<arg>cashflowId=${element}</arg>
<arg>${jPathInCfDetails_cfSubStatType}=${expectedSubStat}</arg>
<arg>${jPathInCfDetails_SettlementMethod}=${expectedSettMethod}</arg>
<status status="PASS" start="2026-08-27T14:44:23.622686" elapsed="0.000232"/>
</kw>
<var name="${element}">100000000009</var>
<status status="PASS" start="2026-08-27T14:44:23.622616" elapsed="0.000319"/>
</iter>
<var>${element}</var>
<value>@{cashflowList}</value>
<status status="PASS" start="2026-08-27T14:44:23.621876" elapsed="0.001071"/>
</for>
<arg>${SubStatType_PendingAutoNetting}</arg>
<arg>${SettlementMthod_CCIL}</arg>
<arg>@{amdmCashflowList}</arg>
<status status="PASS" start="2026-08-27T14:44:23.621755" elapsed="0.001221"/>
</kw>
<doc>NonGuaranteed cashflow Pending auto Netting + Novation(to Guaranteed counterparty)
-&gt; NonGuaranteed cashflow cancelled + new cashflow: pending auto netting
          REQ: 2295160</doc>
<tag>SFMRPCCILNetting</tag>
<tag>SFMRPNetting</tag>
<tag>SFMRPNettingOnly</tag>
<tag>SFMRPRegression</tag>
<status status="PASS" start="2026-08-27T14:44:23.614990" elapsed="0.008104"/>
</test>
<test id="s1-s1-s1-t4" name="CN-API-CCILNetting-notAbleNetNonGAndGCf-006" line="264">
<kw name="Reset Backend State" owner="__import__" type="SETUP">
<kw name="Reset Backend State Impl" owner="ccil_backend">
<status status="PASS" start="2026-08-27T14:44:23.623534" elapsed="0.000043"/>
</kw>
<status status="PASS" start="2026-08-27T14:44:23.623432" elapsed="0.000165"/>
</kw>
<kw name="Comment" owner="BuiltIn">
<arg>******************** build guaranteed cashflows</arg>
<doc>Displays the given messages in the log file as keyword arguments.</doc>
<status status="PASS" start="2026-08-27T14:44:23.623666" elapsed="0.000107"/>
</kw>
<kw name="GenCashFlowCN" owner="ccil_backend">
<msg time="2026-08-27T14:44:23.624049" level="INFO">${guaranteedCf1} = 100000000001</msg>
<var>${guaranteedCf1}</var>
<arg>template=new</arg>
<arg>upstream=murex</arg>
<arg>isCredit=N</arg>
<arg>transactionFamily=${validFamily}</arg>
<arg>transactionGroup=${validGroup}</arg>
<arg>currency=${validCcy}</arg>
<arg>counterpartyFMID=${guaranteedCounterparty}</arg>
<arg>entityFMID=${validBookingEntity}</arg>
<status status="PASS" start="2026-08-27T14:44:23.623843" elapsed="0.000218"/>
</kw>
<kw name="Comment" owner="BuiltIn">
<arg>******************** build nonGuaranteed cashflows</arg>
<doc>Displays the given messages in the log file as keyword arguments.</doc>
<status status="PASS" start="2026-08-27T14:44:23.624136" elapsed="0.000077"/>
</kw>
<kw name="GenCashFlowCN" owner="ccil_backend">
<msg time="2026-08-27T14:44:23.624472" level="INFO">${nonGuaranteedCf1} = 100000000002</msg>
<var>${nonGuaranteedCf1}</var>
<arg>template=new</arg>
<arg>upstream=murex</arg>
<arg>isCredit=N</arg>
<arg>transactionFamily=${validFamily}</arg>
<arg>transactionGroup=${validGroup}</arg>
<arg>currency=${validCcy}</arg>
<arg>counterpartyFMID=${NonGuaranteedCounterparty}[0]</arg>
<arg>entityFMID=${validBookingEntity}</arg>
<status status="PASS" start="2026-08-27T14:44:23.624274" elapsed="0.000211"/>
</kw>
<kw name="Create List" owner="BuiltIn">
<msg time="2026-08-27T14:44:23.624880" level="INFO">@{cfList} = [ 100000000002 | 100000000001 ]</msg>
<var>@{cfList}</var>
<arg>${nonGuaranteedCf1}</arg>
<arg>${guaranteedCf1}</arg>
<doc>Returns a list containing given items.</doc>
<status status="PASS" start="2026-08-27T14:44:23.624631" elapsed="0.000269"/>
</kw>
<kw name="Comment" owner="BuiltIn">
<arg>******************** check cf pending auto netting and settlement method CCIL</arg>
<doc>Displays the given messages in the log file as keyword arguments.</doc>
<status status="PASS" start="2026-08-27T14:44:23.624989" elapsed="0.000103"/>
</kw>
<kw name="CheckSettMethodAndSubStateTypeOfCf" owner="ccil_checks">
<for flavor="IN">
<iter>
<kw name="WaitUntilCashflowToStatus" owner="ccil_backend">
<msg time="2026-08-27T14:44:23.625565" level="INFO">${response} = &lt;ccil_backend.Response object at 0x1037b5cd0&gt;</msg>
<var>${response}</var>
<arg>cashflowId=${element}</arg>
<arg>${jPathInCfDetails_cfSubStatType}=${expectedSubStat}</arg>
<arg>${jPathInCfDetails_SettlementMethod}=${expectedSettMethod}</arg>
<status status="PASS" start="2026-08-27T14:44:23.625406" elapsed="0.000171"/>
</kw>
<var name="${element}">100000000002</var>
<status status="PASS" start="2026-08-27T14:44:23.625371" elapsed="0.000223"/>
</iter>
<iter>
<kw name="WaitUntilCashflowToStatus" owner="ccil_backend">
<msg time="2026-08-27T14:44:23.625813" level="INFO">${response} = &lt;ccil_backend.Response object at 0x1037b5eb0&gt;</msg>
<var>${response}</var>
<arg>cashflowId=${element}</arg>
<arg>${jPathInCfDetails_cfSubStatType}=${expectedSubStat}</arg>
<arg>${jPathInCfDetails_SettlementMethod}=${expectedSettMethod}</arg>
<status status="PASS" start="2026-08-27T14:44:23.625661" elapsed="0.000163"/>
</kw>
<var name="${element}">100000000001</var>
<status status="PASS" start="2026-08-27T14:44:23.625629" elapsed="0.000210"/>
</iter>
<var>${element}</var>
<value>@{cashflowList}</value>
<status status="PASS" start="2026-08-27T14:44:23.625320" elapsed="0.000530"/>
</for>
<arg>${SubStatType_PendingAutoNetting}</arg>
<arg>${SettlementMthod_CCIL}</arg>
<arg>@{cfList}</arg>
<status status="PASS" start="2026-08-27T14:44:23.625180" elapsed="0.000691"/>
</kw>
<kw name="Comment" owner="BuiltIn">
<arg>******************** try CCIL net</arg>
<doc>Displays the given messages in the log file as keyword arguments.</doc>
<status status="PASS" start="2026-08-27T14:44:23.625927" elapsed="0.000076"/>
</kw>
<kw name="DoCCILNetting" owner="ccil_backend">
<msg time="2026-08-27T14:44:23.626132" level="INFO">${response} = &lt;ccil_backend.Response object at 0x1037b54c0&gt;</msg>
<msg time="2026-08-27T14:44:23.626153" level="INFO">${resultantCf} = null</msg>
<var>${response}</var>
<var>${resultantCf}</var>
<arg>@{cfList}</arg>
<status status="PASS" start="2026-08-27T14:44:23.626062" elapsed="0.000101"/>
</kw>
<kw name="Comment" owner="BuiltIn">
<arg>******************** Check not able to net</arg>
<doc>Displays the given messages in the log file as keyword arguments.</doc>
<status status="PASS" start="2026-08-27T14:44:23.626216" elapsed="0.000074"/>
</kw>
<kw name="Run Keyword And Continue On Failure" owner="BuiltIn">
<kw name="Should Be Equal" owner="BuiltIn">
<arg>${resultantCf}</arg>
<arg>null</arg>
<doc>Fails if the given objects are unequal.</doc>
<status status="PASS" start="2026-08-27T14:44:23.626479" elapsed="0.000113"/>
</kw>
<arg>Should Be Equal</arg>
<arg>${resultantCf}</arg>
<arg>null</arg>
<doc>Runs the keyword and continues execution even if a failure occurs.</doc>
<status status="PASS" start="2026-08-27T14:44:23.626346" elapsed="0.000267"/>
</kw>
<kw name="Comment" owner="BuiltIn">
<arg>******************** try normal net</arg>
<doc>Displays the given messages in the log file as keyword arguments.</doc>
<status status="PASS" start="2026-08-27T14:44:23.626668" elapsed="0.000071"/>
</kw>
<kw name="DoNetWithCashflowList" owner="ccil_backend">
<msg time="2026-08-27T14:44:23.626860" level="INFO">${response} = &lt;ccil_backend.Response object at 0x1037b8040&gt;</msg>
<msg time="2026-08-27T14:44:23.626878" level="INFO">${resultantCf} = null</msg>
<var>${response}</var>
<var>${resultantCf}</var>
<arg>@{cfList}</arg>
<status status="PASS" start="2026-08-27T14:44:23.626791" elapsed="0.000096"/>
</kw>
<kw name="Comment" owner="BuiltIn">
<arg>******************** Check not able to net</arg>
<doc>Displays the given messages in the log file as keyword arguments.</doc>
<status status="PASS" start="2026-08-27T14:44:23.626941" elapsed="0.000078"/>
</kw>
<kw name="Run Keyword And Continue On Failure" owner="BuiltIn">
<kw name="Should Be Equal" owner="BuiltIn">
<arg>${resultantCf}</arg>
<arg>null</arg>
<doc>Fails if the given objects are unequal.</doc>
<status status="PASS" start="2026-08-27T14:44:23.627200" elapsed="0.000104"/>
</kw>
<arg>Should Be Equal</arg>
<arg>${resultantCf}</arg>
<arg>null</arg>
<doc>Runs the keyword and continues execution even if a failure occurs.</doc>
<status status="PASS" start="2026-08-27T14:44:23.627077" elapsed="0.000246"/>
</kw>
<doc>Could not net NonGuaranteed and Guaranted cashflow
REQ: 2295160</doc>
<tag>SFMRPCCILNetting</tag>
<tag>SFMRPNetting</tag>
<tag>SFMRPNettingOnly</tag>
<tag>SFMRPRegression</tag>
<status status="PASS" start="2026-08-27T14:44:23.623209" elapsed="0.004175"/>
</test>
<test id="s1-s1-s1-t5" name="CN-API-CCILNetting-InvalidProduct-007" line="295">
<kw name="Reset Backend State" owner="__import__" type="SETUP">
<kw name="Reset Backend State Impl" owner="ccil_backend">
<status status="PASS" start="2026-08-27T14:44:23.627782" elapsed="0.000036"/>
</kw>
<status status="PASS" start="2026-08-27T14:44:23.627692" elapsed="0.000145"/>
</kw>
<kw name="Comment" owner="BuiltIn">
<arg>******************** build guaranteed cashflows with invalid murex group</arg>
<doc>Displays the given messages in the log file as keyword arguments.</doc>
<status status="PASS" start="2026-08-27T14:44:23.627913" elapsed="0.000080"/>
</kw>
<kw name="GenCashFlowCN" owner="ccil_backend">
<msg time="2026-08-27T14:44:23.628253" level="INFO">${guaranteedCf1} = 100000000001</msg>
<var>${guaranteedCf1}</var>
<arg>template=new</arg>
<arg>upstream=murex</arg>
<arg>isCredit=N</arg>
<arg>transactionFamily=${validFamily}</arg>
<arg>transactionGroup=CS</arg>
<arg>currency=${validCcy}</arg>
<arg>counterpartyFMID=${guaranteedCounterparty}</arg>
<arg>entityFMID=${validBookingEntity}</arg>
<status status="PASS" start="2026-08-27T14:44:23.628052" elapsed="0.000212"/>
</kw>
<kw name="Comment" owner="BuiltIn">
<arg>******************** build nonGuaranteed cashflows with invalid murex family and group</arg>
<doc>Displays the given messages in the log file as keyword arguments.</doc>
<status status="PASS" start="2026-08-27T14:44:23.628337" elapsed="0.000161"/>
</kw>
<kw name="GenCashFlowCN" owner="ccil_backend">
<msg time="2026-08-27T14:44:23.628721" level="INFO">${nonGuaranteedCf1} = 100000000002</msg>
<var>${nonGuaranteedCf1}</var>
<arg>template=new</arg>
<arg>upstream=murex</arg>
<arg>isCredit=N</arg>
<arg>transactionFamily=COM</arg>
<arg>transactionGroup=SWAP</arg>
<arg>currency=${validCcy}</arg>
<arg>counterpartyFMID=${NonGuaranteedCounterparty}[0]</arg>
<arg>entityFMID=${validBookingEntity}</arg>
<status status="PASS" start="2026-08-27T14:44:23.628549" elapsed="0.000182"/>
</kw>
<kw name="Create List" owner="BuiltIn">
<msg time="2026-08-27T14:44:23.628923" level="INFO">@{cashflowList} = [ 100000000001 | 100000000002 ]</msg>
<var>@{cashflowList}</var>
<arg>${guaranteedCf1}</arg>
<arg>${nonGuaranteedCf1}</arg>
<doc>Returns a list containing given items.</doc>
<status status="PASS" start="2026-08-27T14:44:23.628789" elapsed="0.000147"/>
</kw>
<kw name="CheckSettMethodAndSubStateTypeOfCf" owner="ccil_checks">
<for flavor="IN">
<iter>
<kw name="WaitUntilCashflowToStatus" owner="ccil_backend">
<msg time="2026-08-27T14:44:23.629390" level="INFO">${response} = &lt;ccil_backend.Response object at 0x1037a28b0&gt;</msg>
<var>${response}</var>
<arg>cashflowId=${element}</arg>
<arg>${jPathInCfDetails_cfSubStatType}=${expectedSubStat}</arg>
<arg>${jPathInCfDetails_SettlementMethod}=${expectedSettMethod}</arg>
<status status="PASS" start="2026-08-27T14:44:23.629233" elapsed="0.000169"/>
</kw>
<var name="${element}">100000000001</var>
<status status="PASS" start="2026-08-27T14:44:23.629199" elapsed="0.000220"/>
</iter>
<iter>
<kw name="WaitUntilCashflowToStatus" owner="ccil_backend">
<msg time="2026-08-27T14:44:23.629650" level="INFO">${response} = &lt;ccil_backend.Response object at 0x10376baf0&gt;</msg>
<var>${response}</var>
<arg>cashflowId=${element}</arg>
<arg>${jPathInCfDetails_cfSubStatType}=${expectedSubStat}</arg>
<arg>${jPathInCfDetails_SettlementMethod}=${expectedSettMethod}</arg>
<status status="PASS" start="2026-08-27T14:44:23.629485" elapsed="0.000178"/>
</kw>
<var name="${element}">100000000002</var>
<status status="PASS" start="2026-08-27T14:44:23.629450" elapsed="0.000229"/>
</iter>
<var>${element}</var>
<value>@{cashflowList}</value>
<status status="PASS" start="2026-08-27T14:44:23.629148" elapsed="0.000543"/>
</for>
<arg>${SubStatType_PendingException}</arg>
<arg>${SettlementMthod_Cash}</arg>
<arg>@{cashflowList}</arg>
<status status="PASS" start="2026-08-27T14:44:23.629016" elapsed="0.000696"/>
</kw>
<doc>valid booking enity: 4 + valid counterparty + INO + ! IRD/IRS -&gt; not pending netting
REQ: 2295160</doc>
<tag>SFMRPCCILNetting</tag>
<tag>SFMRPNetting</tag>
<tag>SFMRPNettingOnly</tag>
<tag>SFMRPRegression</tag>
<status status="PASS" start="2026-08-27T14:44:23.627470" elapsed="0.002293"/>
</test>
<test id="s1-s1-s1-t6" name="CN-API-CCILNetting-invalidCcy-008" line="312">
<kw name="Reset Backend State" owner="__import__" type="SETUP">
<kw name="Reset Backend State Impl" owner="ccil_backend">
<status status="PASS" start="2026-08-27T14:44:23.630148" elapsed="0.000039"/>
</kw>
<status status="PASS" start="2026-08-27T14:44:23.630054" elapsed="0.000154"/>
</kw>
<kw name="Comment" owner="BuiltIn">
<arg>******************** build guaranteed cashflows with invalid ccy</arg>
<doc>Displays the given messages in the log file as keyword arguments.</doc>
<status status="PASS" start="2026-08-27T14:44:23.630260" elapsed="0.000074"/>
</kw>
<kw name="GenCashFlowCN" owner="ccil_backend">
<msg time="2026-08-27T14:44:23.630574" level="INFO">${guaranteedCf1} = 100000000001</msg>
<var>${guaranteedCf1}</var>
<arg>template=new</arg>
<arg>upstream=murex</arg>
<arg>isCredit=N</arg>
<arg>transactionFamily=${validFamily}</arg>
<arg>transactionGroup=${validGroup}</arg>
<arg>currency=USD</arg>
<arg>counterpartyFMID=${guaranteedCounterparty}</arg>
<arg>entityFMID=${validBookingEntity}</arg>
<status status="PASS" start="2026-08-27T14:44:23.630389" elapsed="0.000197"/>
</kw>
<kw name="Comment" owner="BuiltIn">
<arg>******************** build nonGuaranteed cashflows with invalid ccy</arg>
<doc>Displays the given messages in the log file as keyword arguments.</doc>
<status status="PASS" start="2026-08-27T14:44:23.630652" elapsed="0.000078"/>
</kw>
<kw name="GenCashFlowCN" owner="ccil_backend">
<msg time="2026-08-27T14:44:23.630973" level="INFO">${nonGuaranteedCf1} = 100000000002</msg>
<var>${nonGuaranteedCf1}</var>
<arg>template=new</arg>
<arg>upstream=murex</arg>
<arg>isCredit=N</arg>
<arg>transactionFamily=${validFamily}</arg>
<arg>transactionGroup=${validGroup}</arg>
<arg>currency=USD</arg>
<arg>counterpartyFMID=${NonGuaranteedCounterparty}[0]</arg>
<arg>entityFMID=${validBookingEntity}</arg>
<status status="PASS" start="2026-08-27T14:44:23.630787" elapsed="0.000198"/>
</kw>
<kw name="Create List" owner="BuiltIn">
<msg time="2026-08-27T14:44:23.631191" level="INFO">@{cashflowList} = [ 100000000001 | 100000000002 ]</msg>
<var>@{cashflowList}</var>
<arg>${guaranteedCf1}</arg>
<arg>${nonGuaranteedCf1}</arg>
<doc>Returns a list containing given items.</doc>
<status status="PASS" start="2026-08-27T14:44:23.631051" elapsed="0.000152"/>
</kw>
<kw name="CheckSettMethodAndSubStateTypeOfCf" owner="ccil_checks">
<for flavor="IN">
<iter>
<kw name="WaitUntilCashflowToStatus" owner="ccil_backend">
<msg time="2026-08-27T14:44:23.631658" level="INFO">${response} = &lt;ccil_backend.Response object at 0x1037ac7c0&gt;</msg>
<var>${response}</var>
<arg>cashflowId=${element}</arg>
<arg>${jPathInCfDetails_cfSubStatType}=${expectedSubStat}</arg>
<arg>${jPathInCfDetails_SettlementMethod}=${expectedSettMethod}</arg>
<status status="PASS" start="2026-08-27T14:44:23.631492" elapsed="0.000178"/>
</kw>
<var name="${element}">100000000001</var>
<status status="PASS" start="2026-08-27T14:44:23.631457" elapsed="0.000229"/>
</iter>
<iter>
<kw name="WaitUntilCashflowToStatus" owner="ccil_backend">
<msg time="2026-08-27T14:44:23.631905" level="INFO">${response} = &lt;ccil_backend.Response object at 0x1037ac5b0&gt;</msg>
<var>${response}</var>
<arg>cashflowId=${element}</arg>
<arg>${jPathInCfDetails_cfSubStatType}=${expectedSubStat}</arg>
<arg>${jPathInCfDetails_SettlementMethod}=${expectedSettMethod}</arg>
<status status="PASS" start="2026-08-27T14:44:23.631751" elapsed="0.000166"/>
</kw>
<var name="${element}">100000000002</var>
<status status="PASS" start="2026-08-27T14:44:23.631720" elapsed="0.000214"/>
</iter>
<var>${element}</var>
<value>@{cashflowList}</value>
<status status="PASS" start="2026-08-27T14:44:23.631406" elapsed="0.000540"/>
</for>
<arg>${SubStatType_PendingException}</arg>
<arg>${SettlementMthod_Cash}</arg>
<arg>@{cashflowList}</arg>
<status status="PASS" start="2026-08-27T14:44:23.631277" elapsed="0.000690"/>
</kw>
<doc>valid booking enity: 4 + valid counterparty + ! INO +  IRD/IRS -&gt; not pending netting
REQ: 2295160</doc>
<tag>SFMRPCCILNetting</tag>
<tag>SFMRPNetting</tag>
<tag>SFMRPNettingOnly</tag>
<tag>SFMRPRegression</tag>
<status status="PASS" start="2026-08-27T14:44:23.629852" elapsed="0.002173"/>
</test>
<test id="s1-s1-s1-t7" name="CN-API-CCILNetting-invalidCounterparty-009" line="329">
<kw name="Reset Backend State" owner="__import__" type="SETUP">
<kw name="Reset Backend State Impl" owner="ccil_backend">
<status status="PASS" start="2026-08-27T14:44:23.632430" elapsed="0.000039"/>
</kw>
<status status="PASS" start="2026-08-27T14:44:23.632337" elapsed="0.000152"/>
</kw>
<kw name="Comment" owner="BuiltIn">
<arg>******************** build cashflow with invalid counterparty</arg>
<doc>Displays the given messages in the log file as keyword arguments.</doc>
<status status="PASS" start="2026-08-27T14:44:23.632543" elapsed="0.000081"/>
</kw>
<kw name="GenCashFlowCN" owner="ccil_backend">
<msg time="2026-08-27T14:44:23.632850" level="INFO">${guaranteedCf1} = 100000000001</msg>
<var>${guaranteedCf1}</var>
<arg>template=new</arg>
<arg>upstream=murex</arg>
<arg>isCredit=N</arg>
<arg>transactionFamily=${validFamily}</arg>
<arg>transactionGroup=${validGroup}</arg>
<arg>currency=${validCcy}</arg>
<arg>counterpartyFMID=3</arg>
<arg>entityFMID=${validBookingEntity}</arg>
<status status="PASS" start="2026-08-27T14:44:23.632679" elapsed="0.000183"/>
</kw>
<kw name="Create List" owner="BuiltIn">
<msg time="2026-08-27T14:44:23.633052" level="INFO">@{cashflowList} = [ 100000000001 ]</msg>
<var>@{cashflowList}</var>
<arg>${guaranteedCf1}</arg>
<doc>Returns a list containing given items.</doc>
<status status="PASS" start="2026-08-27T14:44:23.632926" elapsed="0.000138"/>
</kw>
<kw name="CheckSettMethodAndSubStateTypeOfCf" owner="ccil_checks">
<for flavor="IN">
<iter>
<kw name="WaitUntilCashflowToStatus" owner="ccil_backend">
<msg time="2026-08-27T14:44:23.633532" level="INFO">${response} = &lt;ccil_backend.Response object at 0x1037c1df0&gt;</msg>
<var>${response}</var>
<arg>cashflowId=${element}</arg>
<arg>${jPathInCfDetails_cfSubStatType}=${expectedSubStat}</arg>
<arg>${jPathInCfDetails_SettlementMethod}=${expectedSettMethod}</arg>
<status status="PASS" start="2026-08-27T14:44:23.633364" elapsed="0.000180"/>
</kw>
<var name="${element}">100000000001</var>
<status status="PASS" start="2026-08-27T14:44:23.633327" elapsed="0.000235"/>
</iter>
<var>${element}</var>
<value>@{cashflowList}</value>
<status status="PASS" start="2026-08-27T14:44:23.633277" elapsed="0.000297"/>
</for>
<arg>${SubStatType_PendingException}</arg>
<arg>${SettlementMthod_Cash}</arg>
<arg>@{cashflowList}</arg>
<status status="PASS" start="2026-08-27T14:44:23.633143" elapsed="0.000452"/>
</kw>
<doc>valid booking enity: 4 + ! valid counterparty + INO +  IRD/IRS -&gt; not pending netting
REQ: 2295160</doc>
<tag>SFMRPCCILNetting</tag>
<tag>SFMRPNetting</tag>
<tag>SFMRPNettingOnly</tag>
<tag>SFMRPRegression</tag>
<status status="PASS" start="2026-08-27T14:44:23.632140" elapsed="0.001511"/>
</test>
<test id="s1-s1-s1-t8" name="CN-API-CCILNetting-invalidBookingEntity-010" line="341">
<kw name="Reset Backend State" owner="__import__" type="SETUP">
<kw name="Reset Backend State Impl" owner="ccil_backend">
<status status="PASS" start="2026-08-27T14:44:23.634126" elapsed="0.000039"/>
</kw>
<status status="PASS" start="2026-08-27T14:44:23.633949" elapsed="0.000237"/>
</kw>
<kw name="Comment" owner="BuiltIn">
<arg>******************** build guaranteed cashflows with invalid booking entity</arg>
<doc>Displays the given messages in the log file as keyword arguments.</doc>
<status status="PASS" start="2026-08-27T14:44:23.634240" elapsed="0.000073"/>
</kw>
<kw name="GenCashFlowCN" owner="ccil_backend">
<msg time="2026-08-27T14:44:23.634581" level="INFO">${guaranteedCf1} = 100000000001</msg>
<var>${guaranteedCf1}</var>
<arg>template=new</arg>
<arg>upstream=murex</arg>
<arg>isCredit=N</arg>
<arg>transactionFamily=${validFamily}</arg>
<arg>transactionGroup=${validGroup}</arg>
<arg>currency=${validCcy}</arg>
<arg>counterpartyFMID=${guaranteedCounterparty}</arg>
<arg>entityFMID=400960089</arg>
<status status="PASS" start="2026-08-27T14:44:23.634366" elapsed="0.000259"/>
</kw>
<kw name="Comment" owner="BuiltIn">
<arg>******************** build nonGuaranteed cashflows with invalid booking entity</arg>
<doc>Displays the given messages in the log file as keyword arguments.</doc>
<status status="PASS" start="2026-08-27T14:44:23.634774" elapsed="0.000126"/>
</kw>
<kw name="GenCashFlowCN" owner="ccil_backend">
<msg time="2026-08-27T14:44:23.635202" level="INFO">${nonGuaranteedCf1} = 100000000002</msg>
<var>${nonGuaranteedCf1}</var>
<arg>template=new</arg>
<arg>upstream=murex</arg>
<arg>isCredit=N</arg>
<arg>transactionFamily=${validFamily}</arg>
<arg>transactionGroup=${validGroup}</arg>
<arg>currency=${validCcy}</arg>
<arg>counterpartyFMID=${NonGuaranteedCounterparty}[0]</arg>
<arg>entityFMID=400960089</arg>
<status status="PASS" start="2026-08-27T14:44:23.634983" elapsed="0.000232"/>
</kw>
<kw name="Create List" owner="BuiltIn">
<msg time="2026-08-27T14:44:23.635417" level="INFO">@{cashflowList} = [ 100000000001 | 100000000002 ]</msg>
<var>@{cashflowList}</var>
<arg>${guaranteedCf1}</arg>
<arg>${nonGuaranteedCf1}</arg>
<doc>Returns a list containing given items.</doc>
<status status="PASS" start="2026-08-27T14:44:23.635283" elapsed="0.000145"/>
</kw>
<kw name="CheckSettMethodAndSubStateTypeOfCf" owner="ccil_checks">
<for flavor="IN">
<iter>
<kw name="WaitUntilCashflowToStatus" owner="ccil_backend">
<msg time="2026-08-27T14:44:23.635886" level="INFO">${response} = &lt;ccil_backend.Response object at 0x103799940&gt;</msg>
<var>${response}</var>
<arg>cashflowId=${element}</arg>
<arg>${jPathInCfDetails_cfSubStatType}=${expectedSubStat}</arg>
<arg>${jPathInCfDetails_SettlementMethod}=${expectedSettMethod}</arg>
<status status="PASS" start="2026-08-27T14:44:23.635726" elapsed="0.000173"/>
</kw>
<var name="${element}">100000000001</var>
<status status="PASS" start="2026-08-27T14:44:23.635691" elapsed="0.000224"/>
</iter>
<iter>
<kw name="WaitUntilCashflowToStatus" owner="ccil_backend">
<msg time="2026-08-27T14:44:23.636134" level="INFO">${response} = &lt;ccil_backend.Response object at 0x1037936a0&gt;</msg>
<var>${response}</var>
<arg>cashflowId=${element}</arg>
<arg>${jPathInCfDetails_cfSubStatType}=${expectedSubStat}</arg>
<arg>${jPathInCfDetails_SettlementMethod}=${expectedSettMethod}</arg>
<status status="PASS" start="2026-08-27T14:44:23.635978" elapsed="0.000168"/>
</kw>
<var name="${element}">100000000002</var>
<status status="PASS" start="2026-08-27T14:44:23.635945" elapsed="0.000217"/>
</iter>
<var>${element}</var>
<value>@{cashflowList}</value>
<status status="PASS" start="2026-08-27T14:44:23.635641" elapsed="0.000532"/>
</for>
<arg>${SubStatType_PendingException}</arg>
<arg>${SettlementMthod_Cash}</arg>
<arg>@{cashflowList}</arg>
<status status="PASS" start="2026-08-27T14:44:23.635510" elapsed="0.000684"/>
</kw>
<doc>valid booking ! enity: 4 + valid counterparty + INO +  IRD/IRS -&gt; not pending netting
REQ: 2295160</doc>
<tag>SFMRPCCILNetting</tag>
<tag>SFMRPNetting</tag>
<tag>SFMRPNettingOnly</tag>
<tag>SFMRPRegression</tag>
<status status="PASS" start="2026-08-27T14:44:23.633741" elapsed="0.002508"/>
</test>
<test id="s1-s1-s1-t9" name="CN-API-CCILNetting-SettleAsGross-011" line="358">
<kw name="Reset Backend State" owner="__import__" type="SETUP">
<kw name="Reset Backend State Impl" owner="ccil_backend">
<status status="PASS" start="2026-08-27T14:44:23.636615" elapsed="0.000037"/>
</kw>
<status status="PASS" start="2026-08-27T14:44:23.636526" elapsed="0.000146"/>
</kw>
<kw name="Comment" owner="BuiltIn">
<arg>******************** build guaranteed cashflows</arg>
<doc>Displays the given messages in the log file as keyword arguments.</doc>
<status status="PASS" start="2026-08-27T14:44:23.636724" elapsed="0.000079"/>
</kw>
<kw name="GenCashFlowCN" owner="ccil_backend">
<msg time="2026-08-27T14:44:23.637038" level="INFO">${guaranteedCf1} = 100000000001</msg>
<var>${guaranteedCf1}</var>
<arg>template=new</arg>
<arg>upstream=murex</arg>
<arg>isCredit=N</arg>
<arg>transactionFamily=${validFamily}</arg>
<arg>transactionGroup=${validGroup}</arg>
<arg>currency=${validCcy}</arg>
<arg>counterpartyFMID=${guaranteedCounterparty}</arg>
<arg>entityFMID=${validBookingEntity}</arg>
<status status="PASS" start="2026-08-27T14:44:23.636857" elapsed="0.000192"/>
</kw>
<kw name="Comment" owner="BuiltIn">
<arg>******************** build nonGuaranteed cashflows</arg>
<doc>Displays the given messages in the log file as keyword arguments.</doc>
<status status="PASS" start="2026-08-27T14:44:23.637137" elapsed="0.000082"/>
</kw>
<kw name="GenCashFlowCN" owner="ccil_backend">
<msg time="2026-08-27T14:44:23.637463" level="INFO">${nonGuaranteedCf1} = 100000000002</msg>
<var>${nonGuaranteedCf1}</var>
<arg>template=new</arg>
<arg>upstream=murex</arg>
<arg>isCredit=N</arg>
<arg>transactionFamily=${validFamily}</arg>
<arg>transactionGroup=${validGroup}</arg>
<arg>currency=${validCcy}</arg>
<arg>counterpartyFMID=${NonGuaranteedCounterparty}[0]</arg>
<arg>entityFMID=${validBookingEntity}</arg>
<status status="PASS" start="2026-08-27T14:44:23.637273" elapsed="0.000201"/>
</kw>
<kw name="Create List" owner="BuiltIn">
<msg time="2026-08-27T14:44:23.637663" level="INFO">@{cfList} = [ 100000000002 | 100000000001 ]</msg>
<var>@{cfList}</var>
<arg>${nonGuaranteedCf1}</arg>
<arg>${guaranteedCf1}</arg>
<doc>Returns a list containing given items.</doc>
<status status="PASS" start="2026-08-27T14:44:23.637535" elapsed="0.000139"/>
</kw>
<for flavor="IN">
<iter>
<kw name="WaitUntilCashflowToStatus" owner="ccil_backend">
<msg time="2026-08-27T14:44:23.637947" level="INFO">${response} = &lt;ccil_backend.Response object at 0x1037a2640&gt;</msg>
<var>${response}</var>
<arg>cashflowId=${element}</arg>
<arg>${jPathInCfDetails_cfSubStatType}=${SubStatType_PendingAutoNetting}</arg>
<arg>${jPathInCfDetails_SettlementMethod}=${SettlementMthod_CCIL}</arg>
<status status="PASS" start="2026-08-27T14:44:23.637795" elapsed="0.000163"/>
</kw>
<kw name="RatanActions" owner="ccil_backend">
<arg>${element}</arg>
<arg>${response}</arg>
<arg>SettleAsGross</arg>
<status status="PASS" start="2026-08-27T14:44:23.638000" elapsed="0.000064"/>
</kw>
<kw name="WaitUntilCashflowToStatus" owner="ccil_backend">
<msg time="2026-08-27T14:44:23.638262" level="INFO">${response} = &lt;ccil_backend.Response object at 0x1037a2b50&gt;</msg>
<var>${response}</var>
<arg>cashflowId=${element}</arg>
<arg>${QUERY_RESULT}.ratanException[?(@.Exception_Code\=\="Settled as gross")].Status=PENDING_OPERATOR</arg>
<arg>${QUERY_RESULT}.ratanException[?(@.Exception_Code\=\="Settled as gross")].Exception_Category=NSTP</arg>
<arg>${QUERY_RESULT}.cashflow.Cashflow.Cashflow_Sub_State_Type=Pending Exception</arg>
<status status="PASS" start="2026-08-27T14:44:23.638103" elapsed="0.000171"/>
</kw>
<var name="${element}">100000000002</var>
<status status="PASS" start="2026-08-27T14:44:23.637762" elapsed="0.000528"/>
</iter>
<iter>
<kw name="WaitUntilCashflowToStatus" owner="ccil_backend">
<msg time="2026-08-27T14:44:23.638501" level="INFO">${response} = &lt;ccil_backend.Response object at 0x1037b5c10&gt;</msg>
<var>${response}</var>
<arg>cashflowId=${element}</arg>
<arg>${jPathInCfDetails_cfSubStatType}=${SubStatType_PendingAutoNetting}</arg>
<arg>${jPathInCfDetails_SettlementMethod}=${SettlementMthod_CCIL}</arg>
<status status="PASS" start="2026-08-27T14:44:23.638356" elapsed="0.000156"/>
</kw>
<kw name="RatanActions" owner="ccil_backend">
<arg>${element}</arg>
<arg>${response}</arg>
<arg>SettleAsGross</arg>
<status status="PASS" start="2026-08-27T14:44:23.638553" elapsed="0.000061"/>
</kw>
<kw name="WaitUntilCashflowToStatus" owner="ccil_backend">
<msg time="2026-08-27T14:44:23.638802" level="INFO">${response} = &lt;ccil_backend.Response object at 0x1037b59d0&gt;</msg>
<var>${response}</var>
<arg>cashflowId=${element}</arg>
<arg>${QUERY_RESULT}.ratanException[?(@.Exception_Code\=\="Settled as gross")].Status=PENDING_OPERATOR</arg>
<arg>${QUERY_RESULT}.ratanException[?(@.Exception_Code\=\="Settled as gross")].Exception_Category=NSTP</arg>
<arg>${QUERY_RESULT}.cashflow.Cashflow.Cashflow_Sub_State_Type=Pending Exception</arg>
<status status="PASS" start="2026-08-27T14:44:23.638653" elapsed="0.000160"/>
</kw>
<var name="${element}">100000000001</var>
<status status="PASS" start="2026-08-27T14:44:23.638324" elapsed="0.000506"/>
</iter>
<var>${element}</var>
<value>@{cfList}</value>
<status status="PASS" start="2026-08-27T14:44:23.637707" elapsed="0.001134"/>
</for>
<doc>Can do settle as gross for both NonGuaranteed and Guaranted cashflow
REQ: 4954820, 2295160</doc>
<tag>SettleAsGross</tag>
<tag>SFMRPCCILNetting</tag>
<tag>SFMRPNetting</tag>
<tag>SFMRPNettingOnly</tag>
<tag>SFMRPRegression</tag>
<status status="PASS" start="2026-08-27T14:44:23.636334" elapsed="0.002557"/>
</test>
<test id="s1-s1-s1-t10" name="CN-API-CCILNetting-notAbleToNetDiffValueDate-012" line="388">
<kw name="Reset Backend State" owner="__import__" type="SETUP">
<kw name="Reset Backend State Impl" owner="ccil_backend">
<status status="PASS" start="2026-08-27T14:44:23.639234" elapsed="0.000036"/>
</kw>
<status status="PASS" start="2026-08-27T14:44:23.639146" elapsed="0.000142"/>
</kw>
<kw name="Get Current Date" owner="DateTime">
<msg time="2026-08-27T14:44:23.639433" level="INFO">${current_date} = 20260827</msg>
<var>${current_date}</var>
<arg>result_format=%Y%m%d</arg>
<doc>Returns current local or UTC time with an optional increment.</doc>
<status status="PASS" start="2026-08-27T14:44:23.639340" elapsed="0.000104"/>
</kw>
<kw name="Add Time To Date" owner="DateTime">
<msg time="2026-08-27T14:44:23.641056" level="INFO">${after_current_date} = 20260828</msg>
<var>${after_current_date}</var>
<arg>${current_date}</arg>
<arg>1days</arg>
<arg>result_format=%Y%m%d</arg>
<doc>Adds time to date and returns the resulting date.</doc>
<status status="PASS" start="2026-08-27T14:44:23.639498" elapsed="0.001573"/>
</kw>
<kw name="Comment" owner="BuiltIn">
<arg>******************** build guaranteed cashflows with diffrent valueDate</arg>
<doc>Displays the given messages in the log file as keyword arguments.</doc>
<status status="PASS" start="2026-08-27T14:44:23.641148" elapsed="0.000088"/>
</kw>
<kw name="GenCashFlowCN" owner="ccil_backend">
<msg time="2026-08-27T14:44:23.641497" level="INFO">${guaranteedCf1} = 100000000001</msg>
<var>${guaranteedCf1}</var>
<arg>template=new</arg>
<arg>upstream=murex</arg>
<arg>isCredit=N</arg>
<arg>transactionFamily=${validFamily}</arg>
<arg>transactionGroup=${validGroup}</arg>
<arg>currency=${validCcy}</arg>
<arg>counterpartyFMID=${guaranteedCounterparty}</arg>
<arg>entityFMID=${validBookingEntity}</arg>
[...]
<var>&amp;{returnDic}</var>
<arg>template=${FXForward_NewTradeBooking}</arg>
<arg>trackingVersion=0</arg>
<arg>tradeStateInTrade=AFFIRMED</arg>
<status status="PASS" start="2026-08-27T14:44:23.799599" elapsed="0.000129"/>
</kw>
<kw name="Set Variable" owner="BuiltIn">
<msg time="2026-08-27T14:44:23.799905" level="INFO">${ccy1Cf} = 200000000001</msg>
<var>${ccy1Cf}</var>
<arg>${returnDic}[ccy1Cf]</arg>
<doc>Returns the given values which can then be assigned to a variables.</doc>
<status status="PASS" start="2026-08-27T14:44:23.799784" elapsed="0.000133"/>
</kw>
<kw name="Set Variable" owner="BuiltIn">
<msg time="2026-08-27T14:44:23.800085" level="INFO">${ccy2Cf} = 200000000002</msg>
<var>${ccy2Cf}</var>
<arg>${returnDic}[ccy2Cf]</arg>
<doc>Returns the given values which can then be assigned to a variables.</doc>
<status status="PASS" start="2026-08-27T14:44:23.799965" elapsed="0.000132"/>
</kw>
<kw name="Set Variable" owner="BuiltIn">
<msg time="2026-08-27T14:44:23.800263" level="INFO">${tradeId} = TRADE001</msg>
<var>${tradeId}</var>
<arg>${returnDic}[tradeId]</arg>
<doc>Returns the given values which can then be assigned to a variables.</doc>
<status status="PASS" start="2026-08-27T14:44:23.800145" elapsed="0.000130"/>
</kw>
<kw name="ProcessCfToPostReleaseStat" owner="rebook_backend">
<arg>cf=${ccy1Cf}</arg>
<arg>releasedStatus=${State_RELEASED}</arg>
<arg>settledStatus=${State_SETTLED}</arg>
<status status="PASS" start="2026-08-27T14:44:23.800319" elapsed="0.000131"/>
</kw>
<kw name="ProcessCfToPostReleaseStat" owner="rebook_backend">
<arg>cf=${ccy2Cf}</arg>
<arg>releasedStatus=${State_RELEASED}</arg>
<arg>settledStatus=${State_SETTLED}</arg>
<status status="PASS" start="2026-08-27T14:44:23.800490" elapsed="0.000119"/>
</kw>
<status status="PASS" start="2026-08-27T14:44:23.799558" elapsed="0.001067"/>
</group>
<group name="Withdrawal Trade(T1_M2): C1 withdraw">
<kw name="UberCfGenerator" owner="rebook_backend">
<msg time="2026-08-27T14:44:23.800859" level="INFO">&amp;{returnDic} = { tradeId=TRADE001 | ccy1Cf=200000000001 | ccy2Cf=200000000002 }</msg>
<var>&amp;{returnDic}</var>
<arg>template=${FXForward_WithdrawalTrade}</arg>
<arg>trackingVersion=1</arg>
<arg>majorVersion=2</arg>
<arg>ccy1Cf=${ccy1Cf}</arg>
<arg>ccy2Cf=${ccy2Cf}</arg>
<arg>tradeId=${tradeId}</arg>
<status status="PASS" start="2026-08-27T14:44:23.800694" elapsed="0.000177"/>
</kw>
<for flavor="IN">
<iter>
<kw name="CheckCashflowReversalOrRebook" owner="rebook_checks">
<kw name="WaitUntilCashflowToStatus" owner="rebook_backend">
<msg time="2026-08-27T14:44:23.801399" level="INFO">${response} = &lt;rebook_backend.Response object at 0x1037b80d0&gt;</msg>
<var>${response}</var>
<arg>cashflowId=${cashflowId}</arg>
<status status="PASS" start="2026-08-27T14:44:23.801236" elapsed="0.000191"/>
</kw>
<kw name="GetFieldValueFromCfDetails" owner="rebook_backend">
<msg time="2026-08-27T14:44:23.801695" level="INFO">${actual} = PENDING_OPERATOR</msg>
<var>${actual}</var>
<arg>${response}</arg>
<arg>${QUERY_RESULT}.ratanException[?(@.Exception_Code=="${expectedCode}")].Status</arg>
<status status="PASS" start="2026-08-27T14:44:23.801524" elapsed="0.000184"/>
</kw>
<kw name="Should Be Equal" owner="BuiltIn">
<arg>${actual}</arg>
<arg>${expectedStatus}</arg>
<doc>Fails if the given objects are unequal.</doc>
<status status="PASS" start="2026-08-27T14:44:23.801766" elapsed="0.000179"/>
</kw>
<arg>${cf}</arg>
<arg>${excpStatus_PENDING_OPERATOR}</arg>
<arg>${excpCode_Reversal}</arg>
<status status="PASS" start="2026-08-27T14:44:23.801018" elapsed="0.000962"/>
</kw>
<kw name="ProcessCfToPostReleaseStat" owner="rebook_backend">
<arg>cf=${cf}</arg>
<arg>releasedStatus=${State_RELEASED}</arg>
<arg>settledStatus=${State_SETTLED}</arg>
<status status="PASS" start="2026-08-27T14:44:23.802029" elapsed="0.000158"/>
</kw>
<var name="${cf}">200000000001</var>
<status status="PASS" start="2026-08-27T14:44:23.800966" elapsed="0.001239"/>
</iter>
<iter>
<kw name="CheckCashflowReversalOrRebook" owner="rebook_checks">
<kw name="WaitUntilCashflowToStatus" owner="rebook_backend">
<msg time="2026-08-27T14:44:23.802590" level="INFO">${response} = &lt;rebook_backend.Response object at 0x1042020d0&gt;</msg>
<var>${response}</var>
<arg>cashflowId=${cashflowId}</arg>
<status status="PASS" start="2026-08-27T14:44:23.802498" elapsed="0.000105"/>
</kw>
<kw name="GetFieldValueFromCfDetails" owner="rebook_backend">
<msg time="2026-08-27T14:44:23.802774" level="INFO">${actual} = PENDING_OPERATOR</msg>
<var>${actual}</var>
<arg>${response}</arg>
<arg>${QUERY_RESULT}.ratanException[?(@.Exception_Code=="${expectedCode}")].Status</arg>
<status status="PASS" start="2026-08-27T14:44:23.802649" elapsed="0.000137"/>
</kw>
<kw name="Should Be Equal" owner="BuiltIn">
<arg>${actual}</arg>
<arg>${expectedStatus}</arg>
<doc>Fails if the given objects are unequal.</doc>
<status status="PASS" start="2026-08-27T14:44:23.802871" elapsed="0.000180"/>
</kw>
<arg>${cf}</arg>
<arg>${excpStatus_PENDING_OPERATOR}</arg>
<arg>${excpCode_Reversal}</arg>
<status status="PASS" start="2026-08-27T14:44:23.802320" elapsed="0.000767"/>
</kw>
<kw name="ProcessCfToPostReleaseStat" owner="rebook_backend">
<arg>cf=${cf}</arg>
<arg>releasedStatus=${State_RELEASED}</arg>
<arg>settledStatus=${State_SETTLED}</arg>
<status status="PASS" start="2026-08-27T14:44:23.803139" elapsed="0.000157"/>
</kw>
<var name="${cf}">200000000002</var>
<status status="PASS" start="2026-08-27T14:44:23.802254" elapsed="0.001059"/>
</iter>
<var>${cf}</var>
<value>${ccy1Cf}</value>
<value>${ccy2Cf}</value>
<status status="PASS" start="2026-08-27T14:44:23.800900" elapsed="0.002427"/>
</for>
<status status="PASS" start="2026-08-27T14:44:23.800657" elapsed="0.002687"/>
</group>
<group name="Revive Trade(T1_M3): C1 new">
<kw name="Offset Time" owner="rebook_backend">
<msg time="2026-08-27T14:44:23.803527" level="INFO">${valuedata} = 2026-09-01</msg>
<var>${valuedata}</var>
<arg>0/0/5</arg>
<arg>output_format=%Y-%m-%d</arg>
<status status="PASS" start="2026-08-27T14:44:23.803438" elapsed="0.000118"/>
</kw>
<kw name="UberCfGenerator" owner="rebook_backend">
<msg time="2026-08-27T14:44:23.803833" level="INFO">&amp;{returnDic} = { tradeId=TRADE001 | ccy1Cf=200000000001 | ccy2Cf=200000000002 }</msg>
<var>&amp;{returnDic}</var>
<arg>template=${StellaUber_FXForward_UNDO}</arg>
<arg>trackingVersion=2</arg>
<arg>majorVersion=3</arg>
<arg>businessVersion=2</arg>
<arg>ccy1Cf=${ccy1Cf}</arg>
<arg>ccy2Cf=${ccy2Cf}</arg>
<arg>tradeId=${tradeId}</arg>
<arg>valuedate=${valuedata}</arg>
<status status="PASS" start="2026-08-27T14:44:23.803604" elapsed="0.000257"/>
</kw>
<for flavor="IN">
<iter>
<kw name="CheckCashflowReversalOrRebook" owner="rebook_checks">
<kw name="WaitUntilCashflowToStatus" owner="rebook_backend">
<msg time="2026-08-27T14:44:23.804315" level="INFO">${response} = &lt;rebook_backend.Response object at 0x1037ac400&gt;</msg>
<var>${response}</var>
<arg>cashflowId=${cashflowId}</arg>
<status status="PASS" start="2026-08-27T14:44:23.804222" elapsed="0.000106"/>
</kw>
<kw name="GetFieldValueFromCfDetails" owner="rebook_backend">
<msg time="2026-08-27T14:44:23.804490" level="INFO">${actual} = PENDING_OPERATOR</msg>
<var>${actual}</var>
<arg>${response}</arg>
<arg>${QUERY_RESULT}.ratanException[?(@.Exception_Code=="${expectedCode}")].Status</arg>
<status status="PASS" start="2026-08-27T14:44:23.804375" elapsed="0.000127"/>
</kw>
<kw name="Should Be Equal" owner="BuiltIn">
<arg>${actual}</arg>
<arg>${expectedStatus}</arg>
<doc>Fails if the given objects are unequal.</doc>
<status status="PASS" start="2026-08-27T14:44:23.804548" elapsed="0.000136"/>
</kw>
<arg>${cf}</arg>
<arg>${excpStatus_PENDING_OPERATOR}</arg>
<arg>${excpCode_Rebook}</arg>
<status status="PASS" start="2026-08-27T14:44:23.804053" elapsed="0.000657"/>
</kw>
<var name="${cf}">200000000001</var>
<status status="PASS" start="2026-08-27T14:44:23.803984" elapsed="0.000740"/>
</iter>
<iter>
<kw name="CheckCashflowReversalOrRebook" owner="rebook_checks">
<kw name="WaitUntilCashflowToStatus" owner="rebook_backend">
<msg time="2026-08-27T14:44:23.805035" level="INFO">${response} = &lt;rebook_backend.Response object at 0x1037c3250&gt;</msg>
<var>${response}</var>
<arg>cashflowId=${cashflowId}</arg>
<status status="PASS" start="2026-08-27T14:44:23.804956" elapsed="0.000090"/>
</kw>
<kw name="GetFieldValueFromCfDetails" owner="rebook_backend">
<msg time="2026-08-27T14:44:23.805193" level="INFO">${actual} = PENDING_OPERATOR</msg>
<var>${actual}</var>
<arg>${response}</arg>
<arg>${QUERY_RESULT}.ratanException[?(@.Exception_Code=="${expectedCode}")].Status</arg>
<status status="PASS" start="2026-08-27T14:44:23.805086" elapsed="0.000117"/>
</kw>
<kw name="Should Be Equal" owner="BuiltIn">
<arg>${actual}</arg>
<arg>${expectedStatus}</arg>
<doc>Fails if the given objects are unequal.</doc>
<status status="PASS" start="2026-08-27T14:44:23.805247" elapsed="0.000118"/>
</kw>
<arg>${cf}</arg>
<arg>${excpStatus_PENDING_OPERATOR}</arg>
<arg>${excpCode_Rebook}</arg>
<status status="PASS" start="2026-08-27T14:44:23.804809" elapsed="0.000580"/>
</kw>
<var name="${cf}">200000000002</var>
<status status="PASS" start="2026-08-27T14:44:23.804757" elapsed="0.000646"/>
</iter>
<var>${cf}</var>
<value>${ccy1Cf}</value>
<value>${ccy2Cf}</value>
<status status="PASS" start="2026-08-27T14:44:23.803902" elapsed="0.001511"/>
</for>
<status status="PASS" start="2026-08-27T14:44:23.803394" elapsed="0.002033"/>
</group>
<doc>Rebook tag window move from 15 to 5 days.
=5 days</doc>
<tag>regression</tag>
<tag>smoke</tag>
<status status="PASS" start="2026-08-27T14:44:23.799209" elapsed="0.006275"/>
</test>
<test id="s1-s2-s3-t2" name="CN-API-Rebook-001-009" line="40">
<kw name="Reset Backend State" owner="__import__" type="SETUP">
<kw name="Reset Backend State Impl" owner="rebook_backend">
<status status="PASS" start="2026-08-27T14:44:23.805817" elapsed="0.000037"/>
</kw>
<status status="PASS" start="2026-08-27T14:44:23.805729" elapsed="0.000144"/>
</kw>
<group name="New Booking: T1_M1 C1 &amp; C1 post-released status">
<kw name="UberCfGenerator" owner="rebook_backend">
<msg time="2026-08-27T14:44:23.806051" level="INFO">&amp;{returnDic} = { tradeId=TRADE001 | ccy1Cf=200000000001 | ccy2Cf=200000000002 }</msg>
<var>&amp;{returnDic}</var>
<arg>template=${FXForward_NewTradeBooking}</arg>
<arg>trackingVersion=0</arg>
<arg>tradeStateInTrade=AFFIRMED</arg>
<status status="PASS" start="2026-08-27T14:44:23.805941" elapsed="0.000122"/>
</kw>
<kw name="Set Variable" owner="BuiltIn">
<msg time="2026-08-27T14:44:23.806221" level="INFO">${ccy1Cf} = 200000000001</msg>
<var>${ccy1Cf}</var>
<arg>${returnDic}[ccy1Cf]</arg>
<doc>Returns the given values which can then be assigned to a variables.</doc>
<status status="PASS" start="2026-08-27T14:44:23.806109" elapsed="0.000122"/>
</kw>
<kw name="Set Variable" owner="BuiltIn">
<msg time="2026-08-27T14:44:23.806378" level="INFO">${ccy2Cf} = 200000000002</msg>
<var>${ccy2Cf}</var>
<arg>${returnDic}[ccy2Cf]</arg>
<doc>Returns the given values which can then be assigned to a variables.</doc>
<status status="PASS" start="2026-08-27T14:44:23.806274" elapsed="0.000115"/>
</kw>
<kw name="Set Variable" owner="BuiltIn">
<msg time="2026-08-27T14:44:23.806533" level="INFO">${tradeId} = TRADE001</msg>
<var>${tradeId}</var>
<arg>${returnDic}[tradeId]</arg>
<doc>Returns the given values which can then be assigned to a variables.</doc>
<status status="PASS" start="2026-08-27T14:44:23.806430" elapsed="0.000113"/>
</kw>
<kw name="ProcessCfToPostReleaseStat" owner="rebook_backend">
<arg>cf=${ccy1Cf}</arg>
<arg>releasedStatus=${State_RELEASED}</arg>
<arg>settledStatus=${State_SETTLED}</arg>
<status status="PASS" start="2026-08-27T14:44:23.806582" elapsed="0.000119"/>
</kw>
<kw name="ProcessCfToPostReleaseStat" owner="rebook_backend">
<arg>cf=${ccy2Cf}</arg>
<arg>releasedStatus=${State_RELEASED}</arg>
<arg>settledStatus=${State_SETTLED}</arg>
<status status="PASS" start="2026-08-27T14:44:23.806741" elapsed="0.000110"/>
</kw>
<status status="PASS" start="2026-08-27T14:44:23.805904" elapsed="0.000961"/>
</group>
<group name="Withdrawal Trade(T1_M2): C1 withdraw">
<kw name="UberCfGenerator" owner="rebook_backend">
<msg time="2026-08-27T14:44:23.807064" level="INFO">&amp;{returnDic} = { tradeId=TRADE001 | ccy1Cf=200000000001 | ccy2Cf=200000000002 }</msg>
<var>&amp;{returnDic}</var>
<arg>template=${FXForward_WithdrawalTrade}</arg>
<arg>trackingVersion=1</arg>
<arg>majorVersion=2</arg>
<arg>ccy1Cf=${ccy1Cf}</arg>
<arg>ccy2Cf=${ccy2Cf}</arg>
<arg>tradeId=${tradeId}</arg>
<status status="PASS" start="2026-08-27T14:44:23.806925" elapsed="0.000150"/>
</kw>
<for flavor="IN">
<iter>
<kw name="CheckCashflowReversalOrRebook" owner="rebook_checks">
<kw name="WaitUntilCashflowToStatus" owner="rebook_backend">
<msg time="2026-08-27T14:44:23.807500" level="INFO">${response} = &lt;rebook_backend.Response object at 0x1037c3310&gt;</msg>
<var>${response}</var>
<arg>cashflowId=${cashflowId}</arg>
<status status="PASS" start="2026-08-27T14:44:23.807425" elapsed="0.000086"/>
</kw>
<kw name="GetFieldValueFromCfDetails" owner="rebook_backend">
<msg time="2026-08-27T14:44:23.807660" level="INFO">${actual} = PENDING_OPERATOR</msg>
<var>${actual}</var>
<arg>${response}</arg>
<arg>${QUERY_RESULT}.ratanException[?(@.Exception_Code=="${expectedCode}")].Status</arg>
<status status="PASS" start="2026-08-27T14:44:23.807550" elapsed="0.000122"/>
</kw>
<kw name="Should Be Equal" owner="BuiltIn">
<arg>${actual}</arg>
<arg>${expectedStatus}</arg>
<doc>Fails if the given objects are unequal.</doc>
<status status="PASS" start="2026-08-27T14:44:23.807719" elapsed="0.000115"/>
</kw>
<arg>${cf}</arg>
<arg>${excpStatus_PENDING_OPERATOR}</arg>
<arg>${excpCode_Reversal}</arg>
<status status="PASS" start="2026-08-27T14:44:23.807285" elapsed="0.000573"/>
</kw>
<kw name="ProcessCfToPostReleaseStat" owner="rebook_backend">
<arg>cf=${cf}</arg>
<arg>releasedStatus=${State_RELEASED}</arg>
<arg>settledStatus=${State_SETTLED}</arg>
<status status="PASS" start="2026-08-27T14:44:23.807897" elapsed="0.000109"/>
</kw>
<var name="${cf}">200000000001</var>
<status status="PASS" start="2026-08-27T14:44:23.807157" elapsed="0.000885"/>
</iter>
<iter>
<kw name="CheckCashflowReversalOrRebook" owner="rebook_checks">
<kw name="WaitUntilCashflowToStatus" owner="rebook_backend">
<msg time="2026-08-27T14:44:23.808419" level="INFO">${response} = &lt;rebook_backend.Response object at 0x103720250&gt;</msg>
<var>${response}</var>
<arg>cashflowId=${cashflowId}</arg>
<status status="PASS" start="2026-08-27T14:44:23.808338" elapsed="0.000093"/>
</kw>
<kw name="GetFieldValueFromCfDetails" owner="rebook_backend">
<msg time="2026-08-27T14:44:23.808576" level="INFO">${actual} = PENDING_OPERATOR</msg>
<var>${actual}</var>
<arg>${response}</arg>
<arg>${QUERY_RESULT}.ratanException[?(@.Exception_Code=="${expectedCode}")].Status</arg>
<status status="PASS" start="2026-08-27T14:44:23.808471" elapsed="0.000115"/>
</kw>
<kw name="Should Be Equal" owner="BuiltIn">
<arg>${actual}</arg>
<arg>${expectedStatus}</arg>
<doc>Fails if the given objects are unequal.</doc>
<status status="PASS" start="2026-08-27T14:44:23.808629" elapsed="0.000115"/>
</kw>
<arg>${cf}</arg>
<arg>${excpStatus_PENDING_OPERATOR}</arg>
<arg>${excpCode_Reversal}</arg>
<status status="PASS" start="2026-08-27T14:44:23.808141" elapsed="0.000626"/>
</kw>
<kw name="ProcessCfToPostReleaseStat" owner="rebook_backend">
<arg>cf=${cf}</arg>
<arg>releasedStatus=${State_RELEASED}</arg>
<arg>settledStatus=${State_SETTLED}</arg>
<status status="PASS" start="2026-08-27T14:44:23.808807" elapsed="0.000108"/>
</kw>
<var name="${cf}">200000000002</var>
<status status="PASS" start="2026-08-27T14:44:23.808088" elapsed="0.000842"/>
</iter>
<var>${cf}</var>
<value>${ccy1Cf}</value>
<value>${ccy2Cf}</value>
<status status="PASS" start="2026-08-27T14:44:23.807100" elapsed="0.001842"/>
</for>
<status status="PASS" start="2026-08-27T14:44:23.806891" elapsed="0.002063"/>
</group>
<group name="Revive Trade(T1_M3): C1 new">
<kw name="Offset Time" owner="rebook_backend">
<msg time="2026-08-27T14:44:23.809089" level="INFO">${valuedata} = 2026-09-02</msg>
<var>${valuedata}</var>
<arg>0/0/6</arg>
<arg>output_format=%Y-%m-%d</arg>
<status status="PASS" start="2026-08-27T14:44:23.809019" elapsed="0.000080"/>
</kw>
<kw name="UberCfGenerator" owner="rebook_backend">
<msg time="2026-08-27T14:44:23.809311" level="INFO">&amp;{returnDic} = { tradeId=TRADE001 | ccy1Cf=200000000001 | ccy2Cf=200000000002 }</msg>
<var>&amp;{returnDic}</var>
<arg>template=${StellaUber_FXForward_UNDO}</arg>
<arg>trackingVersion=2</arg>
<arg>majorVersion=3</arg>
<arg>businessVersion=2</arg>
<arg>ccy1Cf=${ccy1Cf}</arg>
<arg>ccy2Cf=${ccy2Cf}</arg>
<arg>tradeId=${tradeId}</arg>
<arg>valuedate=${valuedata}</arg>
<status status="PASS" start="2026-08-27T14:44:23.809139" elapsed="0.000183"/>
</kw>
<status status="PASS" start="2026-08-27T14:44:23.808984" elapsed="0.000359"/>
</group>
<group name="CHECK CASHFLOW WITH REBOOK">
<kw name="WaitUntilCashflowToStatus" owner="rebook_backend">
<msg time="2026-08-27T14:44:23.809506" level="INFO">${response1} = &lt;rebook_backend.Response object at 0x1037939d0&gt;</msg>
<var>${response1}</var>
<arg>cashflowId=${ccy1Cf}</arg>
<arg>${QUERY_RESULT}.ratanException[?(@.Exception_Code\=\="Rebook")].Status=null</arg>
<status status="PASS" start="2026-08-27T14:44:23.809403" elapsed="0.000113"/>
</kw>
<status status="PASS" start="2026-08-27T14:44:23.809369" elapsed="0.000162"/>
</group>
<doc>Rebook tag window move from 15 to 5 days.
&gt;6 days</doc>
<tag>regression</tag>
<tag>smoke</tag>
<status status="PASS" start="2026-08-27T14:44:23.805569" elapsed="0.004008"/>
</test>
<meta name="Author">Elena Wang</meta>
<status status="PASS" start="2026-08-27T14:44:23.798067" elapsed="0.011618"/>
</suite>
<status status="PASS" start="2026-08-27T14:44:23.736817" elapsed="0.073097"/>
</suite>
<status status="PASS" start="2026-08-27T14:44:23.558775" elapsed="0.251393"/>
</suite>
<statistics>
<total>
<stat pass="34" fail="0" skip="0">All Tests</stat>
</total>
<tag>
<stat pass="6" fail="0" skip="0">regression</stat>
<stat pass="1" fail="0" skip="0">REQ:11842002</stat>
<stat pass="1" fail="0" skip="0">SettleAsGross</stat>
<stat pass="20" fail="0" skip="0">SFMRPCCILNetting</stat>
<stat pass="2" fail="0" skip="0">SFMRPMOValidationRemodel</stat>
<stat pass="3" fail="0" skip="0">SFMRPMurexRebook</stat>
<stat pass="6" fail="0" skip="0">SFMRPMurexTradVald</stat>
<stat pass="20" fail="0" skip="0">SFMRPNetting</stat>
<stat pass="20" fail="0" skip="0">SFMRPNettingOnly</stat>
<stat pass="28" fail="0" skip="0">SFMRPRegression</stat>
<stat pass="3" fail="0" skip="0">SFMRPStellaRebook</stat>
<stat pass="2" fail="0" skip="0">SFMRPStellaTradVald</stat>
<stat pass="8" fail="0" skip="0">SFMRPTradVald</stat>
<stat pass="6" fail="0" skip="0">smoke</stat>
<stat pass="1" fail="0" skip="0">uberPhase2</stat>
</tag>
<suite>
<stat name="Ccil &amp; Rebook" id="s1" pass="34" fail="0" skip="0">Ccil &amp; Rebook</stat>
<stat name="Ccil" id="s1-s1" pass="20" fail="0" skip="0">Ccil &amp; Rebook.Ccil</stat>
<stat name="CN-API-CCILNetting script" id="s1-s1-s1" pass="19" fail="0" skip="0">Ccil &amp; Rebook.Ccil.CN-API-CCILNetting script</stat>
<stat name="CN-API-Uber-CCILNetting script" id="s1-s1-s2" pass="1" fail="0" skip="0">Ccil &amp; Rebook.Ccil.CN-API-Uber-CCILNetting script</stat>
<stat name="Rebook" id="s1-s2" pass="14" fail="0" skip="0">Ccil &amp; Rebook.Rebook</stat>
<stat name="CN-API-ReBook" id="s1-s2-s1" pass="10" fail="0" skip="0">Ccil &amp; Rebook.Rebook.CN-API-ReBook</stat>
<stat name="CN-API-StellaAmendment-Rebook" id="s1-s2-s2" pass="2" fail="0" skip="0">Ccil &amp; Rebook.Rebook.CN-API-StellaAmendment-Rebook</stat>
<stat name="STML-API-UBER-Rebook" id="s1-s2-s3" pass="2" fail="0" skip="0">Ccil &amp; Rebook.Rebook.STML-API-UBER-Rebook</stat>
</suite>
</statistics>
<errors>
</errors>
</robot>
