<?xml version="1.0" encoding="UTF-8"?>
<robot generator="Robot 7.4.2 (Python 3.9.6 on darwin)" generated="2026-08-27T11:15:36.681209" rpa="false" schemaversion="5">
<suite id="s1" name="CN-API-CCILNetting script &amp; CN-API-Uber-CCILNetting script">
<suite id="s1-s1" name="CN-API-CCILNetting script" source="/Users/1639796/code/scb/test/51358-ratanone-autotest-api-cn/standalone-ccil-netting/suites/CN-API-CCILNetting_script.robot">
<test id="s1-s1-t1" name="CN-API-CCILNetting-Guaranteed-001" line="16">
<kw name="Reset Backend State" owner="__import__" type="SETUP">
<kw name="Reset Backend State Impl" owner="ccil_backend">
<status status="PASS" start="2026-08-27T11:15:36.717881" elapsed="0.000057"/>
</kw>
<status status="PASS" start="2026-08-27T11:15:36.717489" elapsed="0.000489"/>
</kw>
<kw name="Generate Random String" owner="String">
<msg time="2026-08-27T11:15:36.718214" level="INFO">${oriTradeId} = 18310709</msg>
<var>${oriTradeId}</var>
<arg>length=8</arg>
<arg>chars=[NUMBERS]</arg>
<doc>Generates a string with a desired ``length`` from the given ``chars``.</doc>
<status status="PASS" start="2026-08-27T11:15:36.718052" elapsed="0.000178"/>
</kw>
<kw name="Log To Console" owner="BuiltIn">
<arg>\n***********oriTradeId: ${oriTradeId}</arg>
<doc>Logs the given message to the console.</doc>
<status status="PASS" start="2026-08-27T11:15:36.718296" elapsed="0.000149"/>
</kw>
<kw name="OffsetTimeJumpWeekend" owner="ccil_backend">
<msg time="2026-08-27T11:15:36.718645" level="INFO">${mxgCurrentDate} = 20260827</msg>
<var>${mxgCurrentDate}</var>
<arg>offset_time=0/0/0</arg>
<arg>output_format=%Y%m%d</arg>
<arg>currency=${validCcy}</arg>
<status status="PASS" start="2026-08-27T11:15:36.718502" elapsed="0.000155"/>
</kw>
<kw name="Comment" owner="BuiltIn">
<arg>******************** build guaranteed cashflows</arg>
<doc>Displays the given messages in the log file as keyword arguments.</doc>
<status status="PASS" start="2026-08-27T11:15:36.718721" elapsed="0.000090"/>
</kw>
<kw name="GenCashflowCNByGroupForMurex" owner="ccil_backend">
<msg time="2026-08-27T11:15:36.720565" level="INFO">${cashflowList} = ['100000000001', '100000000002', '100000000003']</msg>
<msg time="2026-08-27T11:15:36.720592" level="INFO">${flows} = 
&lt;flow&gt;Flowid:FLOW1, status:SNTR, value_date:20260827&lt;/flow&gt;
&lt;flow&gt;Flowid:FLOW2, status:SNTR, value_date:20260827&lt;/flow&gt;
&lt;flow&gt;Flowid:FLOW3, status:SNTR, value_date:20260827&lt;/flow&gt;</msg>
<msg time="2026-08-27T11:15:36.720618" level="INFO">${flowList} = ['FLOW1', 'FLOW2', 'FLOW3']</msg>
<var>${cashflowList}</var>
<var>${flows}</var>
<var>${flowList}</var>
<arg>valueDateList=${{["${mxgCurrentDate}","${mxgCurrentDate}","${mxgCurrentDate}"]}}</arg>
<arg>statusInFlowList=${{["SNTR","SNTR","SNTR"]}}</arg>
<arg>counterpartyList=${{"${guaranteedCounterparty}","${guaranteedCounterparty}","${guaranteedCounterparty}"}}</arg>
<arg>isCreditList=${{["N","N","Y"]}}</arg>
<arg>transactionFamily=${validFamily}</arg>
<arg>transactionGroup=${validGroup}</arg>
<arg>entityFMID=${validBookingEntity}</arg>
<arg>currency=${validCcy}</arg>
<arg>validationLevel=COMP</arg>
<arg>TrnOrginalID=${oriTradeId}</arg>
<arg>tradeId=${oriTradeId}</arg>
<status status="PASS" start="2026-08-27T11:15:36.718918" elapsed="0.001710"/>
</kw>
<kw name="Comment" owner="BuiltIn">
<arg>******************** Check Guaranteed cashflow: Pending Netting</arg>
<doc>Displays the given messages in the log file as keyword arguments.</doc>
<status status="PASS" start="2026-08-27T11:15:36.720740" elapsed="0.000105"/>
</kw>
<kw name="CheckSettMethodAndSubStateTypeOfCf" owner="ccil_checks">
<for flavor="IN">
<iter>
<kw name="WaitUntilCashflowToStatus" owner="ccil_backend">
<msg time="2026-08-27T11:15:36.721348" level="INFO">${response} = &lt;ccil_backend.Response object at 0x1023b7490&gt;</msg>
<var>${response}</var>
<arg>cashflowId=${element}</arg>
<arg>${jPathInCfDetails_cfSubStatType}=${expectedSubStat}</arg>
<arg>${jPathInCfDetails_SettlementMethod}=${expectedSettMethod}</arg>
<status status="PASS" start="2026-08-27T11:15:36.721182" elapsed="0.000178"/>
</kw>
<var name="${element}">100000000001</var>
<status status="PASS" start="2026-08-27T11:15:36.721142" elapsed="0.000234"/>
</iter>
<iter>
<kw name="WaitUntilCashflowToStatus" owner="ccil_backend">
<msg time="2026-08-27T11:15:36.721638" level="INFO">${response} = &lt;ccil_backend.Response object at 0x1023b76d0&gt;</msg>
<var>${response}</var>
<arg>cashflowId=${element}</arg>
<arg>${jPathInCfDetails_cfSubStatType}=${expectedSubStat}</arg>
<arg>${jPathInCfDetails_SettlementMethod}=${expectedSettMethod}</arg>
<status status="PASS" start="2026-08-27T11:15:36.721441" elapsed="0.000208"/>
</kw>
<var name="${element}">100000000002</var>
<status status="PASS" start="2026-08-27T11:15:36.721409" elapsed="0.000256"/>
</iter>
<iter>
<kw name="WaitUntilCashflowToStatus" owner="ccil_backend">
<msg time="2026-08-27T11:15:36.721872" level="INFO">${response} = &lt;ccil_backend.Response object at 0x1023774f0&gt;</msg>
<var>${response}</var>
<arg>cashflowId=${element}</arg>
<arg>${jPathInCfDetails_cfSubStatType}=${expectedSubStat}</arg>
<arg>${jPathInCfDetails_SettlementMethod}=${expectedSettMethod}</arg>
<status status="PASS" start="2026-08-27T11:15:36.721726" elapsed="0.000157"/>
</kw>
<var name="${element}">100000000003</var>
<status status="PASS" start="2026-08-27T11:15:36.721695" elapsed="0.000203"/>
</iter>
<var>${element}</var>
<value>@{cashflowList}</value>
<status status="PASS" start="2026-08-27T11:15:36.721085" elapsed="0.000823"/>
</for>
<arg>${SubStatType_PendingAutoNetting}</arg>
<arg>${SettlementMthod_CCIL}</arg>
<arg>@{cashflowList}</arg>
<status status="PASS" start="2026-08-27T11:15:36.720942" elapsed="0.000988"/>
</kw>
<kw name="Comment" owner="BuiltIn">
<arg>******************** user do netting</arg>
<doc>Displays the given messages in the log file as keyword arguments.</doc>
<status status="PASS" start="2026-08-27T11:15:36.721984" elapsed="0.000082"/>
</kw>
<kw name="DoNetWithCashflowList" owner="ccil_backend">
<msg time="2026-08-27T11:15:36.722215" level="INFO">${response} = &lt;ccil_backend.Response object at 0x102392790&gt;</msg>
<msg time="2026-08-27T11:15:36.722234" level="INFO">${resultantCashflow} = 100000000004</msg>
<var>${response}</var>
<var>${resultantCashflow}</var>
<arg>@{cashflowList}</arg>
<status status="PASS" start="2026-08-27T11:15:36.722129" elapsed="0.000115"/>
</kw>
<kw name="Comment" owner="BuiltIn">
<arg>******************* check the stack value of BIC netting resulatant scbml is "FMRPMUREX"</arg>
<doc>Displays the given messages in the log file as keyword arguments.</doc>
<status status="PASS" start="2026-08-27T11:15:36.722296" elapsed="0.000072"/>
</kw>
<kw name="check_kafkaValue_ByJsonPath" owner="ccil_backend">
<arg>Cash_Settlement_Orchestration_Process_In</arg>
<arg>${resultantCashflow}</arg>
<arg>$.${stackVaule_Ratan_lifecycle}</arg>
<arg>FMRPMUREX</arg>
<status status="PASS" start="2026-08-27T11:15:36.722421" elapsed="0.000084"/>
</kw>
<kw name="Comment" owner="BuiltIn">
<arg>******************** Check CCIL Neting result</arg>
<doc>Displays the given messages in the log file as keyword arguments.</doc>
<status status="PASS" start="2026-08-27T11:15:36.722566" elapsed="0.000083"/>
</kw>
<kw name="CheckCCILNettingResult" owner="ccil_checks">
<kw name="WaitUntilCashflowToStatus" owner="ccil_backend">
<msg time="2026-08-27T11:15:36.723201" level="INFO">${responseOfRstntCf} = &lt;ccil_backend.Response object at 0x1023b7a60&gt;</msg>
<var>${responseOfRstntCf}</var>
<arg>cashflowId=${resultantCf}</arg>
<arg>${excpInCfDetails_NetCashflow}=${excpCategory_OTHER}</arg>
<arg>${jPathInCfDetails_Amount}=${amount}</arg>
<arg>${jPathInCfDetails_PayReceiveIndicator}=${payAndRecive}</arg>
<arg>${jPathInCfDetails_CounterpartyFMID}=400021949</arg>
<arg>${jPathInCfDetails_cfSubStatType}=${SubStatType_PendingException}</arg>
<status status="PASS" start="2026-08-27T11:15:36.722888" elapsed="0.000325"/>
</kw>
<kw name="GetFieldValueFromCfDetails" owner="ccil_backend">
<msg time="2026-08-27T11:15:36.723338" level="INFO">${nettingIdOfRstntCf} = NET-00001</msg>
<var>${nettingIdOfRstntCf}</var>
<arg>${responseOfRstntCf}</arg>
<arg>${jPathInCfDetails_nettingId}</arg>
<status status="PASS" start="2026-08-27T11:15:36.723259" elapsed="0.000089"/>
</kw>
<kw name="Should Contain" owner="BuiltIn">
<arg>${nettingIdOfRstntCf}</arg>
<arg>NET-</arg>
<doc>Fails if ``container`` does not contain ``item`` one or more times.</doc>
<status status="PASS" start="2026-08-27T11:15:36.723441" elapsed="0.000168"/>
</kw>
<for flavor="IN">
<iter>
<kw name="WaitUntilCashflowToStatus" owner="ccil_backend">
<msg time="2026-08-27T11:15:36.723813" level="INFO">${response} = &lt;ccil_backend.Response object at 0x1023cc160&gt;</msg>
<var>${response}</var>
<arg>cashflowId=${element}</arg>
<arg>cashflowStatus=NETTED</arg>
<status status="PASS" start="2026-08-27T11:15:36.723724" elapsed="0.000100"/>
</kw>
<kw name="GetFieldValueFromCfDetails" owner="ccil_backend">
<msg time="2026-08-27T11:15:36.723940" level="INFO">${nettingId} = NET-00001</msg>
<var>${nettingId}</var>
<arg>${response}</arg>
<arg>${jPathInCfDetails_nettingId}</arg>
<status status="PASS" start="2026-08-27T11:15:36.723865" elapsed="0.000085"/>
</kw>
<kw name="Should Be Equal" owner="BuiltIn">
<arg>${nettingId}</arg>
<arg>${nettingIdOfRstntCf}</arg>
<doc>Fails if the given objects are unequal.</doc>
<status status="PASS" start="2026-08-27T11:15:36.723992" elapsed="0.000122"/>
</kw>
<var name="${element}">100000000001</var>
<status status="PASS" start="2026-08-27T11:15:36.723689" elapsed="0.000440"/>
</iter>
<iter>
<kw name="WaitUntilCashflowToStatus" owner="ccil_backend">
<msg time="2026-08-27T11:15:36.724281" level="INFO">${response} = &lt;ccil_backend.Response object at 0x1023cc670&gt;</msg>
<var>${response}</var>
<arg>cashflowId=${element}</arg>
<arg>cashflowStatus=NETTED</arg>
<status status="PASS" start="2026-08-27T11:15:36.724195" elapsed="0.000097"/>
</kw>
<kw name="GetFieldValueFromCfDetails" owner="ccil_backend">
<msg time="2026-08-27T11:15:36.724403" level="INFO">${nettingId} = NET-00001</msg>
<var>${nettingId}</var>
<arg>${response}</arg>
<arg>${jPathInCfDetails_nettingId}</arg>
<status status="PASS" start="2026-08-27T11:15:36.724331" elapsed="0.000081"/>
</kw>
<kw name="Should Be Equal" owner="BuiltIn">
<arg>${nettingId}</arg>
<arg>${nettingIdOfRstntCf}</arg>
<doc>Fails if the given objects are unequal.</doc>
<status status="PASS" start="2026-08-27T11:15:36.724453" elapsed="0.000114"/>
</kw>
<var name="${element}">100000000002</var>
<status status="PASS" start="2026-08-27T11:15:36.724163" elapsed="0.000418"/>
</iter>
<iter>
<kw name="WaitUntilCashflowToStatus" owner="ccil_backend">
<msg time="2026-08-27T11:15:36.724731" level="INFO">${response} = &lt;ccil_backend.Response object at 0x1023ccb80&gt;</msg>
<var>${response}</var>
<arg>cashflowId=${element}</arg>
<arg>cashflowStatus=NETTED</arg>
<status status="PASS" start="2026-08-27T11:15:36.724648" elapsed="0.000094"/>
</kw>
<kw name="GetFieldValueFromCfDetails" owner="ccil_backend">
<msg time="2026-08-27T11:15:36.724853" level="INFO">${nettingId} = NET-00001</msg>
<var>${nettingId}</var>
<arg>${response}</arg>
<arg>${jPathInCfDetails_nettingId}</arg>
<status status="PASS" start="2026-08-27T11:15:36.724780" elapsed="0.000082"/>
</kw>
<kw name="Should Be Equal" owner="BuiltIn">
<arg>${nettingId}</arg>
<arg>${nettingIdOfRstntCf}</arg>
<doc>Fails if the given objects are unequal.</doc>
<status status="PASS" start="2026-08-27T11:15:36.724903" elapsed="0.000112"/>
</kw>
<var name="${element}">100000000003</var>
<status status="PASS" start="2026-08-27T11:15:36.724615" elapsed="0.000414"/>
</iter>
<var>${element}</var>
<value>@{componentCfList}</value>
<status status="PASS" start="2026-08-27T11:15:36.723631" elapsed="0.001409"/>
</for>
<return>
<value>${responseOfRstntCf}</value>
<status status="PASS" start="2026-08-27T11:15:36.725057" elapsed="0.000020"/>
</return>
<msg time="2026-08-27T11:15:36.725129" level="INFO">${response} = &lt;ccil_backend.Response object at 0x1023b7a60&gt;</msg>
<var>${response}</var>
<arg>${resultantCashflow}</arg>
<arg>0.01</arg>
<arg>${Pay}</arg>
<arg>@{cashflowList}</arg>
<status status="PASS" start="2026-08-27T11:15:36.722740" elapsed="0.002399"/>
</kw>
<kw name="Comment" owner="BuiltIn">
<arg>******************** user do swift suppress</arg>
<doc>Displays the given messages in the log file as keyword arguments.</doc>
<status status="PASS" start="2026-08-27T11:15:36.725195" elapsed="0.000074"/>
</kw>
<kw name="CNSuppress" owner="ccil_backend">
<arg>${resultantCashflow}</arg>
<arg>${response}</arg>
<arg>ManualSwiftSuppress</arg>
<arg>Approve</arg>
<status status="PASS" start="2026-08-27T11:15:36.725318" elapsed="0.000069"/>
</kw>
<kw name="Comment" owner="BuiltIn">
<arg>******************** Then resultant cashflow:</arg>
<arg>Swift_suppressed</arg>
<doc>Displays the given messages in the log file as keyword arguments.</doc>
<status status="PASS" start="2026-08-27T11:15:36.725440" elapsed="0.000072"/>
</kw>
<kw name="WaitUntilCashflowToStatus" owner="ccil_backend">
<msg time="2026-08-27T11:15:36.725659" level="INFO">${response} = &lt;ccil_backend.Response object at 0x1023d1100&gt;</msg>
<var>${response}</var>
<arg>cashflowId=${resultantCashflow}</arg>
<arg>cashflowStatus=SWIFT_SUPPRESSED</arg>
<status status="PASS" start="2026-08-27T11:15:36.725570" elapsed="0.000100"/>
</kw>
<kw name="Comment" owner="BuiltIn">
<arg>**************** release resultant cf</arg>
<doc>Displays the given messages in the log file as keyword arguments.</doc>
<status status="PASS" start="2026-08-27T11:15:36.725721" elapsed="0.000070"/>
</kw>
<kw name="MakerAndCheckerFixExceptions" owner="ccil_backend">
<arg>cashflowId=${resultantCashflow}</arg>
<status status="PASS" start="2026-08-27T11:15:36.725839" elapsed="0.000058"/>
</kw>
<kw name="WaitUntilCashflowToSeveralStatus" owner="ccil_backend">
<arg>cfStatus1=noUse</arg>
<arg>cashflowId=${resultantCashflow}</arg>
<status status="PASS" start="2026-08-27T11:15:36.725943" elapsed="0.000124"/>
</kw>
<kw name="WaitUntilDBStatusGeneral" owner="ccil_backend">
<arg>sql=select * from cash_settlement_lms_service.lms_message lm where lm.cashflow_id = '${resultantCashflow}'and status='SENT';</arg>
<arg>dbField=status</arg>
<arg>expectedValue=SENT</arg>
<arg>wait_loops=30</arg>
<arg>wait_timeout=2s</arg>
<status status="PASS" start="2026-08-27T11:15:36.726116" elapsed="0.000154"/>
</kw>
<kw name="check_kafkaValue_ByJsonPath" owner="ccil_backend">
<arg>${CN_SENT_TO_LMS_TOPIC}</arg>
<arg>${resultantCashflow}</arg>
<arg>$.${stackVaule_LMS_kafkaMsg}</arg>
<arg>FMRPMUREX</arg>
<status status="PASS" start="2026-08-27T11:15:36.726323" elapsed="0.000079"/>
</kw>
<doc>Guaranteed cashflow: Pending auto Netting + user do net + user do swift suppress to resultant cashflow
Murex &amp; Murex -&gt;Source Value sent to LMS is "FMRPMUREX"
REQ: 2295160, 5483114</doc>
<tag>SFMRPCCILNetting</tag>
<tag>SFMRPNetting</tag>
<tag>SFMRPNettingOnly</tag>
<tag>SFMRPRegression</tag>
<status status="PASS" start="2026-08-27T11:15:36.716955" elapsed="0.009509"/>
</test>
<test id="s1-s1-t2" name="CN-API-CCILNetting-NonGuaranteed-002" line="62">
<kw name="Reset Backend State" owner="__import__" type="SETUP">
<kw name="Reset Backend State Impl" owner="ccil_backend">
<status status="PASS" start="2026-08-27T11:15:36.726907" elapsed="0.000035"/>
</kw>
<status status="PASS" start="2026-08-27T11:15:36.726821" elapsed="0.000140"/>
</kw>
<kw name="Generate Random String" owner="String">
<msg time="2026-08-27T11:15:36.727091" level="INFO">${oriTradeId} = 01049288</msg>
<var>${oriTradeId}</var>
<arg>length=8</arg>
<arg>chars=[NUMBERS]</arg>
<doc>Generates a string with a desired ``length`` from the given ``chars``.</doc>
<status status="PASS" start="2026-08-27T11:15:36.727012" elapsed="0.000089"/>
</kw>
<kw name="Log To Console" owner="BuiltIn">
<arg>\n***********oriTradeId: ${oriTradeId}</arg>
<doc>Logs the given message to the console.</doc>
<status status="PASS" start="2026-08-27T11:15:36.727154" elapsed="0.000195"/>
</kw>
<kw name="OffsetTimeJumpWeekend" owner="ccil_backend">
<msg time="2026-08-27T11:15:36.727666" level="INFO">${mxgCurrentDate} = 20260827</msg>
<var>${mxgCurrentDate}</var>
<arg>offset_time=0/0/0</arg>
<arg>output_format=%Y%m%d</arg>
<arg>currency=${validCcy}</arg>
<status status="PASS" start="2026-08-27T11:15:36.727479" elapsed="0.000201"/>
</kw>
<kw name="Comment" owner="BuiltIn">
<arg>******************** build nonGuaranteed cashflows</arg>
<doc>Displays the given messages in the log file as keyword arguments.</doc>
<status status="PASS" start="2026-08-27T11:15:36.727797" elapsed="0.000108"/>
</kw>
<kw name="GenCashflowCNByGroupForMurex" owner="ccil_backend">
<msg time="2026-08-27T11:15:36.729582" level="INFO">${cashflowList} = ['100000000001', '100000000002', '100000000003']</msg>
<msg time="2026-08-27T11:15:36.729605" level="INFO">${flows} = 
&lt;flow&gt;Flowid:FLOW1, status:SNTR, value_date:20260827&lt;/flow&gt;
&lt;flow&gt;Flowid:FLOW2, status:SNTR, value_date:20260827&lt;/flow&gt;
&lt;flow&gt;Flowid:FLOW3, status:SNTR, value_date:20260827&lt;/flow&gt;</msg>
<msg time="2026-08-27T11:15:36.729623" level="INFO">${flowList} = ['FLOW1', 'FLOW2', 'FLOW3']</msg>
<var>${cashflowList}</var>
<var>${flows}</var>
<var>${flowList}</var>
<arg>valueDateList=${{["${mxgCurrentDate}","${mxgCurrentDate}","${mxgCurrentDate}"]}}</arg>
<arg>statusInFlowList=${{["SNTR","SNTR","SNTR"]}}</arg>
<arg>counterpartyList=${{"${NonGuaranteedCounterparty}[0]","${NonGuaranteedCounterparty}[1]","${NonGuaranteedCounterparty}[2]"}}</arg>
<arg>isCreditList=${{["N","Y","Y"]}}</arg>
<arg>transactionFamily=${validFamily}</arg>
<arg>transactionGroup=${validGroup}</arg>
<arg>entityFMID=${validBookingEntity}</arg>
<arg>currency=${validCcy}</arg>
<arg>validationLevel=COMP</arg>
<arg>ifValidCase=${True}</arg>
<arg>TrnOrginalID=${oriTradeId}</arg>
<arg>tradeId=${oriTradeId}</arg>
<status status="PASS" start="2026-08-27T11:15:36.727977" elapsed="0.001655"/>
</kw>
<kw name="Comment" owner="BuiltIn">
<arg>******************** Check NonGuaranteed cashflow: Pending Netting</arg>
<doc>Displays the given messages in the log file as keyword arguments.</doc>
<status status="PASS" start="2026-08-27T11:15:36.729718" elapsed="0.000087"/>
</kw>
<kw name="CheckSettMethodAndSubStateTypeOfCf" owner="ccil_checks">
<for flavor="IN">
<iter>
<kw name="WaitUntilCashflowToStatus" owner="ccil_backend">
<msg time="2026-08-27T11:15:36.730252" level="INFO">${response} = &lt;ccil_backend.Response object at 0x1023e0310&gt;</msg>
<var>${response}</var>
<arg>cashflowId=${element}</arg>
<arg>${jPathInCfDetails_cfSubStatType}=${expectedSubStat}</arg>
<arg>${jPathInCfDetails_SettlementMethod}=${expectedSettMethod}</arg>
<status status="PASS" start="2026-08-27T11:15:36.730101" elapsed="0.000162"/>
</kw>
<var name="${element}">100000000001</var>
<status status="PASS" start="2026-08-27T11:15:36.730065" elapsed="0.000214"/>
</iter>
<iter>
<kw name="WaitUntilCashflowToStatus" owner="ccil_backend">
<msg time="2026-08-27T11:15:36.730488" level="INFO">${response} = &lt;ccil_backend.Response object at 0x1023e0580&gt;</msg>
<var>${response}</var>
<arg>cashflowId=${element}</arg>
<arg>${jPathInCfDetails_cfSubStatType}=${expectedSubStat}</arg>
<arg>${jPathInCfDetails_SettlementMethod}=${expectedSettMethod}</arg>
<status status="PASS" start="2026-08-27T11:15:36.730341" elapsed="0.000158"/>
</kw>
<var name="${element}">100000000002</var>
<status status="PASS" start="2026-08-27T11:15:36.730310" elapsed="0.000204"/>
</iter>
<iter>
<kw name="WaitUntilCashflowToStatus" owner="ccil_backend">
<msg time="2026-08-27T11:15:36.730718" level="INFO">${response} = &lt;ccil_backend.Response object at 0x1023e0730&gt;</msg>
<var>${response}</var>
<arg>cashflowId=${element}</arg>
<arg>${jPathInCfDetails_cfSubStatType}=${expectedSubStat}</arg>
<arg>${jPathInCfDetails_SettlementMethod}=${expectedSettMethod}</arg>
<status status="PASS" start="2026-08-27T11:15:36.730573" elapsed="0.000155"/>
</kw>
<var name="${element}">100000000003</var>
<status status="PASS" start="2026-08-27T11:15:36.730543" elapsed="0.000200"/>
</iter>
<var>${element}</var>
<value>@{cashflowList}</value>
<status status="PASS" start="2026-08-27T11:15:36.730016" elapsed="0.000737"/>
</for>
<arg>${SubStatType_PendingAutoNetting}</arg>
<arg>${SettlementMthod_CCIL}</arg>
<arg>@{cashflowList}</arg>
<status status="PASS" start="2026-08-27T11:15:36.729884" elapsed="0.000889"/>
</kw>
<kw name="Comment" owner="BuiltIn">
<arg>******************** user do CCIL netting</arg>
<doc>Displays the given messages in the log file as keyword arguments.</doc>
<status status="PASS" start="2026-08-27T11:15:36.730825" elapsed="0.000075"/>
</kw>
<kw name="DoCCILNetting" owner="ccil_backend">
<msg time="2026-08-27T11:15:36.731040" level="INFO">${response} = &lt;ccil_backend.Response object at 0x1023d1760&gt;</msg>
<msg time="2026-08-27T11:15:36.731058" level="INFO">${resultantCashflow} = 100000000004</msg>
<var>${response}</var>
<var>${resultantCashflow}</var>
<arg>@{cashflowList}</arg>
<status status="PASS" start="2026-08-27T11:15:36.730957" elapsed="0.000111"/>
</kw>
<kw name="Comment" owner="BuiltIn">
<arg>******************** Check CCIL Neting result</arg>
<doc>Displays the given messages in the log file as keyword arguments.</doc>
<status status="PASS" start="2026-08-27T11:15:36.731120" elapsed="0.000073"/>
</kw>
<kw name="CheckCCILNettingResult" owner="ccil_checks">
<kw name="WaitUntilCashflowToStatus" owner="ccil_backend">
<msg time="2026-08-27T11:15:36.731658" level="INFO">${responseOfRstntCf} = &lt;ccil_backend.Response object at 0x1023e40d0&gt;</msg>
<var>${responseOfRstntCf}</var>
<arg>cashflowId=${resultantCf}</arg>
<arg>${excpInCfDetails_NetCashflow}=${excpCategory_OTHER}</arg>
<arg>${jPathInCfDetails_Amount}=${amount}</arg>
<arg>${jPathInCfDetails_PayReceiveIndicator}=${payAndRecive}</arg>
<arg>${jPathInCfDetails_CounterpartyFMID}=400021949</arg>
<arg>${jPathInCfDetails_cfSubStatType}=${SubStatType_PendingException}</arg>
<status status="PASS" start="2026-08-27T11:15:36.731421" elapsed="0.000248"/>
</kw>
<kw name="GetFieldValueFromCfDetails" owner="ccil_backend">
<msg time="2026-08-27T11:15:36.731789" level="INFO">${nettingIdOfRstntCf} = NET-00001</msg>
<var>${nettingIdOfRstntCf}</var>
<arg>${responseOfRstntCf}</arg>
<arg>${jPathInCfDetails_nettingId}</arg>
<status status="PASS" start="2026-08-27T11:15:36.731713" elapsed="0.000086"/>
</kw>
<kw name="Should Contain" owner="BuiltIn">
<arg>${nettingIdOfRstntCf}</arg>
<arg>NET-</arg>
<doc>Fails if ``container`` does not contain ``item`` one or more times.</doc>
<status status="PASS" start="2026-08-27T11:15:36.731844" elapsed="0.000123"/>
</kw>
<for flavor="IN">
<iter>
<kw name="WaitUntilCashflowToStatus" owner="ccil_backend">
<msg time="2026-08-27T11:15:36.732157" level="INFO">${response} = &lt;ccil_backend.Response object at 0x1023e4550&gt;</msg>
<var>${response}</var>
<arg>cashflowId=${element}</arg>
<arg>cashflowStatus=NETTED</arg>
<status status="PASS" start="2026-08-27T11:15:36.732072" elapsed="0.000095"/>
</kw>
<kw name="GetFieldValueFromCfDetails" owner="ccil_backend">
<msg time="2026-08-27T11:15:36.732277" level="INFO">${nettingId} = NET-00001</msg>
<var>${nettingId}</var>
<arg>${response}</arg>
<arg>${jPathInCfDetails_nettingId}</arg>
<status status="PASS" start="2026-08-27T11:15:36.732206" elapsed="0.000081"/>
</kw>
<kw name="Should Be Equal" owner="BuiltIn">
<arg>${nettingId}</arg>
<arg>${nettingIdOfRstntCf}</arg>
<doc>Fails if the given objects are unequal.</doc>
<status status="PASS" start="2026-08-27T11:15:36.732328" elapsed="0.000189"/>
</kw>
<var name="${element}">100000000001</var>
<status status="PASS" start="2026-08-27T11:15:36.732040" elapsed="0.000491"/>
</iter>
<iter>
<kw name="WaitUntilCashflowToStatus" owner="ccil_backend">
<msg time="2026-08-27T11:15:36.732678" level="INFO">${response} = &lt;ccil_backend.Response object at 0x1023d1b80&gt;</msg>
<var>${response}</var>
<arg>cashflowId=${element}</arg>
<arg>cashflowStatus=NETTED</arg>
<status status="PASS" start="2026-08-27T11:15:36.732596" elapsed="0.000093"/>
</kw>
<kw name="GetFieldValueFromCfDetails" owner="ccil_backend">
<msg time="2026-08-27T11:15:36.732801" level="INFO">${nettingId} = NET-00001</msg>
<var>${nettingId}</var>
<arg>${response}</arg>
<arg>${jPathInCfDetails_nettingId}</arg>
<status status="PASS" start="2026-08-27T11:15:36.732728" elapsed="0.000083"/>
</kw>
<kw name="Should Be Equal" owner="BuiltIn">
<arg>${nettingId}</arg>
<arg>${nettingIdOfRstntCf}</arg>
<doc>Fails if the given objects are unequal.</doc>
<status status="PASS" start="2026-08-27T11:15:36.732852" elapsed="0.000153"/>
</kw>
<var name="${element}">100000000002</var>
<status status="PASS" start="2026-08-27T11:15:36.732565" elapsed="0.000455"/>
</iter>
<iter>
<kw name="WaitUntilCashflowToStatus" owner="ccil_backend">
<msg time="2026-08-27T11:15:36.733168" level="INFO">${response} = &lt;ccil_backend.Response object at 0x1023b7400&gt;</msg>
<var>${response}</var>
<arg>cashflowId=${element}</arg>
<arg>cashflowStatus=NETTED</arg>
<status status="PASS" start="2026-08-27T11:15:36.733085" elapsed="0.000094"/>
</kw>
<kw name="GetFieldValueFromCfDetails" owner="ccil_backend">
<msg time="2026-08-27T11:15:36.733291" level="INFO">${nettingId} = NET-00001</msg>
<var>${nettingId}</var>
<arg>${response}</arg>
<arg>${jPathInCfDetails_nettingId}</arg>
<status status="PASS" start="2026-08-27T11:15:36.733217" elapsed="0.000084"/>
</kw>
<kw name="Should Be Equal" owner="BuiltIn">
<arg>${nettingId}</arg>
<arg>${nettingIdOfRstntCf}</arg>
<doc>Fails if the given objects are unequal.</doc>
<status status="PASS" start="2026-08-27T11:15:36.733343" elapsed="0.000124"/>
</kw>
<var name="${element}">100000000003</var>
<status status="PASS" start="2026-08-27T11:15:36.733053" elapsed="0.000428"/>
</iter>
<var>${element}</var>
<value>@{componentCfList}</value>
<status status="PASS" start="2026-08-27T11:15:36.731987" elapsed="0.001505"/>
</for>
<return>
<value>${responseOfRstntCf}</value>
<status status="PASS" start="2026-08-27T11:15:36.733507" elapsed="0.000014"/>
</return>
<msg time="2026-08-27T11:15:36.733571" level="INFO">${response} = &lt;ccil_backend.Response object at 0x1023e40d0&gt;</msg>
<var>${response}</var>
<arg>${resultantCashflow}</arg>
<arg>0.01</arg>
<arg>${Receive}</arg>
<arg>@{cashflowList}</arg>
<status status="PASS" start="2026-08-27T11:15:36.731277" elapsed="0.002304"/>
</kw>
<kw name="Comment" owner="BuiltIn">
<arg>******************** user do swift suppress</arg>
<doc>Displays the given messages in the log file as keyword arguments.</doc>
<status status="PASS" start="2026-08-27T11:15:36.733635" elapsed="0.000074"/>
</kw>
<kw name="CNSuppress" owner="ccil_backend">
<arg>${resultantCashflow}</arg>
<arg>${response}</arg>
<arg>ManualSwiftSuppress</arg>
<arg>Approve</arg>
<status status="PASS" start="2026-08-27T11:15:36.733757" elapsed="0.000068"/>
</kw>
<kw name="Comment" owner="BuiltIn">
<arg>******************** Then resultant cashflow:</arg>
<arg>Swift_suppressed</arg>
<doc>Displays the given messages in the log file as keyword arguments.</doc>
<status status="PASS" start="2026-08-27T11:15:36.733877" elapsed="0.000079"/>
</kw>
<kw name="WaitUntilCashflowToStatus" owner="ccil_backend">
<msg time="2026-08-27T11:15:36.734093" level="INFO">${response} = &lt;ccil_backend.Response object at 0x1023ccc40&gt;</msg>
<var>${response}</var>
<arg>cashflowId=${resultantCashflow}</arg>
<arg>cashflowStatus=SWIFT_SUPPRESSED</arg>
<status status="PASS" start="2026-08-27T11:15:36.734006" elapsed="0.000097"/>
</kw>
<kw name="Comment" owner="BuiltIn">
<arg>******************** Novation to Guaranteed counterparty</arg>
<doc>Displays the given messages in the log file as keyword arguments.</doc>
<status status="PASS" start="2026-08-27T11:15:36.734155" elapsed="0.000078"/>
</kw>
<kw name="Generate Random String" owner="String">
<msg time="2026-08-27T11:15:36.734385" level="INFO">${amdmTradeId} = 91250395</msg>
<var>${amdmTradeId}</var>
<arg>length=8</arg>
<arg>chars=[NUMBERS]</arg>
<doc>Generates a string with a desired ``length`` from the given ``chars``.</doc>
<status status="PASS" start="2026-08-27T11:15:36.734298" elapsed="0.000098"/>
</kw>
<kw name="Log To Console" owner="BuiltIn">
<arg>\n***********amdmTradeId: ${amdmTradeId}</arg>
<doc>Logs the given message to the console.</doc>
<status status="PASS" start="2026-08-27T11:15:36.734455" elapsed="0.000108"/>
</kw>
<kw name="GenCashflowCNByGroupForMurex" owner="ccil_backend">
<msg time="2026-08-27T11:15:36.735977" level="INFO">${amdmCashflowList} = ['100000000005', '100000000006', '100000000007', '100000000008', '100000000009', '100000000010']</msg>
<msg time="2026-08-27T11:15:36.735996" level="INFO">${flows} = 
&lt;flow&gt;Flowid:FLOW1, status:SNTR, value_date:20260827&lt;/flow&gt;
&lt;flow&gt;Flowid:FLOW2, status:SNTR, value_date:20260827&lt;/flow&gt;
&lt;flow&gt;Flowid:FLOW3, status:SNTR, value_date:20260827&lt;/flow&gt;
&lt;flow&gt;Flowid:FLOW1,...</msg>
<msg time="2026-08-27T11:15:36.736015" level="INFO">${flowList} = ['FLOW1', 'FLOW2', 'FLOW3', 'FLOW4', 'FLOW5', 'FLOW6']</msg>
<var>${amdmCashflowList}</var>
<var>${flows}</var>
<var>${flowList}</var>
<arg>flows=${flows}</arg>
<arg>oriFlowList=${flowList}</arg>
<arg>valueDateList=${{["${mxgCurrentDate}","${mxgCurrentDate}","${mxgCurrentDate}","${mxgCurrentDate}","${mxgCurrentDate}","${mxgCurrentDate}"]}}</arg>
<arg>statusInFlowList=${{["SNTR","SNTR","SNTR","SNTR","SNTR","SNTR"]}}</arg>
<arg>counterpartyList=${{"${NonGuaranteedCounterparty}[0]","${NonGuaranteedCounterparty}[1]","${NonGuaranteedCounterparty}[2]","${guaranteedCounterparty}","${guaranteedCounterparty}","${guaranteedCounterparty}"}}</arg>
<arg>isCreditList=${{["Y","N","N","N","Y","Y"]}}</arg>
<arg>transactionFamily=${validFamily}</arg>
<arg>transactionGroup=${validGroup}</arg>
<arg>entityFMID=${validBookingEntity}</arg>
<arg>currency=${validCcy}</arg>
<arg>validationLevel=COMP</arg>
<arg>ifValidCase=${True}</arg>
<arg>TrnOrginalID=${oriTradeId}</arg>
<arg>tradeId=${amdmTradeId}</arg>
<status status="PASS" start="2026-08-27T11:15:36.734611" elapsed="0.001413"/>
</kw>
<kw name="Comment" owner="BuiltIn">
<arg>******************** Then auto unnet; c1 / c2 / c3 cancelled; c5 / c7 / c9 waiting + Pending auto Netting</arg>
<doc>Displays the given messages in the log file as keyword arguments.</doc>
<status status="PASS" start="2026-08-27T11:15:36.736093" elapsed="0.000071"/>
</kw>
<kw name="WaitUntilCashflowToStatus" owner="ccil_backend">
<msg time="2026-08-27T11:15:36.736305" level="INFO">${response} = &lt;ccil_backend.Response object at 0x1023e4b20&gt;</msg>
<var>${response}</var>
<arg>cashflowId=${resultantCashflow}</arg>
<arg>cashflowStatus=DEAD</arg>
<status status="PASS" start="2026-08-27T11:15:36.736217" elapsed="0.000099"/>
</kw>
<for flavor="IN">
<iter>
<kw name="WaitUntilCashflowToStatus" owner="ccil_backend">
<msg time="2026-08-27T11:15:36.736517" level="INFO">${response} = &lt;ccil_backend.Response object at 0x1023e47c0&gt;</msg>
<var>${response}</var>
<arg>cashflowId=${element}</arg>
<arg>cashflowStatus=CANCELLED</arg>
<status status="PASS" start="2026-08-27T11:15:36.736434" elapsed="0.000093"/>
</kw>
<kw name="Remove From List" owner="Collections">
<arg>${amdmCashflowList}</arg>
<arg>0</arg>
<doc>Removes and returns the value specified with an ``index`` from ``list``.</doc>
<status status="PASS" start="2026-08-27T11:15:36.736567" elapsed="0.000080"/>
</kw>
<var name="${element}">100000000001</var>
<status status="PASS" start="2026-08-27T11:15:36.736403" elapsed="0.000260"/>
</iter>
<iter>
<kw name="WaitUntilCashflowToStatus" owner="ccil_backend">
<msg time="2026-08-27T11:15:36.736829" level="INFO">${response} = &lt;ccil_backend.Response object at 0x1023dd070&gt;</msg>
<var>${response}</var>
<arg>cashflowId=${element}</arg>
<arg>cashflowStatus=CANCELLED</arg>
<status status="PASS" start="2026-08-27T11:15:36.736732" elapsed="0.000109"/>
</kw>
<kw name="Remove From List" owner="Collections">
<arg>${amdmCashflowList}</arg>
<arg>0</arg>
<doc>Removes and returns the value specified with an ``index`` from ``list``.</doc>
<status status="PASS" start="2026-08-27T11:15:36.736884" elapsed="0.000069"/>
</kw>
<var name="${element}">100000000002</var>
<status status="PASS" start="2026-08-27T11:15:36.736698" elapsed="0.000270"/>
</iter>
<iter>
<kw name="WaitUntilCashflowToStatus" owner="ccil_backend">
<msg time="2026-08-27T11:15:36.737112" level="INFO">${response} = &lt;ccil_backend.Response object at 0x1023dd3d0&gt;</msg>
<var>${response}</var>
<arg>cashflowId=${element}</arg>
<arg>cashflowStatus=CANCELLED</arg>
<status status="PASS" start="2026-08-27T11:15:36.737030" elapsed="0.000092"/>
</kw>
<kw name="Remove From List" owner="Collections">
<arg>${amdmCashflowList}</arg>
<arg>0</arg>
<doc>Removes and returns the value specified with an ``index`` from ``list``.</doc>
<status status="PASS" start="2026-08-27T11:15:36.737184" elapsed="0.000061"/>
</kw>
<var name="${element}">100000000003</var>
<status status="PASS" start="2026-08-27T11:15:36.736999" elapsed="0.000260"/>
</iter>
<var>${element}</var>
<value>@{cashflowList}</value>
<status status="PASS" start="2026-08-27T11:15:36.736349" elapsed="0.000920"/>
</for>
<kw name="Comment" owner="BuiltIn">
<arg>******************** Check Guaranteed cashflow: Pending Netting</arg>
<doc>Displays the given messages in the log file as keyword arguments.</doc>
<status status="PASS" start="2026-08-27T11:15:36.737322" elapsed="0.000195"/>
</kw>
<kw name="CheckSettMethodAndSubStateTypeOfCf" owner="ccil_checks">
<for flavor="IN">
<iter>
<kw name="WaitUntilCashflowToStatus" owner="ccil_backend">
<msg time="2026-08-27T11:15:36.738138" level="INFO">${response} = &lt;ccil_backend.Response object at 0x1023f30d0&gt;</msg>
<var>${response}</var>
<arg>cashflowId=${element}</arg>
<arg>${jPathInCfDetails_cfSubStatType}=${expectedSubStat}</arg>
<arg>${jPathInCfDetails_SettlementMethod}=${expectedSettMethod}</arg>
<status status="PASS" start="2026-08-27T11:15:36.737950" elapsed="0.000202"/>
</kw>
<var name="${element}">100000000008</var>
<status status="PASS" start="2026-08-27T11:15:36.737907" elapsed="0.000264"/>
</iter>
<iter>
<kw name="WaitUntilCashflowToStatus" owner="ccil_backend">
<msg time="2026-08-27T11:15:36.738399" level="INFO">${response} = &lt;ccil_backend.Response object at 0x1023f32e0&gt;</msg>
<var>${response}</var>
<arg>cashflowId=${element}</arg>
<arg>${jPathInCfDetails_cfSubStatType}=${expectedSubStat}</arg>
<arg>${jPathInCfDetails_SettlementMethod}=${expectedSettMethod}</arg>
<status status="PASS" start="2026-08-27T11:15:36.738241" elapsed="0.000171"/>
</kw>
<var name="${element}">100000000009</var>
<status status="PASS" start="2026-08-27T11:15:36.738206" elapsed="0.000224"/>
</iter>
<iter>
<kw name="WaitUntilCashflowToStatus" owner="ccil_backend">
<msg time="2026-08-27T11:15:36.738666" level="INFO">${response} = &lt;ccil_backend.Response object at 0x1023f3490&gt;</msg>
<var>${response}</var>
<arg>cashflowId=${element}</arg>
<arg>${jPathInCfDetails_cfSubStatType}=${expectedSubStat}</arg>
<arg>${jPathInCfDetails_SettlementMethod}=${expectedSettMethod}</arg>
<status status="PASS" start="2026-08-27T11:15:36.738495" elapsed="0.000186"/>
</kw>
<var name="${element}">100000000010</var>
<status status="PASS" start="2026-08-27T11:15:36.738462" elapsed="0.000237"/>
</iter>
<var>${element}</var>
<value>@{cashflowList}</value>
<status status="PASS" start="2026-08-27T11:15:36.737838" elapsed="0.000874"/>
</for>
<arg>${SubStatType_PendingAutoNetting}</arg>
<arg>${SettlementMthod_CCIL}</arg>
<arg>@{amdmCashflowList}</arg>
<status status="PASS" start="2026-08-27T11:15:36.737675" elapsed="0.001159"/>
</kw>
<doc>NonGuaranteed cashflow: Pending auto Netting + user do net + user do swift suppress to resultant cashflow
+ Novation to Guaranteed counterparty
          REQ: 2295160</doc>
<tag>SFMRPCCILNetting</tag>
<tag>SFMRPNetting</tag>
<tag>SFMRPNettingOnly</tag>
<tag>SFMRPRegression</tag>
<status status="PASS" start="2026-08-27T11:15:36.726572" elapsed="0.012487"/>
</test>
<test id="s1-s1-t3" name="CN-API-CCILNetting-Novation-003" line="119">
<kw name="Reset Backend State" owner="__import__" type="SETUP">
<kw name="Reset Backend State Impl" owner="ccil_backend">
<status status="PASS" start="2026-08-27T11:15:36.739663" elapsed="0.000170"/>
</kw>
<status status="PASS" start="2026-08-27T11:15:36.739537" elapsed="0.000322"/>
</kw>
<kw name="Generate Random String" owner="String">
<msg time="2026-08-27T11:15:36.740197" level="INFO">${oriTradeId} = 71518970</msg>
<var>${oriTradeId}</var>
<arg>length=8</arg>
<arg>chars=[NUMBERS]</arg>
<doc>Generates a string with a desired ``length`` from the given ``chars``.</doc>
<status status="PASS" start="2026-08-27T11:15:36.739992" elapsed="0.000223"/>
</kw>
<kw name="Log To Console" owner="BuiltIn">
<arg>\n***********oriTradeId: ${oriTradeId}</arg>
<doc>Logs the given message to the console.</doc>
<status status="PASS" start="2026-08-27T11:15:36.740321" elapsed="0.000179"/>
</kw>
<kw name="OffsetTimeJumpWeekend" owner="ccil_backend">
<msg time="2026-08-27T11:15:36.740771" level="INFO">${mxgCurrentDate} = 20260827</msg>
<var>${mxgCurrentDate}</var>
<arg>offset_time=0/0/0</arg>
<arg>output_format=%Y%m%d</arg>
<arg>currency=${validCcy}</arg>
<status status="PASS" start="2026-08-27T11:15:36.740606" elapsed="0.000179"/>
</kw>
<kw name="Comment" owner="BuiltIn">
<arg>******************** build nonGuaranteed cashflows</arg>
<doc>Displays the given messages in the log file as keyword arguments.</doc>
<status status="PASS" start="2026-08-27T11:15:36.740851" elapsed="0.000090"/>
</kw>
<kw name="GenCashflowCNByGroupForMurex" owner="ccil_backend">
<msg time="2026-08-27T11:15:36.742205" level="INFO">${cashflowList} = ['100000000001', '100000000002', '100000000003']</msg>
<msg time="2026-08-27T11:15:36.742224" level="INFO">${flows} = 
&lt;flow&gt;Flowid:FLOW1, status:SNTR, value_date:20260827&lt;/flow&gt;
&lt;flow&gt;Flowid:FLOW2, status:SNTR, value_date:20260827&lt;/flow&gt;
&lt;flow&gt;Flowid:FLOW3, status:SNTR, value_date:20260827&lt;/flow&gt;</msg>
<msg time="2026-08-27T11:15:36.742242" level="INFO">${flowList} = ['FLOW1', 'FLOW2', 'FLOW3']</msg>
<var>${cashflowList}</var>
<var>${flows}</var>
<var>${flowList}</var>
<arg>valueDateList=${{["${mxgCurrentDate}","${mxgCurrentDate}","${mxgCurrentDate}"]}}</arg>
<arg>statusInFlowList=${{["SNTR","SNTR","SNTR"]}}</arg>
<arg>counterpartyList=${{"${NonGuaranteedCounterparty}[0]","${NonGuaranteedCounterparty}[1]","${NonGuaranteedCounterparty}[2]"}}</arg>
<arg>isCreditList=${{["N","Y","Y"]}}</arg>
<arg>transactionFamily=${validFamily}</arg>
<arg>transactionGroup=${validGroup}</arg>
<arg>entityFMID=${validBookingEntity}</arg>
<arg>currency=${validCcy}</arg>
<arg>validationLevel=COMP</arg>
<arg>ifValidCase=${True}</arg>
<arg>TrnOrginalID=${oriTradeId}</arg>
<arg>tradeId=${oriTradeId}</arg>
<status status="PASS" start="2026-08-27T11:15:36.741004" elapsed="0.001247"/>
</kw>
<kw name="Comment" owner="BuiltIn">
<arg>******************** Check NonGuaranteed cashflow: Pending auto Netting</arg>
<doc>Displays the given messages in the log file as keyword arguments.</doc>
<status status="PASS" start="2026-08-27T11:15:36.742324" elapsed="0.000076"/>
</kw>
<kw name="CheckSettMethodAndSubStateTypeOfCf" owner="ccil_checks">
<for flavor="IN">
<iter>
<kw name="WaitUntilCashflowToStatus" owner="ccil_backend">
<msg time="2026-08-27T11:15:36.742863" level="INFO">${response} = &lt;ccil_backend.Response object at 0x1023e4340&gt;</msg>
<var>${response}</var>
<arg>cashflowId=${element}</arg>
<arg>${jPathInCfDetails_cfSubStatType}=${expectedSubStat}</arg>
<arg>${jPathInCfDetails_SettlementMethod}=${expectedSettMethod}</arg>
<status status="PASS" start="2026-08-27T11:15:36.742711" elapsed="0.000163"/>
</kw>
<var name="${element}">100000000001</var>
<status status="PASS" start="2026-08-27T11:15:36.742677" elapsed="0.000213"/>
</iter>
<iter>
<kw name="WaitUntilCashflowToStatus" owner="ccil_backend">
<msg time="2026-08-27T11:15:36.743100" level="INFO">${response} = &lt;ccil_backend.Response object at 0x1023e41c0&gt;</msg>
<var>${response}</var>
<arg>cashflowId=${element}</arg>
<arg>${jPathInCfDetails_cfSubStatType}=${expectedSubStat}</arg>
<arg>${jPathInCfDetails_SettlementMethod}=${expectedSettMethod}</arg>
<status status="PASS" start="2026-08-27T11:15:36.742953" elapsed="0.000158"/>
</kw>
<var name="${element}">100000000002</var>
<status status="PASS" start="2026-08-27T11:15:36.742921" elapsed="0.000205"/>
</iter>
<iter>
<kw name="WaitUntilCashflowToStatus" owner="ccil_backend">
<msg time="2026-08-27T11:15:36.743330" level="INFO">${response} = &lt;ccil_backend.Response object at 0x1023e4e20&gt;</msg>
<var>${response}</var>
<arg>cashflowId=${element}</arg>
<arg>${jPathInCfDetails_cfSubStatType}=${expectedSubStat}</arg>
<arg>${jPathInCfDetails_SettlementMethod}=${expectedSettMethod}</arg>
<status status="PASS" start="2026-08-27T11:15:36.743185" elapsed="0.000156"/>
</kw>
<var name="${element}">100000000003</var>
<status status="PASS" start="2026-08-27T11:15:36.743154" elapsed="0.000235"/>
</iter>
<var>${element}</var>
<value>@{cashflowList}</value>
<status status="PASS" start="2026-08-27T11:15:36.742625" elapsed="0.000775"/>
</for>
<arg>${SubStatType_PendingAutoNetting}</arg>
<arg>${SettlementMthod_CCIL}</arg>
<arg>@{cashflowList}</arg>
<status status="PASS" start="2026-08-27T11:15:36.742486" elapsed="0.000936"/>
</kw>
<kw name="Comment" owner="BuiltIn">
<arg>******************** Novation to Guaranteed counterparty</arg>
<doc>Displays the given messages in the log file as keyword arguments.</doc>
<status status="PASS" start="2026-08-27T11:15:36.743476" elapsed="0.000090"/>
</kw>
<kw name="Generate Random String" owner="String">
<msg time="2026-08-27T11:15:36.743710" level="INFO">${amdmTradeId} = 84842017</msg>
<var>${amdmTradeId}</var>
<arg>length=8</arg>
<arg>chars=[NUMBERS]</arg>
<doc>Generates a string with a desired ``length`` from the given ``chars``.</doc>
<status status="PASS" start="2026-08-27T11:15:36.743629" elapsed="0.000092"/>
</kw>
<kw name="Log To Console" owner="BuiltIn">
<arg>\n***********amdmTradeId: ${amdmTradeId}</arg>
<doc>Logs the given message to the console.</doc>
<status status="PASS" start="2026-08-27T11:15:36.743775" elapsed="0.000110"/>
</kw>
<kw name="GenCashflowCNByGroupForMurex" owner="ccil_backend">
<msg time="2026-08-27T11:15:36.745228" level="INFO">${amdmCashflowList} = ['100000000004', '100000000005', '100000000006', '100000000007', '100000000008', '100000000009']</msg>
<msg time="2026-08-27T11:15:36.745247" level="INFO">${flows} = 
&lt;flow&gt;Flowid:FLOW1, status:SNTR, value_date:20260827&lt;/flow&gt;
&lt;flow&gt;Flowid:FLOW2, status:SNTR, value_date:20260827&lt;/flow&gt;
&lt;flow&gt;Flowid:FLOW3, status:SNTR, value_date:20260827&lt;/flow&gt;
&lt;flow&gt;Flowid:FLOW1,...</msg>
<msg time="2026-08-27T11:15:36.745266" level="INFO">${flowList} = ['FLOW1', 'FLOW2', 'FLOW3', 'FLOW4', 'FLOW5', 'FLOW6']</msg>
<var>${amdmCashflowList}</var>
<var>${flows}</var>
<var>${flowList}</var>
<arg>flows=${flows}</arg>
<arg>oriFlowList=${flowList}</arg>
<arg>valueDateList=${{["${mxgCurrentDate}","${mxgCurrentDate}","${mxgCurrentDate}","${mxgCurrentDate}","${mxgCurrentDate}","${mxgCurrentDate}"]}}</arg>
<arg>statusInFlowList=${{["SNTR","SNTR","SNTR","SNTR","SNTR","SNTR"]}}</arg>
<arg>counterpartyList=${{"${NonGuaranteedCounterparty}[0]","${NonGuaranteedCounterparty}[1]","${NonGuaranteedCounterparty}[2]","${guaranteedCounterparty}","${guaranteedCounterparty}","${guaranteedCounterparty}"}}</arg>
<arg>isCreditList=${{["Y","N","N","N","Y","Y"]}}</arg>
<arg>transactionFamily=${validFamily}</arg>
<arg>transactionGroup=${validGroup}</arg>
<arg>entityFMID=${validBookingEntity}</arg>
<arg>currency=${validCcy}</arg>
<arg>validationLevel=COMP</arg>
<arg>ifValidCase=${True}</arg>
<arg>TrnOrginalID=${oriTradeId}</arg>
<arg>tradeId=${amdmTradeId}</arg>
<status status="PASS" start="2026-08-27T11:15:36.743934" elapsed="0.001341"/>
</kw>
<kw name="Comment" owner="BuiltIn">
<arg>******************** Check NonGuaranteed cashflow: Pending auto Netting</arg>
<doc>Displays the given messages in the log file as keyword arguments.</doc>
<status status="PASS" start="2026-08-27T11:15:36.745344" elapsed="0.000091"/>
</kw>
<for flavor="IN">
<iter>
<kw name="WaitUntilCashflowToStatus" owner="ccil_backend">
<msg time="2026-08-27T11:15:36.745635" level="INFO">${response} = &lt;ccil_backend.Response object at 0x1023cc4f0&gt;</msg>
<var>${response}</var>
<arg>cashflowId=${element}</arg>
<arg>cashflowStatus=CANCELLED</arg>
<status status="PASS" start="2026-08-27T11:15:36.745552" elapsed="0.000093"/>
</kw>
<kw name="Remove From List" owner="Collections">
<arg>${amdmCashflowList}</arg>
<arg>0</arg>
<doc>Removes and returns the value specified with an ``index`` from ``list``.</doc>
<status status="PASS" start="2026-08-27T11:15:36.745689" elapsed="0.000081"/>
</kw>
<var name="${element}">100000000001</var>
<status status="PASS" start="2026-08-27T11:15:36.745520" elapsed="0.000266"/>
</iter>
<iter>
<kw name="WaitUntilCashflowToStatus" owner="ccil_backend">
<msg time="2026-08-27T11:15:36.745948" level="INFO">${response} = &lt;ccil_backend.Response object at 0x102366760&gt;</msg>
<var>${response}</var>
<arg>cashflowId=${element}</arg>
<arg>cashflowStatus=CANCELLED</arg>
<status status="PASS" start="2026-08-27T11:15:36.745855" elapsed="0.000105"/>
</kw>
<kw name="Remove From List" owner="Collections">
<arg>${amdmCashflowList}</arg>
<arg>0</arg>
<doc>Removes and returns the value specified with an ``index`` from ``list``.</doc>
<status status="PASS" start="2026-08-27T11:15:36.746001" elapsed="0.000062"/>
</kw>
<var name="${element}">100000000002</var>
<status status="PASS" start="2026-08-27T11:15:36.745821" elapsed="0.000256"/>
</iter>
<iter>
<kw name="WaitUntilCashflowToStatus" owner="ccil_backend">
<msg time="2026-08-27T11:15:36.746225" level="INFO">${response} = &lt;ccil_backend.Response object at 0x10236ed30&gt;</msg>
<var>${response}</var>
<arg>cashflowId=${element}</arg>
<arg>cashflowStatus=CANCELLED</arg>
<status status="PASS" start="2026-08-27T11:15:36.746139" elapsed="0.000096"/>
</kw>
<kw name="Remove From List" owner="Collections">
<arg>${amdmCashflowList}</arg>
<arg>0</arg>
<doc>Removes and returns the value specified with an ``index`` from ``list``.</doc>
<status status="PASS" start="2026-08-27T11:15:36.746275" elapsed="0.000062"/>
</kw>
<var name="${element}">100000000003</var>
<status status="PASS" start="2026-08-27T11:15:36.746109" elapsed="0.000242"/>
</iter>
<var>${element}</var>
<value>@{cashflowList}</value>
<status status="PASS" start="2026-08-27T11:15:36.745468" elapsed="0.000893"/>
</for>
<kw name="CheckSettMethodAndSubStateTypeOfCf" owner="ccil_checks">
<for flavor="IN">
<iter>
<kw name="WaitUntilCashflowToStatus" owner="ccil_backend">
<msg time="2026-08-27T11:15:36.746800" level="INFO">${response} = &lt;ccil_backend.Response object at 0x1023fa1f0&gt;</msg>
<var>${response}</var>
<arg>cashflowId=${element}</arg>
<arg>${jPathInCfDetails_cfSubStatType}=${expectedSubStat}</arg>
<arg>${jPathInCfDetails_SettlementMethod}=${expectedSettMethod}</arg>
<status status="PASS" start="2026-08-27T11:15:36.746641" elapsed="0.000171"/>
</kw>
<var name="${element}">100000000007</var>
<status status="PASS" start="2026-08-27T11:15:36.746610" elapsed="0.000218"/>
</iter>
<iter>
<kw name="WaitUntilCashflowToStatus" owner="ccil_backend">
<msg time="2026-08-27T11:15:36.747044" level="INFO">${response} = &lt;ccil_backend.Response object at 0x1023fa460&gt;</msg>
<var>${response}</var>
<arg>cashflowId=${element}</arg>
<arg>${jPathInCfDetails_cfSubStatType}=${expectedSubStat}</arg>
<arg>${jPathInCfDetails_SettlementMethod}=${expectedSettMethod}</arg>
<status status="PASS" start="2026-08-27T11:15:36.746895" elapsed="0.000160"/>
</kw>
<var name="${element}">100000000008</var>
<status status="PASS" start="2026-08-27T11:15:36.746860" elapsed="0.000210"/>
</iter>
<iter>
<kw name="WaitUntilCashflowToStatus" owner="ccil_backend">
<msg time="2026-08-27T11:15:36.747279" level="INFO">${response} = &lt;ccil_backend.Response object at 0x1023fa610&gt;</msg>
<var>${response}</var>
<arg>cashflowId=${element}</arg>
<arg>${jPathInCfDetails_cfSubStatType}=${expectedSubStat}</arg>
<arg>${jPathInCfDetails_SettlementMethod}=${expectedSettMethod}</arg>
<status status="PASS" start="2026-08-27T11:15:36.747127" elapsed="0.000164"/>
</kw>
<var name="${element}">100000000009</var>
<status status="PASS" start="2026-08-27T11:15:36.747097" elapsed="0.000210"/>
</iter>
<var>${element}</var>
<value>@{cashflowList}</value>
<status status="PASS" start="2026-08-27T11:15:36.746565" elapsed="0.000754"/>
</for>
<arg>${SubStatType_PendingAutoNetting}</arg>
<arg>${SettlementMthod_CCIL}</arg>
<arg>@{amdmCashflowList}</arg>
<status status="PASS" start="2026-08-27T11:15:36.746442" elapsed="0.000899"/>
</kw>
<doc>NonGuaranteed cashflow Pending auto Netting + Novation(to Guaranteed counterparty)
-&gt; NonGuaranteed cashflow cancelled + new cashflow: pending auto netting
          REQ: 2295160</doc>
<tag>SFMRPCCILNetting</tag>
<tag>SFMRPNetting</tag>
<tag>SFMRPNettingOnly</tag>
<tag>SFMRPRegression</tag>
<status status="PASS" start="2026-08-27T11:15:36.739238" elapsed="0.008169"/>
</test>
<test id="s1-s1-t4" name="CN-API-CCILNetting-notAbleNetNonGAndGCf-006" line="264">
<kw name="Reset Backend State" owner="__import__" type="SETUP">
<kw name="Reset Backend State Impl" owner="ccil_backend">
<status status="PASS" start="2026-08-27T11:15:36.748459" elapsed="0.000054"/>
</kw>
<status status="PASS" start="2026-08-27T11:15:36.747871" elapsed="0.000676"/>
</kw>
<kw name="Comment" owner="BuiltIn">
<arg>******************** build guaranteed cashflows</arg>
<doc>Displays the given messages in the log file as keyword arguments.</doc>
<status status="PASS" start="2026-08-27T11:15:36.748664" elapsed="0.000225"/>
</kw>
<kw name="GenCashFlowCN" owner="ccil_backend">
<msg time="2026-08-27T11:15:36.749250" level="INFO">${guaranteedCf1} = 100000000001</msg>
<var>${guaranteedCf1}</var>
<arg>template=new</arg>
<arg>upstream=murex</arg>
<arg>isCredit=N</arg>
<arg>transactionFamily=${validFamily}</arg>
<arg>transactionGroup=${validGroup}</arg>
<arg>currency=${validCcy}</arg>
<arg>counterpartyFMID=${guaranteedCounterparty}</arg>
<arg>entityFMID=${validBookingEntity}</arg>
<status status="PASS" start="2026-08-27T11:15:36.748987" elapsed="0.000281"/>
</kw>
<kw name="Comment" owner="BuiltIn">
<arg>******************** build nonGuaranteed cashflows</arg>
<doc>Displays the given messages in the log file as keyword arguments.</doc>
<status status="PASS" start="2026-08-27T11:15:36.749357" elapsed="0.000092"/>
</kw>
<kw name="GenCashFlowCN" owner="ccil_backend">
<msg time="2026-08-27T11:15:36.749703" level="INFO">${nonGuaranteedCf1} = 100000000002</msg>
<var>${nonGuaranteedCf1}</var>
<arg>template=new</arg>
<arg>upstream=murex</arg>
<arg>isCredit=N</arg>
<arg>transactionFamily=${validFamily}</arg>
<arg>transactionGroup=${validGroup}</arg>
<arg>currency=${validCcy}</arg>
<arg>counterpartyFMID=${NonGuaranteedCounterparty}[0]</arg>
<arg>entityFMID=${validBookingEntity}</arg>
<status status="PASS" start="2026-08-27T11:15:36.749506" elapsed="0.000208"/>
</kw>
<kw name="Create List" owner="BuiltIn">
<msg time="2026-08-27T11:15:36.749939" level="INFO">@{cfList} = [ 100000000002 | 100000000001 ]</msg>
<var>@{cfList}</var>
<arg>${nonGuaranteedCf1}</arg>
<arg>${guaranteedCf1}</arg>
<doc>Returns a list containing given items.</doc>
<status status="PASS" start="2026-08-27T11:15:36.749791" elapsed="0.000159"/>
</kw>
<kw name="Comment" owner="BuiltIn">
<arg>******************** check cf pending auto netting and settlement method CCIL</arg>
<doc>Displays the given messages in the log file as keyword arguments.</doc>
<status status="PASS" start="2026-08-27T11:15:36.750011" elapsed="0.000079"/>
</kw>
<kw name="CheckSettMethodAndSubStateTypeOfCf" owner="ccil_checks">
<for flavor="IN">
<iter>
<kw name="WaitUntilCashflowToStatus" owner="ccil_backend">
<msg time="2026-08-27T11:15:36.750563" level="INFO">${response} = &lt;ccil_backend.Response object at 0x1023ddc40&gt;</msg>
<var>${response}</var>
<arg>cashflowId=${element}</arg>
<arg>${jPathInCfDetails_cfSubStatType}=${expectedSubStat}</arg>
<arg>${jPathInCfDetails_SettlementMethod}=${expectedSettMethod}</arg>
<status status="PASS" start="2026-08-27T11:15:36.750406" elapsed="0.000168"/>
</kw>
<var name="${element}">100000000002</var>
<status status="PASS" start="2026-08-27T11:15:36.750372" elapsed="0.000218"/>
</iter>
<iter>
<kw name="WaitUntilCashflowToStatus" owner="ccil_backend">
<msg time="2026-08-27T11:15:36.750818" level="INFO">${response} = &lt;ccil_backend.Response object at 0x1023ddbe0&gt;</msg>
<var>${response}</var>
<arg>cashflowId=${element}</arg>
<arg>${jPathInCfDetails_cfSubStatType}=${expectedSubStat}</arg>
<arg>${jPathInCfDetails_SettlementMethod}=${expectedSettMethod}</arg>
<status status="PASS" start="2026-08-27T11:15:36.750655" elapsed="0.000176"/>
</kw>
<var name="${element}">100000000001</var>
<status status="PASS" start="2026-08-27T11:15:36.750623" elapsed="0.000225"/>
</iter>
<var>${element}</var>
<value>@{cashflowList}</value>
<status status="PASS" start="2026-08-27T11:15:36.750321" elapsed="0.000539"/>
</for>
<arg>${SubStatType_PendingAutoNetting}</arg>
<arg>${SettlementMthod_CCIL}</arg>
<arg>@{cfList}</arg>
<status status="PASS" start="2026-08-27T11:15:36.750186" elapsed="0.000697"/>
</kw>
<kw name="Comment" owner="BuiltIn">
<arg>******************** try CCIL net</arg>
<doc>Displays the given messages in the log file as keyword arguments.</doc>
<status status="PASS" start="2026-08-27T11:15:36.750936" elapsed="0.000076"/>
</kw>
<kw name="DoCCILNetting" owner="ccil_backend">
<msg time="2026-08-27T11:15:36.751175" level="INFO">${response} = &lt;ccil_backend.Response object at 0x1023dd040&gt;</msg>
<msg time="2026-08-27T11:15:36.751193" level="INFO">${resultantCf} = null</msg>
<var>${response}</var>
<var>${resultantCf}</var>
<arg>@{cfList}</arg>
<status status="PASS" start="2026-08-27T11:15:36.751084" elapsed="0.000118"/>
</kw>
<kw name="Comment" owner="BuiltIn">
<arg>******************** Check not able to net</arg>
<doc>Displays the given messages in the log file as keyword arguments.</doc>
<status status="PASS" start="2026-08-27T11:15:36.751254" elapsed="0.000073"/>
</kw>
<kw name="Run Keyword And Continue On Failure" owner="BuiltIn">
<kw name="Should Be Equal" owner="BuiltIn">
<arg>${resultantCf}</arg>
<arg>null</arg>
<doc>Fails if the given objects are unequal.</doc>
<status status="PASS" start="2026-08-27T11:15:36.751535" elapsed="0.000126"/>
</kw>
<arg>Should Be Equal</arg>
<arg>${resultantCf}</arg>
<arg>null</arg>
<doc>Runs the keyword and continues execution even if a failure occurs.</doc>
<status status="PASS" start="2026-08-27T11:15:36.751391" elapsed="0.000294"/>
</kw>
<kw name="Comment" owner="BuiltIn">
<arg>******************** try normal net</arg>
<doc>Displays the given messages in the log file as keyword arguments.</doc>
<status status="PASS" start="2026-08-27T11:15:36.751738" elapsed="0.000070"/>
</kw>
<kw name="DoNetWithCashflowList" owner="ccil_backend">
<msg time="2026-08-27T11:15:36.751925" level="INFO">${response} = &lt;ccil_backend.Response object at 0x1023e4bb0&gt;</msg>
<msg time="2026-08-27T11:15:36.751943" level="INFO">${resultantCf} = null</msg>
<var>${response}</var>
<var>${resultantCf}</var>
<arg>@{cfList}</arg>
<status status="PASS" start="2026-08-27T11:15:36.751858" elapsed="0.000094"/>
</kw>
<kw name="Comment" owner="BuiltIn">
<arg>******************** Check not able to net</arg>
<doc>Displays the given messages in the log file as keyword arguments.</doc>
<status status="PASS" start="2026-08-27T11:15:36.752002" elapsed="0.000070"/>
</kw>
<kw name="Run Keyword And Continue On Failure" owner="BuiltIn">
<kw name="Should Be Equal" owner="BuiltIn">
<arg>${resultantCf}</arg>
<arg>null</arg>
<doc>Fails if the given objects are unequal.</doc>
<status status="PASS" start="2026-08-27T11:15:36.752229" elapsed="0.000102"/>
</kw>
<arg>Should Be Equal</arg>
<arg>${resultantCf}</arg>
<arg>null</arg>
<doc>Runs the keyword and continues execution even if a failure occurs.</doc>
<status status="PASS" start="2026-08-27T11:15:36.752124" elapsed="0.000227"/>
</kw>
<doc>Could not net NonGuaranteed and Guaranted cashflow
REQ: 2295160</doc>
<tag>SFMRPCCILNetting</tag>
<tag>SFMRPNetting</tag>
<tag>SFMRPNettingOnly</tag>
<tag>SFMRPRegression</tag>
<status status="PASS" start="2026-08-27T11:15:36.747624" elapsed="0.004791"/>
</test>
<test id="s1-s1-t5" name="CN-API-CCILNetting-InvalidProduct-007" line="295">
<kw name="Reset Backend State" owner="__import__" type="SETUP">
<kw name="Reset Backend State Impl" owner="ccil_backend">
<status status="PASS" start="2026-08-27T11:15:36.752803" elapsed="0.000036"/>
</kw>
<status status="PASS" start="2026-08-27T11:15:36.752711" elapsed="0.000147"/>
</kw>
<kw name="Comment" owner="BuiltIn">
<arg>******************** build guaranteed cashflows with invalid murex group</arg>
<doc>Displays the given messages in the log file as keyword arguments.</doc>
<status status="PASS" start="2026-08-27T11:15:36.752907" elapsed="0.000071"/>
</kw>
<kw name="GenCashFlowCN" owner="ccil_backend">
<msg time="2026-08-27T11:15:36.753241" level="INFO">${guaranteedCf1} = 100000000001</msg>
<var>${guaranteedCf1}</var>
<arg>template=new</arg>
<arg>upstream=murex</arg>
<arg>isCredit=N</arg>
<arg>transactionFamily=${validFamily}</arg>
<arg>transactionGroup=CS</arg>
<arg>currency=${validCcy}</arg>
<arg>counterpartyFMID=${guaranteedCounterparty}</arg>
<arg>entityFMID=${validBookingEntity}</arg>
<status status="PASS" start="2026-08-27T11:15:36.753071" elapsed="0.000181"/>
</kw>
<kw name="Comment" owner="BuiltIn">
<arg>******************** build nonGuaranteed cashflows with invalid murex family and group</arg>
<doc>Displays the given messages in the log file as keyword arguments.</doc>
<status status="PASS" start="2026-08-27T11:15:36.753310" elapsed="0.000071"/>
</kw>
<kw name="GenCashFlowCN" owner="ccil_backend">
<msg time="2026-08-27T11:15:36.753592" level="INFO">${nonGuaranteedCf1} = 100000000002</msg>
<var>${nonGuaranteedCf1}</var>
<arg>template=new</arg>
<arg>upstream=murex</arg>
<arg>isCredit=N</arg>
<arg>transactionFamily=COM</arg>
<arg>transactionGroup=SWAP</arg>
<arg>currency=${validCcy}</arg>
<arg>counterpartyFMID=${NonGuaranteedCounterparty}[0]</arg>
<arg>entityFMID=${validBookingEntity}</arg>
<status status="PASS" start="2026-08-27T11:15:36.753429" elapsed="0.000174"/>
</kw>
<kw name="Create List" owner="BuiltIn">
<msg time="2026-08-27T11:15:36.753783" level="INFO">@{cashflowList} = [ 100000000001 | 100000000002 ]</msg>
<var>@{cashflowList}</var>
<arg>${guaranteedCf1}</arg>
<arg>${nonGuaranteedCf1}</arg>
<doc>Returns a list containing given items.</doc>
<status status="PASS" start="2026-08-27T11:15:36.753661" elapsed="0.000132"/>
</kw>
<kw name="CheckSettMethodAndSubStateTypeOfCf" owner="ccil_checks">
<for flavor="IN">
<iter>
<kw name="WaitUntilCashflowToStatus" owner="ccil_backend">
<msg time="2026-08-27T11:15:36.754216" level="INFO">${response} = &lt;ccil_backend.Response object at 0x1023ccd60&gt;</msg>
<var>${response}</var>
<arg>cashflowId=${element}</arg>
<arg>${jPathInCfDetails_cfSubStatType}=${expectedSubStat}</arg>
<arg>${jPathInCfDetails_SettlementMethod}=${expectedSettMethod}</arg>
<status status="PASS" start="2026-08-27T11:15:36.754065" elapsed="0.000163"/>
</kw>
<var name="${element}">100000000001</var>
<status status="PASS" start="2026-08-27T11:15:36.754033" elapsed="0.000213"/>
</iter>
<iter>
<kw name="WaitUntilCashflowToStatus" owner="ccil_backend">
<msg time="2026-08-27T11:15:36.754463" level="INFO">${response} = &lt;ccil_backend.Response object at 0x1023cc4c0&gt;</msg>
<var>${response}</var>
<arg>cashflowId=${element}</arg>
<arg>${jPathInCfDetails_cfSubStatType}=${expectedSubStat}</arg>
<arg>${jPathInCfDetails_SettlementMethod}=${expectedSettMethod}</arg>
<status status="PASS" start="2026-08-27T11:15:36.754308" elapsed="0.000166"/>
</kw>
<var name="${element}">100000000002</var>
<status status="PASS" start="2026-08-27T11:15:36.754277" elapsed="0.000212"/>
</iter>
<var>${element}</var>
<value>@{cashflowList}</value>
<status status="PASS" start="2026-08-27T11:15:36.753986" elapsed="0.000513"/>
</for>
<arg>${SubStatType_PendingException}</arg>
<arg>${SettlementMthod_Cash}</arg>
<arg>@{cashflowList}</arg>
<status status="PASS" start="2026-08-27T11:15:36.753870" elapsed="0.000649"/>
</kw>
<doc>valid booking enity: 4 + valid counterparty + INO + ! IRD/IRS -&gt; not pending netting
REQ: 2295160</doc>
<tag>SFMRPCCILNetting</tag>
<tag>SFMRPNetting</tag>
<tag>SFMRPNettingOnly</tag>
<tag>SFMRPRegression</tag>
<status status="PASS" start="2026-08-27T11:15:36.752511" elapsed="0.002056"/>
</test>
<test id="s1-s1-t6" name="CN-API-CCILNetting-invalidCcy-008" line="312">
<kw name="Reset Backend State" owner="__import__" type="SETUP">
<kw name="Reset Backend State Impl" owner="ccil_backend">
<status status="PASS" start="2026-08-27T11:15:36.754935" elapsed="0.000108"/>
</kw>
<status status="PASS" start="2026-08-27T11:15:36.754838" elapsed="0.000224"/>
</kw>
<kw name="Comment" owner="BuiltIn">
<arg>******************** build guaranteed cashflows with invalid ccy</arg>
<doc>Displays the given messages in the log file as keyword arguments.</doc>
<status status="PASS" start="2026-08-27T11:15:36.755116" elapsed="0.000072"/>
</kw>
<kw name="GenCashFlowCN" owner="ccil_backend">
<msg time="2026-08-27T11:15:36.755428" level="INFO">${guaranteedCf1} = 100000000001</msg>
<var>${guaranteedCf1}</var>
<arg>template=new</arg>
<arg>upstream=murex</arg>
<arg>isCredit=N</arg>
<arg>transactionFamily=${validFamily}</arg>
<arg>transactionGroup=${validGroup}</arg>
<arg>currency=USD</arg>
<arg>counterpartyFMID=${guaranteedCounterparty}</arg>
<arg>entityFMID=${validBookingEntity}</arg>
<status status="PASS" start="2026-08-27T11:15:36.755241" elapsed="0.000198"/>
</kw>
<kw name="Comment" owner="BuiltIn">
<arg>******************** build nonGuaranteed cashflows with invalid ccy</arg>
<doc>Displays the given messages in the log file as keyword arguments.</doc>
<status status="PASS" start="2026-08-27T11:15:36.755500" elapsed="0.000071"/>
</kw>
<kw name="GenCashFlowCN" owner="ccil_backend">
<msg time="2026-08-27T11:15:36.755785" level="INFO">${nonGuaranteedCf1} = 100000000002</msg>
<var>${nonGuaranteedCf1}</var>
<arg>template=new</arg>
<arg>upstream=murex</arg>
<arg>isCredit=N</arg>
<arg>transactionFamily=${validFamily}</arg>
<arg>transactionGroup=${validGroup}</arg>
<arg>currency=USD</arg>
<arg>counterpartyFMID=${NonGuaranteedCounterparty}[0]</arg>
<arg>entityFMID=${validBookingEntity}</arg>
<status status="PASS" start="2026-08-27T11:15:36.755619" elapsed="0.000178"/>
</kw>
<kw name="Create List" owner="BuiltIn">
<msg time="2026-08-27T11:15:36.755997" level="INFO">@{cashflowList} = [ 100000000001 | 100000000002 ]</msg>
<var>@{cashflowList}</var>
<arg>${guaranteedCf1}</arg>
<arg>${nonGuaranteedCf1}</arg>
<doc>Returns a list containing given items.</doc>
<status status="PASS" start="2026-08-27T11:15:36.755861" elapsed="0.000146"/>
</kw>
<kw name="CheckSettMethodAndSubStateTypeOfCf" owner="ccil_checks">
<for flavor="IN">
<iter>
<kw name="WaitUntilCashflowToStatus" owner="ccil_backend">
<msg time="2026-08-27T11:15:36.756428" level="INFO">${response} = &lt;ccil_backend.Response object at 0x1023e4400&gt;</msg>
<var>${response}</var>
<arg>cashflowId=${element}</arg>
<arg>${jPathInCfDetails_cfSubStatType}=${expectedSubStat}</arg>
<arg>${jPathInCfDetails_SettlementMethod}=${expectedSettMethod}</arg>
<status status="PASS" start="2026-08-27T11:15:36.756269" elapsed="0.000171"/>
</kw>
<var name="${element}">100000000001</var>
<status status="PASS" start="2026-08-27T11:15:36.756237" elapsed="0.000220"/>
</iter>
<iter>
<kw name="WaitUntilCashflowToStatus" owner="ccil_backend">
<msg time="2026-08-27T11:15:36.756666" level="INFO">${response} = &lt;ccil_backend.Response object at 0x1023e4fd0&gt;</msg>
<var>${response}</var>
<arg>cashflowId=${element}</arg>
<arg>${jPathInCfDetails_cfSubStatType}=${expectedSubStat}</arg>
<arg>${jPathInCfDetails_SettlementMethod}=${expectedSettMethod}</arg>
<status status="PASS" start="2026-08-27T11:15:36.756519" elapsed="0.000159"/>
</kw>
<var name="${element}">100000000002</var>
<status status="PASS" start="2026-08-27T11:15:36.756488" elapsed="0.000207"/>
</iter>
<var>${element}</var>
<value>@{cashflowList}</value>
<status status="PASS" start="2026-08-27T11:15:36.756192" elapsed="0.000514"/>
</for>
<arg>${SubStatType_PendingException}</arg>
<arg>${SettlementMthod_Cash}</arg>
<arg>@{cashflowList}</arg>
<status status="PASS" start="2026-08-27T11:15:36.756077" elapsed="0.000650"/>
</kw>
<doc>valid booking enity: 4 + valid counterparty + ! INO +  IRD/IRS -&gt; not pending netting
REQ: 2295160</doc>
<tag>SFMRPCCILNetting</tag>
<tag>SFMRPNetting</tag>
<tag>SFMRPNettingOnly</tag>
<tag>SFMRPRegression</tag>
<status status="PASS" start="2026-08-27T11:15:36.754643" elapsed="0.002138"/>
</test>
<test id="s1-s1-t7" name="CN-API-CCILNetting-invalidCounterparty-009" line="329">
<kw name="Reset Backend State" owner="__import__" type="SETUP">
<kw name="Reset Backend State Impl" owner="ccil_backend">
<status status="PASS" start="2026-08-27T11:15:36.757149" elapsed="0.000059"/>
</kw>
<status status="PASS" start="2026-08-27T11:15:36.757067" elapsed="0.000159"/>
</kw>
<kw name="Comment" owner="BuiltIn">
<arg>******************** build cashflow with invalid counterparty</arg>
<doc>Displays the given messages in the log file as keyword arguments.</doc>
<status status="PASS" start="2026-08-27T11:15:36.757279" elapsed="0.000073"/>
</kw>
<kw name="GenCashFlowCN" owner="ccil_backend">
<msg time="2026-08-27T11:15:36.757732" level="INFO">${guaranteedCf1} = 100000000001</msg>
<var>${guaranteedCf1}</var>
<arg>template=new</arg>
<arg>upstream=murex</arg>
<arg>isCredit=N</arg>
<arg>transactionFamily=${validFamily}</arg>
<arg>transactionGroup=${validGroup}</arg>
<arg>currency=${validCcy}</arg>
<arg>counterpartyFMID=3</arg>
<arg>entityFMID=${validBookingEntity}</arg>
<status status="PASS" start="2026-08-27T11:15:36.757404" elapsed="0.000348"/>
</kw>
<kw name="Create List" owner="BuiltIn">
<msg time="2026-08-27T11:15:36.758035" level="INFO">@{cashflowList} = [ 100000000001 ]</msg>
<var>@{cashflowList}</var>
<arg>${guaranteedCf1}</arg>
<doc>Returns a list containing given items.</doc>
<status status="PASS" start="2026-08-27T11:15:36.757875" elapsed="0.000172"/>
</kw>
<kw name="CheckSettMethodAndSubStateTypeOfCf" owner="ccil_checks">
<for flavor="IN">
<iter>
<kw name="WaitUntilCashflowToStatus" owner="ccil_backend">
<msg time="2026-08-27T11:15:36.758590" level="INFO">${response} = &lt;ccil_backend.Response object at 0x1023f3ca0&gt;</msg>
<var>${response}</var>
<arg>cashflowId=${element}</arg>
<arg>${jPathInCfDetails_cfSubStatType}=${expectedSubStat}</arg>
<arg>${jPathInCfDetails_SettlementMethod}=${expectedSettMethod}</arg>
<status status="PASS" start="2026-08-27T11:15:36.758409" elapsed="0.000193"/>
</kw>
<var name="${element}">100000000001</var>
<status status="PASS" start="2026-08-27T11:15:36.758372" elapsed="0.000247"/>
</iter>
<var>${element}</var>
<value>@{cashflowList}</value>
<status status="PASS" start="2026-08-27T11:15:36.758317" elapsed="0.000315"/>
</for>
<arg>${SubStatType_PendingException}</arg>
<arg>${SettlementMthod_Cash}</arg>
<arg>@{cashflowList}</arg>
<status status="PASS" start="2026-08-27T11:15:36.758169" elapsed="0.000485"/>
</kw>
<doc>valid booking enity: 4 + ! valid counterparty + INO +  IRD/IRS -&gt; not pending netting
REQ: 2295160</doc>
<tag>SFMRPCCILNetting</tag>
<tag>SFMRPNetting</tag>
<tag>SFMRPNettingOnly</tag>
<tag>SFMRPRegression</tag>
<status status="PASS" start="2026-08-27T11:15:36.756867" elapsed="0.001853"/>
</test>
<test id="s1-s1-t8" name="CN-API-CCILNetting-invalidBookingEntity-010" line="341">
<kw name="Reset Backend State" owner="__import__" type="SETUP">
<kw name="Reset Backend State Impl" owner="ccil_backend">
<status status="PASS" start="2026-08-27T11:15:36.759312" elapsed="0.000050"/>
</kw>
<status status="PASS" start="2026-08-27T11:15:36.759180" elapsed="0.000206"/>
</kw>
<kw name="Comment" owner="BuiltIn">
<arg>******************** build guaranteed cashflows with invalid booking entity</arg>
<doc>Displays the given messages in the log file as keyword arguments.</doc>
<status status="PASS" start="2026-08-27T11:15:36.759455" elapsed="0.000098"/>
</kw>
<kw name="GenCashFlowCN" owner="ccil_backend">
<msg time="2026-08-27T11:15:36.759899" level="INFO">${guaranteedCf1} = 100000000001</msg>
<var>${guaranteedCf1}</var>
<arg>template=new</arg>
<arg>upstream=murex</arg>
<arg>isCredit=N</arg>
<arg>transactionFamily=${validFamily}</arg>
<arg>transactionGroup=${validGroup}</arg>
<arg>currency=${validCcy}</arg>
<arg>counterpartyFMID=${guaranteedCounterparty}</arg>
<arg>entityFMID=400960089</arg>
<status status="PASS" start="2026-08-27T11:15:36.759626" elapsed="0.000287"/>
</kw>
<kw name="Comment" owner="BuiltIn">
<arg>******************** build nonGuaranteed cashflows with invalid booking entity</arg>
<doc>Displays the given messages in the log file as keyword arguments.</doc>
<status status="PASS" start="2026-08-27T11:15:36.759987" elapsed="0.000090"/>
</kw>
<kw name="GenCashFlowCN" owner="ccil_backend">
<msg time="2026-08-27T11:15:36.760336" level="INFO">${nonGuaranteedCf1} = 100000000002</msg>
<var>${nonGuaranteedCf1}</var>
<arg>template=new</arg>
<arg>upstream=murex</arg>
<arg>isCredit=N</arg>
<arg>transactionFamily=${validFamily}</arg>
<arg>transactionGroup=${validGroup}</arg>
<arg>currency=${validCcy}</arg>
<arg>counterpartyFMID=${NonGuaranteedCounterparty}[0]</arg>
<arg>entityFMID=400960089</arg>
<status status="PASS" start="2026-08-27T11:15:36.760137" elapsed="0.000210"/>
</kw>
<kw name="Create List" owner="BuiltIn">
<msg time="2026-08-27T11:15:36.760535" level="INFO">@{cashflowList} = [ 100000000001 | 100000000002 ]</msg>
<var>@{cashflowList}</var>
<arg>${guaranteedCf1}</arg>
<arg>${nonGuaranteedCf1}</arg>
<doc>Returns a list containing given items.</doc>
<status status="PASS" start="2026-08-27T11:15:36.760407" elapsed="0.000139"/>
</kw>
<kw name="CheckSettMethodAndSubStateTypeOfCf" owner="ccil_checks">
<for flavor="IN">
<iter>
<kw name="WaitUntilCashflowToStatus" owner="ccil_backend">
<msg time="2026-08-27T11:15:36.761006" level="INFO">${response} = &lt;ccil_backend.Response object at 0x102392a90&gt;</msg>
<var>${response}</var>
<arg>cashflowId=${element}</arg>
<arg>${jPathInCfDetails_cfSubStatType}=${expectedSubStat}</arg>
<arg>${jPathInCfDetails_SettlementMethod}=${expectedSettMethod}</arg>
<status status="PASS" start="2026-08-27T11:15:36.760851" elapsed="0.000167"/>
</kw>
<var name="${element}">100000000001</var>
<status status="PASS" start="2026-08-27T11:15:36.760815" elapsed="0.000218"/>
</iter>
<iter>
<kw name="WaitUntilCashflowToStatus" owner="ccil_backend">
<msg time="2026-08-27T11:15:36.761339" level="INFO">${response} = &lt;ccil_backend.Response object at 0x1023b7a30&gt;</msg>
<var>${response}</var>
<arg>cashflowId=${element}</arg>
<arg>${jPathInCfDetails_cfSubStatType}=${expectedSubStat}</arg>
<arg>${jPathInCfDetails_SettlementMethod}=${expectedSettMethod}</arg>
<status status="PASS" start="2026-08-27T11:15:36.761096" elapsed="0.000254"/>
</kw>
<var name="${element}">100000000002</var>
<status status="PASS" start="2026-08-27T11:15:36.761064" elapsed="0.000302"/>
</iter>
<var>${element}</var>
<value>@{cashflowList}</value>
<status status="PASS" start="2026-08-27T11:15:36.760763" elapsed="0.000613"/>
</for>
<arg>${SubStatType_PendingException}</arg>
<arg>${SettlementMthod_Cash}</arg>
<arg>@{cashflowList}</arg>
<status status="PASS" start="2026-08-27T11:15:36.760632" elapsed="0.000765"/>
</kw>
<doc>valid booking ! enity: 4 + valid counterparty + INO +  IRD/IRS -&gt; not pending netting
REQ: 2295160</doc>
<tag>SFMRPCCILNetting</tag>
<tag>SFMRPNetting</tag>
<tag>SFMRPNettingOnly</tag>
<tag>SFMRPRegression</tag>
<status status="PASS" start="2026-08-27T11:15:36.758919" elapsed="0.002538"/>
</test>
<test id="s1-s1-t9" name="CN-API-CCILNetting-SettleAsGross-011" line="358">
<kw name="Reset Backend State" owner="__import__" type="SETUP">
<kw name="Reset Backend State Impl" owner="ccil_backend">
<status status="PASS" start="2026-08-27T11:15:36.761846" elapsed="0.000038"/>
</kw>
<status status="PASS" start="2026-08-27T11:15:36.761751" elapsed="0.000154"/>
</kw>
<kw name="Comment" owner="BuiltIn">
<arg>******************** build guaranteed cashflows</arg>
<doc>Displays the given messages in the log file as keyword arguments.</doc>
<status status="PASS" start="2026-08-27T11:15:36.761968" elapsed="0.000094"/>
</kw>
<kw name="GenCashFlowCN" owner="ccil_backend">
<msg time="2026-08-27T11:15:36.762293" level="INFO">${guaranteedCf1} = 100000000001</msg>
<var>${guaranteedCf1}</var>
<arg>template=new</arg>
<arg>upstream=murex</arg>
<arg>isCredit=N</arg>
<arg>transactionFamily=${validFamily}</arg>
<arg>transactionGroup=${validGroup}</arg>
<arg>currency=${validCcy}</arg>
<arg>counterpartyFMID=${guaranteedCounterparty}</arg>
<arg>entityFMID=${validBookingEntity}</arg>
<status status="PASS" start="2026-08-27T11:15:36.762112" elapsed="0.000192"/>
</kw>
<kw name="Comment" owner="BuiltIn">
<arg>******************** build nonGuaranteed cashflows</arg>
<doc>Displays the given messages in the log file as keyword arguments.</doc>
<status status="PASS" start="2026-08-27T11:15:36.762365" elapsed="0.000071"/>
</kw>
<kw name="GenCashFlowCN" owner="ccil_backend">
<msg time="2026-08-27T11:15:36.762706" level="INFO">${nonGuaranteedCf1} = 100000000002</msg>
<var>${nonGuaranteedCf1}</var>
<arg>template=new</arg>
<arg>upstream=murex</arg>
<arg>isCredit=N</arg>
<arg>transactionFamily=${validFamily}</arg>
<arg>transactionGroup=${validGroup}</arg>
<arg>currency=${validCcy}</arg>
<arg>counterpartyFMID=${NonGuaranteedCounterparty}[0]</arg>
<arg>entityFMID=${validBookingEntity}</arg>
<status status="PASS" start="2026-08-27T11:15:36.762518" elapsed="0.000200"/>
</kw>
<kw name="Create List" owner="BuiltIn">
<msg time="2026-08-27T11:15:36.762921" level="INFO">@{cfList} = [ 100000000002 | 100000000001 ]</msg>
<var>@{cfList}</var>
<arg>${nonGuaranteedCf1}</arg>
<arg>${guaranteedCf1}</arg>
<doc>Returns a list containing given items.</doc>
<status status="PASS" start="2026-08-27T11:15:36.762783" elapsed="0.000151"/>
</kw>
<for flavor="IN">
<iter>
<kw name="WaitUntilCashflowToStatus" owner="ccil_backend">
<msg time="2026-08-27T11:15:36.763201" level="INFO">${response} = &lt;ccil_backend.Response object at 0x1023e42e0&gt;</msg>
<var>${response}</var>
<arg>cashflowId=${element}</arg>
<arg>${jPathInCfDetails_cfSubStatType}=${SubStatType_PendingAutoNetting}</arg>
<arg>${jPathInCfDetails_SettlementMethod}=${SettlementMthod_CCIL}</arg>
<status status="PASS" start="2026-08-27T11:15:36.763054" elapsed="0.000158"/>
</kw>
<kw name="RatanActions" owner="ccil_backend">
<arg>${element}</arg>
<arg>${response}</arg>
<arg>SettleAsGross</arg>
<status status="PASS" start="2026-08-27T11:15:36.763253" elapsed="0.000073"/>
</kw>
<kw name="WaitUntilCashflowToStatus" owner="ccil_backend">
<msg time="2026-08-27T11:15:36.763523" level="INFO">${response} = &lt;ccil_backend.Response object at 0x1023e4880&gt;</msg>
<var>${response}</var>
<arg>cashflowId=${element}</arg>
<arg>${QUERY_RESULT}.ratanException[?(@.Exception_Code\=\="Settled as gross")].Status=PENDING_OPERATOR</arg>
<arg>${QUERY_RESULT}.ratanException[?(@.Exception_Code\=\="Settled as gross")].Exception_Category=NSTP</arg>
<arg>${QUERY_RESULT}.cashflow.Cashflow.Cashflow_Sub_State_Type=Pending Exception</arg>
<status status="PASS" start="2026-08-27T11:15:36.763365" elapsed="0.000169"/>
</kw>
<var name="${element}">100000000002</var>
<status status="PASS" start="2026-08-27T11:15:36.763022" elapsed="0.000528"/>
</iter>
<iter>
<kw name="WaitUntilCashflowToStatus" owner="ccil_backend">
<msg time="2026-08-27T11:15:36.763758" level="INFO">${response} = &lt;ccil_backend.Response object at 0x1023e4640&gt;</msg>
<var>${response}</var>
<arg>cashflowId=${element}</arg>
<arg>${jPathInCfDetails_cfSubStatType}=${SubStatType_PendingAutoNetting}</arg>
<arg>${jPathInCfDetails_SettlementMethod}=${SettlementMthod_CCIL}</arg>
<status status="PASS" start="2026-08-27T11:15:36.763614" elapsed="0.000155"/>
</kw>
<kw name="RatanActions" owner="ccil_backend">
<arg>${element}</arg>
<arg>${response}</arg>
<arg>SettleAsGross</arg>
<status status="PASS" start="2026-08-27T11:15:36.763807" elapsed="0.000065"/>
</kw>
<kw name="WaitUntilCashflowToStatus" owner="ccil_backend">
<msg time="2026-08-27T11:15:36.764067" level="INFO">${response} = &lt;ccil_backend.Response object at 0x1023e03a0&gt;</msg>
<var>${response}</var>
<arg>cashflowId=${element}</arg>
<arg>${QUERY_RESULT}.ratanException[?(@.Exception_Code\=\="Settled as gross")].Status=PENDING_OPERATOR</arg>
<arg>${QUERY_RESULT}.ratanException[?(@.Exception_Code\=\="Settled as gross")].Exception_Category=NSTP</arg>
<arg>${QUERY_RESULT}.cashflow.Cashflow.Cashflow_Sub_State_Type=Pending Exception</arg>
<status status="PASS" start="2026-08-27T11:15:36.763914" elapsed="0.000164"/>
</kw>
<var name="${element}">100000000001</var>
<status status="PASS" start="2026-08-27T11:15:36.763583" elapsed="0.000511"/>
</iter>
<var>${element}</var>
<value>@{cfList}</value>
<status status="PASS" start="2026-08-27T11:15:36.762969" elapsed="0.001135"/>
</for>
<doc>Can do settle as gross for both NonGuaranteed and Guaranted cashflow
REQ: 4954820, 2295160</doc>
<tag>SettleAsGross</tag>
<tag>SFMRPCCILNetting</tag>
<tag>SFMRPNetting</tag>
<tag>SFMRPNettingOnly</tag>
<tag>SFMRPRegression</tag>
<status status="PASS" start="2026-08-27T11:15:36.761548" elapsed="0.002605"/>
</test>
<test id="s1-s1-t10" name="CN-API-CCILNetting-notAbleToNetDiffValueDate-012" line="388">
<kw name="Reset Backend State" owner="__import__" type="SETUP">
<kw name="Reset Backend State Impl" owner="ccil_backend">
<status status="PASS" start="2026-08-27T11:15:36.764485" elapsed="0.000034"/>
</kw>
<status status="PASS" start="2026-08-27T11:15:36.764402" elapsed="0.000135"/>
</kw>
<kw name="Get Current Date" owner="DateTime">
<msg time="2026-08-27T11:15:36.764680" level="INFO">${current_date} = 20260827</msg>
<var>${current_date}</var>
<arg>result_format=%Y%m%d</arg>
<doc>Returns current local or UTC time with an optional increment.</doc>
<status status="PASS" start="2026-08-27T11:15:36.764586" elapsed="0.000104"/>
</kw>
<kw name="Add Time To Date" owner="DateTime">
<msg time="2026-08-27T11:15:36.766137" level="INFO">${after_current_date} = 20260828</msg>
<var>${after_current_date}</var>
<arg>${current_date}</arg>
<arg>1days</arg>
<arg>result_format=%Y%m%d</arg>
<doc>Adds time to date and returns the resulting date.</doc>
<status status="PASS" start="2026-08-27T11:15:36.764746" elapsed="0.001415"/>
</kw>
<kw name="Comment" owner="BuiltIn">
<arg>******************** build guaranteed cashflows with diffrent valueDate</arg>
<doc>Displays the given messages in the log file as keyword arguments.</doc>
<status status="PASS" start="2026-08-27T11:15:36.766292" elapsed="0.000126"/>
</kw>
<kw name="GenCashFlowCN" owner="ccil_backend">
<msg time="2026-08-27T11:15:36.766741" level="INFO">${guaranteedCf1} = 100000000001</msg>
<var>${guaranteedCf1}</var>
<arg>template=new</arg>
<arg>upstream=murex</arg>
<arg>isCredit=N</arg>
<arg>transactionFamily=${validFamily}</arg>
<arg>transactionGroup=${validGroup}</arg>
<arg>currency=${validCcy}</arg>
<arg>counterpartyFMID=${guaranteedCounterparty}</arg>
<arg>entityFMID=${validBookingEntity}</arg>
<arg>valuedate=${current_date}</arg>
<status status="PASS" start="2026-08-27T11:15:36.766486" elapsed="0.000268"/>
</kw>
[...]
<arg>${SettlementMthod_CCIL}</arg>
<arg>@{cashflowList}</arg>
<status status="PASS" start="2026-08-27T11:15:36.825186" elapsed="0.000980"/>
</kw>
<status status="PASS" start="2026-08-27T11:15:36.825127" elapsed="0.001053"/>
</group>
<group name="user do CCIL netting">
<kw name="DoCCILNetting" owner="ccil_backend">
<msg time="2026-08-27T11:15:36.826344" level="INFO">${response} = &lt;ccil_backend.Response object at 0x10251c640&gt;</msg>
<msg time="2026-08-27T11:15:36.826365" level="INFO">${resultantCashflow} = 100000000005</msg>
<var>${response}</var>
<var>${resultantCashflow}</var>
<arg>@{cashflowList}</arg>
<status status="PASS" start="2026-08-27T11:15:36.826247" elapsed="0.000128"/>
</kw>
<status status="PASS" start="2026-08-27T11:15:36.826208" elapsed="0.000182"/>
</group>
<group name="Check CCIL Neting result">
<kw name="CheckCCILNettingResult" owner="ccil_checks">
<kw name="WaitUntilCashflowToStatus" owner="ccil_backend">
<msg time="2026-08-27T11:15:36.826879" level="INFO">${responseOfRstntCf} = &lt;ccil_backend.Response object at 0x10251b4c0&gt;</msg>
<var>${responseOfRstntCf}</var>
<arg>cashflowId=${resultantCf}</arg>
<arg>${excpInCfDetails_NetCashflow}=${excpCategory_OTHER}</arg>
<arg>${jPathInCfDetails_Amount}=${amount}</arg>
<arg>${jPathInCfDetails_PayReceiveIndicator}=${payAndRecive}</arg>
<arg>${jPathInCfDetails_CounterpartyFMID}=400021949</arg>
<arg>${jPathInCfDetails_cfSubStatType}=${SubStatType_PendingException}</arg>
<status status="PASS" start="2026-08-27T11:15:36.826632" elapsed="0.000261"/>
</kw>
<kw name="GetFieldValueFromCfDetails" owner="ccil_backend">
<msg time="2026-08-27T11:15:36.827023" level="INFO">${nettingIdOfRstntCf} = NET-00001</msg>
<var>${nettingIdOfRstntCf}</var>
<arg>${responseOfRstntCf}</arg>
<arg>${jPathInCfDetails_nettingId}</arg>
<status status="PASS" start="2026-08-27T11:15:36.826943" elapsed="0.000090"/>
</kw>
<kw name="Should Contain" owner="BuiltIn">
<arg>${nettingIdOfRstntCf}</arg>
<arg>NET-</arg>
<doc>Fails if ``container`` does not contain ``item`` one or more times.</doc>
<status status="PASS" start="2026-08-27T11:15:36.827074" elapsed="0.000114"/>
</kw>
<for flavor="IN">
<iter>
<kw name="WaitUntilCashflowToStatus" owner="ccil_backend">
<msg time="2026-08-27T11:15:36.827393" level="INFO">${response} = &lt;ccil_backend.Response object at 0x102542730&gt;</msg>
<var>${response}</var>
<arg>cashflowId=${element}</arg>
<arg>cashflowStatus=NETTED</arg>
<status status="PASS" start="2026-08-27T11:15:36.827302" elapsed="0.000102"/>
</kw>
<kw name="GetFieldValueFromCfDetails" owner="ccil_backend">
<msg time="2026-08-27T11:15:36.827521" level="INFO">${nettingId} = NET-00001</msg>
<var>${nettingId}</var>
<arg>${response}</arg>
<arg>${jPathInCfDetails_nettingId}</arg>
<status status="PASS" start="2026-08-27T11:15:36.827447" elapsed="0.000083"/>
</kw>
<kw name="Should Be Equal" owner="BuiltIn">
<arg>${nettingId}</arg>
<arg>${nettingIdOfRstntCf}</arg>
<doc>Fails if the given objects are unequal.</doc>
<status status="PASS" start="2026-08-27T11:15:36.827571" elapsed="0.000117"/>
</kw>
<var name="${element}">100000000002</var>
<status status="PASS" start="2026-08-27T11:15:36.827267" elapsed="0.000436"/>
</iter>
<iter>
<kw name="WaitUntilCashflowToStatus" owner="ccil_backend">
<msg time="2026-08-27T11:15:36.827867" level="INFO">${response} = &lt;ccil_backend.Response object at 0x102542a60&gt;</msg>
<var>${response}</var>
<arg>cashflowId=${element}</arg>
<arg>cashflowStatus=NETTED</arg>
<status status="PASS" start="2026-08-27T11:15:36.827775" elapsed="0.000104"/>
</kw>
<kw name="GetFieldValueFromCfDetails" owner="ccil_backend">
<msg time="2026-08-27T11:15:36.827997" level="INFO">${nettingId} = NET-00001</msg>
<var>${nettingId}</var>
<arg>${response}</arg>
<arg>${jPathInCfDetails_nettingId}</arg>
<status status="PASS" start="2026-08-27T11:15:36.827921" elapsed="0.000086"/>
</kw>
<kw name="Should Be Equal" owner="BuiltIn">
<arg>${nettingId}</arg>
<arg>${nettingIdOfRstntCf}</arg>
<doc>Fails if the given objects are unequal.</doc>
<status status="PASS" start="2026-08-27T11:15:36.828048" elapsed="0.000126"/>
</kw>
<var name="${element}">100000000003</var>
<status status="PASS" start="2026-08-27T11:15:36.827740" elapsed="0.000448"/>
</iter>
<iter>
<kw name="WaitUntilCashflowToStatus" owner="ccil_backend">
<msg time="2026-08-27T11:15:36.828351" level="INFO">${response} = &lt;ccil_backend.Response object at 0x10254f040&gt;</msg>
<var>${response}</var>
<arg>cashflowId=${element}</arg>
<arg>cashflowStatus=NETTED</arg>
<status status="PASS" start="2026-08-27T11:15:36.828257" elapsed="0.000106"/>
</kw>
<kw name="GetFieldValueFromCfDetails" owner="ccil_backend">
<msg time="2026-08-27T11:15:36.828501" level="INFO">${nettingId} = NET-00001</msg>
<var>${nettingId}</var>
<arg>${response}</arg>
<arg>${jPathInCfDetails_nettingId}</arg>
<status status="PASS" start="2026-08-27T11:15:36.828408" elapsed="0.000103"/>
</kw>
<kw name="Should Be Equal" owner="BuiltIn">
<arg>${nettingId}</arg>
<arg>${nettingIdOfRstntCf}</arg>
<doc>Fails if the given objects are unequal.</doc>
<status status="PASS" start="2026-08-27T11:15:36.828550" elapsed="0.000111"/>
</kw>
<var name="${element}">100000000004</var>
<status status="PASS" start="2026-08-27T11:15:36.828223" elapsed="0.000452"/>
</iter>
<var>${element}</var>
<value>@{componentCfList}</value>
<status status="PASS" start="2026-08-27T11:15:36.827208" elapsed="0.001500"/>
</for>
<return>
<value>${responseOfRstntCf}</value>
<status status="PASS" start="2026-08-27T11:15:36.828893" elapsed="0.000055"/>
</return>
<msg time="2026-08-27T11:15:36.829022" level="INFO">${response} = &lt;ccil_backend.Response object at 0x10251b4c0&gt;</msg>
<var>${response}</var>
<arg>${resultantCashflow}</arg>
<arg>0.01</arg>
<arg>${Receive}</arg>
<arg>@{cashflowList}</arg>
<status status="PASS" start="2026-08-27T11:15:36.826491" elapsed="0.002544"/>
</kw>
<status status="PASS" start="2026-08-27T11:15:36.826417" elapsed="0.002637"/>
</group>
<group name="user do swift suppress">
<kw name="CNSuppress" owner="ccil_backend">
<arg>${resultantCashflow}</arg>
<arg>${response}</arg>
<arg>ManualSwiftSuppress</arg>
<arg>Approve</arg>
<status status="PASS" start="2026-08-27T11:15:36.829145" elapsed="0.000087"/>
</kw>
<status status="PASS" start="2026-08-27T11:15:36.829098" elapsed="0.000153"/>
</group>
<group name="Then resultant cashflow: Swift_suppressed">
<kw name="WaitUntilCashflowToStatus" owner="ccil_backend">
<msg time="2026-08-27T11:15:36.829457" level="INFO">${response} = &lt;ccil_backend.Response object at 0x10254f730&gt;</msg>
<var>${response}</var>
<arg>cashflowId=${resultantCashflow}</arg>
<arg>cashflowStatus=SWIFT_SUPPRESSED</arg>
<status status="PASS" start="2026-08-27T11:15:36.829338" elapsed="0.000129"/>
</kw>
<status status="PASS" start="2026-08-27T11:15:36.829284" elapsed="0.000198"/>
</group>
<group name="Novation to Guaranteed counterparty">
<kw name="Generate Random String" owner="String">
<msg time="2026-08-27T11:15:36.829784" level="INFO">${amdmTradeId} = 86844857</msg>
<var>${amdmTradeId}</var>
<arg>length=8</arg>
<arg>chars=[NUMBERS]</arg>
<doc>Generates a string with a desired ``length`` from the given ``chars``.</doc>
<status status="PASS" start="2026-08-27T11:15:36.829672" elapsed="0.000125"/>
</kw>
<kw name="Log To Console" owner="BuiltIn">
<arg>\n***********amdmTradeId: ${amdmTradeId}</arg>
<doc>Logs the given message to the console.</doc>
<status status="PASS" start="2026-08-27T11:15:36.829859" elapsed="0.000133"/>
</kw>
<status status="PASS" start="2026-08-27T11:15:36.829561" elapsed="0.000446"/>
</group>
<group name="Withdraw NonGuaranteed cfs">
<kw name="UberCfGenerator" owner="ccil_backend">
<msg time="2026-08-27T11:15:36.830345" level="INFO">&amp;{returnDic} = { tradeId=86844857 | ccyCf=100000000002 }</msg>
<var>&amp;{returnDic}</var>
<arg>template=${StellaUber_InterestRate_CrossCurrency_FixedFloat_FloatLeg_Withdraw}</arg>
<arg>bookingEnityFMID=${validBookingEntity}</arg>
<arg>ctptyFMID=${NonGuaranteedCounterparty}[0]</arg>
<arg>payerParty=party2</arg>
<arg>receiverParty=party1</arg>
<arg>ccy1Amount=0.01</arg>
<arg>ccy1=${validCcy}</arg>
<arg>valueDate=${valuedate}</arg>
<arg>settlementMethod=${SettlementMthod_CCIL}</arg>
<arg>tradeId=${amdmTradeId}</arg>
<arg>ccyCfWithdraw=${cf1}</arg>
<status status="PASS" start="2026-08-27T11:15:36.830075" elapsed="0.000281"/>
</kw>
<kw name="UberCfGenerator" owner="ccil_backend">
<msg time="2026-08-27T11:15:36.830641" level="INFO">&amp;{returnDic} = { tradeId=86844857 | ccyCf=100000000003 }</msg>
<var>&amp;{returnDic}</var>
<arg>template=${StellaUber_InterestRate_CrossCurrency_FixedFloat_FloatLeg_Withdraw}</arg>
<arg>bookingEnityFMID=${validBookingEntity}</arg>
<arg>ctptyFMID=${NonGuaranteedCounterparty}[0]</arg>
<arg>payerParty=party2</arg>
<arg>receiverParty=party1</arg>
<arg>ccy1Amount=0.01</arg>
<arg>ccy1=${validCcy}</arg>
<arg>valueDate=${valuedate}</arg>
<arg>settlementMethod=${SettlementMthod_CCIL}</arg>
<arg>tradeId=${amdmTradeId}</arg>
<arg>ccyCfWithdraw=${cf2}</arg>
<status status="PASS" start="2026-08-27T11:15:36.830407" elapsed="0.000245"/>
</kw>
<kw name="UberCfGenerator" owner="ccil_backend">
<msg time="2026-08-27T11:15:36.830929" level="INFO">&amp;{returnDic} = { tradeId=86844857 | ccyCf=100000000004 }</msg>
<var>&amp;{returnDic}</var>
<arg>template=${StellaUber_InterestRate_CrossCurrency_FixedFloat_FloatLeg_Withdraw}</arg>
<arg>tradeId=${amdmTradeId}</arg>
<arg>ccyCfWithdraw=${cf3}</arg>
<arg>bookingEnityFMID=${validBookingEntity}</arg>
<arg>ctptyFMID=${NonGuaranteedCounterparty}[2]</arg>
<arg>payerParty=party1</arg>
<arg>receiverParty=party2</arg>
<arg>ccy1Amount=0.01</arg>
<arg>ccy1=${validCcy}</arg>
<arg>valueDate=${valuedate}</arg>
<arg>settlementMethod=${SettlementMthod_CCIL}</arg>
<status status="PASS" start="2026-08-27T11:15:36.830701" elapsed="0.000238"/>
</kw>
<status status="PASS" start="2026-08-27T11:15:36.830036" elapsed="0.000927"/>
</group>
<group name="Then auto unnet; cf1 / cf2 / cf3 cancelled, resultantCashflow dead">
<kw name="WaitUntilCashflowToStatus" owner="ccil_backend">
<msg time="2026-08-27T11:15:36.831527" level="INFO">${response} = &lt;ccil_backend.Response object at 0x1025531f0&gt;</msg>
<var>${response}</var>
<arg>cashflowId=${resultantCashflow}</arg>
<arg>cashflowStatus=DEAD</arg>
<status status="PASS" start="2026-08-27T11:15:36.831032" elapsed="0.000507"/>
</kw>
<for flavor="IN">
<iter>
<kw name="WaitUntilCashflowToStatus" owner="ccil_backend">
<msg time="2026-08-27T11:15:36.831739" level="INFO">${response} = &lt;ccil_backend.Response object at 0x10254f580&gt;</msg>
<var>${response}</var>
<arg>cashflowId=${element}</arg>
<arg>cashflowStatus=CANCELLED</arg>
<status status="PASS" start="2026-08-27T11:15:36.831651" elapsed="0.000098"/>
</kw>
<var name="${element}">100000000002</var>
<status status="PASS" start="2026-08-27T11:15:36.831619" elapsed="0.000144"/>
</iter>
<iter>
<kw name="WaitUntilCashflowToStatus" owner="ccil_backend">
<msg time="2026-08-27T11:15:36.831904" level="INFO">${response} = &lt;ccil_backend.Response object at 0x102542a90&gt;</msg>
<var>${response}</var>
<arg>cashflowId=${element}</arg>
<arg>cashflowStatus=CANCELLED</arg>
<status status="PASS" start="2026-08-27T11:15:36.831822" elapsed="0.000093"/>
</kw>
<var name="${element}">100000000003</var>
<status status="PASS" start="2026-08-27T11:15:36.831792" elapsed="0.000136"/>
</iter>
<iter>
<kw name="WaitUntilCashflowToStatus" owner="ccil_backend">
<msg time="2026-08-27T11:15:36.832066" level="INFO">${response} = &lt;ccil_backend.Response object at 0x102542e50&gt;</msg>
<var>${response}</var>
<arg>cashflowId=${element}</arg>
<arg>cashflowStatus=CANCELLED</arg>
<status status="PASS" start="2026-08-27T11:15:36.831985" elapsed="0.000091"/>
</kw>
<var name="${element}">100000000004</var>
<status status="PASS" start="2026-08-27T11:15:36.831956" elapsed="0.000134"/>
</iter>
<var>${element}</var>
<value>@{cashflowList}</value>
<status status="PASS" start="2026-08-27T11:15:36.831562" elapsed="0.000538"/>
</for>
<status status="PASS" start="2026-08-27T11:15:36.830998" elapsed="0.001113"/>
</group>
<group name="build Guaranteed cashflows">
<kw name="UberCfGenerator" owner="ccil_backend">
<msg time="2026-08-27T11:15:36.832389" level="INFO">&amp;{returnDic} = { tradeId=86844857 | ccyCf=100000000006 }</msg>
<var>&amp;{returnDic}</var>
<arg>template=${StellaUber_InterestRate_CrossCurrency_FixedFloat_FloatLeg}</arg>
<arg>bookingEnityFMID=${validBookingEntity}</arg>
<arg>ctptyFMID=${guaranteedCounterparty}</arg>
<arg>payerParty=party2</arg>
<arg>receiverParty=party1</arg>
<arg>ccy1Amount=0.01</arg>
<arg>ccy1=${validCcy}</arg>
<arg>valueDate=${valuedate}</arg>
<arg>settlementMethod=${SettlementMthod_CCIL}</arg>
<arg>tradeId=${amdmTradeId}</arg>
<status status="PASS" start="2026-08-27T11:15:36.832170" elapsed="0.000229"/>
</kw>
<kw name="Get From Dictionary" owner="Collections">
<msg time="2026-08-27T11:15:36.832521" level="INFO">${guaranteedCf1} = 100000000006</msg>
<var>${guaranteedCf1}</var>
<arg>${returnDic}</arg>
<arg>ccyCf</arg>
<doc>Returns a value from the given ``dictionary`` based on the given ``key``.</doc>
<status status="PASS" start="2026-08-27T11:15:36.832450" elapsed="0.000080"/>
</kw>
<kw name="UberCfGenerator" owner="ccil_backend">
<msg time="2026-08-27T11:15:36.832778" level="INFO">&amp;{returnDic} = { tradeId=86844857 | ccyCf=100000000007 }</msg>
<var>&amp;{returnDic}</var>
<arg>template=${StellaUber_InterestRate_CrossCurrency_FixedFloat_FloatLeg}</arg>
<arg>tradeId=${amdmTradeId}</arg>
<arg>bookingEnityFMID=${validBookingEntity}</arg>
<arg>ctptyFMID=${guaranteedCounterparty}</arg>
<arg>payerParty=party2</arg>
<arg>receiverParty=party1</arg>
<arg>ccy1Amount=0.01</arg>
<arg>ccy1=${validCcy}</arg>
<arg>valueDate=${valuedate}</arg>
<arg>settlementMethod=${SettlementMthod_CCIL}</arg>
<status status="PASS" start="2026-08-27T11:15:36.832570" elapsed="0.000241"/>
</kw>
<kw name="Get From Dictionary" owner="Collections">
<msg time="2026-08-27T11:15:36.832944" level="INFO">${guaranteedCf2} = 100000000007</msg>
<var>${guaranteedCf2}</var>
<arg>${returnDic}</arg>
<arg>ccyCf</arg>
<doc>Returns a value from the given ``dictionary`` based on the given ``key``.</doc>
<status status="PASS" start="2026-08-27T11:15:36.832868" elapsed="0.000087"/>
</kw>
<kw name="UberCfGenerator" owner="ccil_backend">
<msg time="2026-08-27T11:15:36.833202" level="INFO">&amp;{returnDic} = { tradeId=86844857 | ccyCf=100000000008 }</msg>
<var>&amp;{returnDic}</var>
<arg>template=${StellaUber_InterestRate_CrossCurrency_FixedFloat_FloatLeg}</arg>
<arg>tradeId=${amdmTradeId}</arg>
<arg>bookingEnityFMID=${validBookingEntity}</arg>
<arg>ctptyFMID=${guaranteedCounterparty}</arg>
<arg>payerParty=party1</arg>
<arg>receiverParty=party2</arg>
<arg>ccy1Amount=0.01</arg>
<arg>ccy1=${validCcy}</arg>
<arg>valueDate=${valuedate}</arg>
<arg>settlementMethod=${SettlementMthod_CCIL}</arg>
<status status="PASS" start="2026-08-27T11:15:36.832996" elapsed="0.000216"/>
</kw>
<kw name="Get From Dictionary" owner="Collections">
<msg time="2026-08-27T11:15:36.833344" level="INFO">${guaranteedCf3} = 100000000008</msg>
<var>${guaranteedCf3}</var>
<arg>${returnDic}</arg>
<arg>ccyCf</arg>
<doc>Returns a value from the given ``dictionary`` based on the given ``key``.</doc>
<status status="PASS" start="2026-08-27T11:15:36.833262" elapsed="0.000092"/>
</kw>
<kw name="Create List" owner="BuiltIn">
<msg time="2026-08-27T11:15:36.833534" level="INFO">@{amdmCashflowList} = [ 100000000006 | 100000000007 | 100000000008 ]</msg>
<var>@{amdmCashflowList}</var>
<arg>${guaranteedCf1}</arg>
<arg>${guaranteedCf2}</arg>
<arg>${guaranteedCf3}</arg>
<doc>Returns a list containing given items.</doc>
<status status="PASS" start="2026-08-27T11:15:36.833395" elapsed="0.000149"/>
</kw>
<status status="PASS" start="2026-08-27T11:15:36.832136" elapsed="0.001424"/>
</group>
<group name="Check Guaranteed cashflow: Pending Netting">
<kw name="CheckSettMethodAndSubStateTypeOfCf" owner="ccil_checks">
<for flavor="IN">
<iter>
<kw name="WaitUntilCashflowToStatus" owner="ccil_backend">
<msg time="2026-08-27T11:15:36.834031" level="INFO">${response} = &lt;ccil_backend.Response object at 0x10252fb80&gt;</msg>
<var>${response}</var>
<arg>cashflowId=${element}</arg>
<arg>${jPathInCfDetails_cfSubStatType}=${expectedSubStat}</arg>
<arg>${jPathInCfDetails_SettlementMethod}=${expectedSettMethod}</arg>
<status status="PASS" start="2026-08-27T11:15:36.833874" elapsed="0.000168"/>
</kw>
<var name="${element}">100000000006</var>
<status status="PASS" start="2026-08-27T11:15:36.833838" elapsed="0.000219"/>
</iter>
<iter>
<kw name="WaitUntilCashflowToStatus" owner="ccil_backend">
<msg time="2026-08-27T11:15:36.834259" level="INFO">${response} = &lt;ccil_backend.Response object at 0x10252f6a0&gt;</msg>
<var>${response}</var>
<arg>cashflowId=${element}</arg>
<arg>${jPathInCfDetails_cfSubStatType}=${expectedSubStat}</arg>
<arg>${jPathInCfDetails_SettlementMethod}=${expectedSettMethod}</arg>
<status status="PASS" start="2026-08-27T11:15:36.834116" elapsed="0.000153"/>
</kw>
<var name="${element}">100000000007</var>
<status status="PASS" start="2026-08-27T11:15:36.834086" elapsed="0.000197"/>
</iter>
<iter>
<kw name="WaitUntilCashflowToStatus" owner="ccil_backend">
<msg time="2026-08-27T11:15:36.834497" level="INFO">${response} = &lt;ccil_backend.Response object at 0x10251b820&gt;</msg>
<var>${response}</var>
<arg>cashflowId=${element}</arg>
<arg>${jPathInCfDetails_cfSubStatType}=${expectedSubStat}</arg>
<arg>${jPathInCfDetails_SettlementMethod}=${expectedSettMethod}</arg>
<status status="PASS" start="2026-08-27T11:15:36.834342" elapsed="0.000165"/>
</kw>
<var name="${element}">100000000008</var>
<status status="PASS" start="2026-08-27T11:15:36.834312" elapsed="0.000210"/>
</iter>
<var>${element}</var>
<value>@{cashflowList}</value>
<status status="PASS" start="2026-08-27T11:15:36.833784" elapsed="0.000748"/>
</for>
<arg>${SubStatType_PendingAutoNetting}</arg>
<arg>${SettlementMthod_CCIL}</arg>
<arg>@{amdmCashflowList}</arg>
<status status="PASS" start="2026-08-27T11:15:36.833650" elapsed="0.000902"/>
</kw>
<status status="PASS" start="2026-08-27T11:15:36.833586" elapsed="0.000978"/>
</group>
<doc>NonGuaranteed cashflow: Pending auto Netting + user do net + user do swift suppress to resultant cashflow
+ Novation to Guaranteed counterparty
          REQ: 2295160,11842002</doc>
<tag>REQ:11842002</tag>
<tag>robot:automation</tag>
<tag>SFMRPCCILNetting</tag>
<tag>SFMRPNetting</tag>
<tag>SFMRPNettingOnly</tag>
<tag>SFMRPRegression</tag>
<tag>uberPhase2</tag>
<status status="PASS" start="2026-08-27T11:15:36.823061" elapsed="0.011554"/>
</test>
<meta name="Author">Elena Wang</meta>
<status status="PASS" start="2026-08-27T11:15:36.821619" elapsed="0.013119"/>
</suite>
<status status="PASS" start="2026-08-27T11:15:36.681865" elapsed="0.153143"/>
</suite>
<statistics>
<total>
<stat pass="20" fail="0" skip="0">All Tests</stat>
</total>
<tag>
<stat pass="1" fail="0" skip="0">REQ:11842002</stat>
<stat pass="1" fail="0" skip="0">SettleAsGross</stat>
<stat pass="20" fail="0" skip="0">SFMRPCCILNetting</stat>
<stat pass="20" fail="0" skip="0">SFMRPNetting</stat>
<stat pass="20" fail="0" skip="0">SFMRPNettingOnly</stat>
<stat pass="20" fail="0" skip="0">SFMRPRegression</stat>
<stat pass="1" fail="0" skip="0">uberPhase2</stat>
</tag>
<suite>
<stat name="CN-API-CCILNetting script &amp; CN-API-Uber-CCILNetting script" id="s1" pass="20" fail="0" skip="0">CN-API-CCILNetting script &amp; CN-API-Uber-CCILNetting script</stat>
<stat name="CN-API-CCILNetting script" id="s1-s1" pass="19" fail="0" skip="0">CN-API-CCILNetting script &amp; CN-API-Uber-CCILNetting script.CN-API-CCILNetting script</stat>
<stat name="CN-API-Uber-CCILNetting script" id="s1-s2" pass="1" fail="0" skip="0">CN-API-CCILNetting script &amp; CN-API-Uber-CCILNetting script.CN-API-Uber-CCILNetting script</stat>
</suite>
</statistics>
<errors>
</errors>
</robot>
